2023-12-20 09:34:20.334 +05:30 [INF] Now listening on: https://localhost:7249
2023-12-20 09:34:20.383 +05:30 [INF] Now listening on: http://localhost:5189
2023-12-20 09:34:20.395 +05:30 [INF] Application started. Press Ctrl+C to shut down.
2023-12-20 09:34:20.397 +05:30 [INF] Hosting environment: Development
2023-12-20 09:34:20.397 +05:30 [INF] Content root path: C:\Users\Arularasi\Google Drive\MY FILES\Aspire Systems\Angular\Code\Application\Asp.Net Web API\Image Upload\FoodMenuApi\
2023-12-20 09:34:25.108 +05:30 [INF] Request starting HTTP/2 GET https://localhost:7249/swagger/index.html - -
2023-12-20 09:34:25.543 +05:30 [INF] Request finished HTTP/2 GET https://localhost:7249/swagger/index.html - - - 200 - text/html;charset=utf-8 440.6563ms
2023-12-20 09:34:25.662 +05:30 [INF] Request starting HTTP/2 GET https://localhost:7249/_framework/aspnetcore-browser-refresh.js - -
2023-12-20 09:34:25.666 +05:30 [INF] Request finished HTTP/2 GET https://localhost:7249/_framework/aspnetcore-browser-refresh.js - - - 200 11966 application/javascript;+charset=utf-8 3.5475ms
2023-12-20 09:34:26.331 +05:30 [INF] Request starting HTTP/2 GET https://localhost:7249/swagger/v1/swagger.json - -
2023-12-20 09:34:26.498 +05:30 [INF] Request finished HTTP/2 GET https://localhost:7249/swagger/v1/swagger.json - - - 200 - application/json;charset=utf-8 166.5222ms
2023-12-20 09:34:38.558 +05:30 [INF] Request starting HTTP/2 GET https://localhost:7249/api/Menu/Categories - -
2023-12-20 09:34:38.566 +05:30 [INF] CORS policy execution successful.
2023-12-20 09:34:38.572 +05:30 [INF] Executing endpoint 'FoodMenuApi.Controllers.MenuController.GetAllFoodCategoriesAsync (FoodMenuApi)'
2023-12-20 09:34:38.604 +05:30 [INF] Route matched with {action = "GetAllFoodCategories", controller = "Menu"}. Executing controller action with signature System.Threading.Tasks.Task`1[Microsoft.AspNetCore.Mvc.IActionResult] GetAllFoodCategoriesAsync() on controller FoodMenuApi.Controllers.MenuController (FoodMenuApi).
2023-12-20 09:34:47.870 +05:30 [INF] Executing OkObjectResult, writing value of type 'System.Collections.Generic.List`1[[FoodMenuApi.Models.FoodCategory, FoodMenuApi, Version=1.0.0.0, Culture=neutral, PublicKeyToken=null]]'.
2023-12-20 09:34:49.371 +05:30 [INF] Executed action FoodMenuApi.Controllers.MenuController.GetAllFoodCategoriesAsync (FoodMenuApi) in 10744.9925ms
2023-12-20 09:34:49.376 +05:30 [INF] Executed endpoint 'FoodMenuApi.Controllers.MenuController.GetAllFoodCategoriesAsync (FoodMenuApi)'
2023-12-20 09:34:49.383 +05:30 [INF] Request finished HTTP/2 GET https://localhost:7249/api/Menu/Categories - - - 200 - application/json;+charset=utf-8 10825.1153ms
2023-12-20 09:43:45.888 +05:30 [INF] Request starting HTTP/2 GET https://localhost:7249/api/Menu/Categories - -
2023-12-20 09:43:45.891 +05:30 [INF] CORS policy execution successful.
2023-12-20 09:43:45.891 +05:30 [INF] Executing endpoint 'FoodMenuApi.Controllers.MenuController.GetAllFoodCategoriesAsync (FoodMenuApi)'
2023-12-20 09:43:45.891 +05:30 [INF] Route matched with {action = "GetAllFoodCategories", controller = "Menu"}. Executing controller action with signature System.Threading.Tasks.Task`1[Microsoft.AspNetCore.Mvc.IActionResult] GetAllFoodCategoriesAsync() on controller FoodMenuApi.Controllers.MenuController (FoodMenuApi).
2023-12-20 09:43:49.500 +05:30 [INF] Executing OkObjectResult, writing value of type 'System.Collections.Generic.List`1[[FoodMenuApi.Models.FoodCategory, FoodMenuApi, Version=1.0.0.0, Culture=neutral, PublicKeyToken=null]]'.
2023-12-20 09:43:49.518 +05:30 [INF] Executed action FoodMenuApi.Controllers.MenuController.GetAllFoodCategoriesAsync (FoodMenuApi) in 3626.5043ms
2023-12-20 09:43:49.518 +05:30 [INF] Executed endpoint 'FoodMenuApi.Controllers.MenuController.GetAllFoodCategoriesAsync (FoodMenuApi)'
2023-12-20 09:43:49.519 +05:30 [INF] Request finished HTTP/2 GET https://localhost:7249/api/Menu/Categories - - - 200 - application/json;+charset=utf-8 3630.8165ms
2023-12-20 09:44:30.333 +05:30 [INF] Request starting HTTP/2 GET https://localhost:7249/api/Menu/Categories - -
2023-12-20 09:44:30.344 +05:30 [INF] CORS policy execution successful.
2023-12-20 09:44:30.345 +05:30 [INF] Executing endpoint 'FoodMenuApi.Controllers.MenuController.GetAllFoodCategoriesAsync (FoodMenuApi)'
2023-12-20 09:44:30.345 +05:30 [INF] Route matched with {action = "GetAllFoodCategories", controller = "Menu"}. Executing controller action with signature System.Threading.Tasks.Task`1[Microsoft.AspNetCore.Mvc.IActionResult] GetAllFoodCategoriesAsync() on controller FoodMenuApi.Controllers.MenuController (FoodMenuApi).
2023-12-20 09:44:30.989 +05:30 [INF] Executing OkObjectResult, writing value of type 'System.Collections.Generic.List`1[[FoodMenuApi.Models.FoodCategory, FoodMenuApi, Version=1.0.0.0, Culture=neutral, PublicKeyToken=null]]'.
2023-12-20 09:44:30.998 +05:30 [INF] Executed action FoodMenuApi.Controllers.MenuController.GetAllFoodCategoriesAsync (FoodMenuApi) in 653.0128ms
2023-12-20 09:44:30.999 +05:30 [INF] Executed endpoint 'FoodMenuApi.Controllers.MenuController.GetAllFoodCategoriesAsync (FoodMenuApi)'
2023-12-20 09:44:30.999 +05:30 [INF] Request finished HTTP/2 GET https://localhost:7249/api/Menu/Categories - - - 200 - application/json;+charset=utf-8 665.6049ms
2023-12-20 09:44:43.910 +05:30 [INF] Request starting HTTP/2 GET https://localhost:7249/api/Menu/Categories - -
2023-12-20 09:44:43.910 +05:30 [INF] CORS policy execution successful.
2023-12-20 09:44:43.911 +05:30 [INF] Executing endpoint 'FoodMenuApi.Controllers.MenuController.GetAllFoodCategoriesAsync (FoodMenuApi)'
2023-12-20 09:44:43.911 +05:30 [INF] Route matched with {action = "GetAllFoodCategories", controller = "Menu"}. Executing controller action with signature System.Threading.Tasks.Task`1[Microsoft.AspNetCore.Mvc.IActionResult] GetAllFoodCategoriesAsync() on controller FoodMenuApi.Controllers.MenuController (FoodMenuApi).
2023-12-20 09:44:43.926 +05:30 [INF] Executing OkObjectResult, writing value of type 'System.Collections.Generic.List`1[[FoodMenuApi.Models.FoodCategory, FoodMenuApi, Version=1.0.0.0, Culture=neutral, PublicKeyToken=null]]'.
2023-12-20 09:44:43.935 +05:30 [INF] Executed action FoodMenuApi.Controllers.MenuController.GetAllFoodCategoriesAsync (FoodMenuApi) in 23.7898ms
2023-12-20 09:44:43.935 +05:30 [INF] Executed endpoint 'FoodMenuApi.Controllers.MenuController.GetAllFoodCategoriesAsync (FoodMenuApi)'
2023-12-20 09:44:43.936 +05:30 [INF] Request finished HTTP/2 GET https://localhost:7249/api/Menu/Categories - - - 200 - application/json;+charset=utf-8 25.9312ms
2023-12-20 09:44:46.642 +05:30 [INF] Request starting HTTP/2 GET https://localhost:7249/api/Menu/8 - -
2023-12-20 09:44:46.643 +05:30 [INF] CORS policy execution successful.
2023-12-20 09:44:46.643 +05:30 [INF] Executing endpoint 'FoodMenuApi.Controllers.MenuController.GetFoodItemAsync (FoodMenuApi)'
2023-12-20 09:44:46.667 +05:30 [INF] Route matched with {action = "GetFoodItem", controller = "Menu"}. Executing controller action with signature System.Threading.Tasks.Task`1[Microsoft.AspNetCore.Mvc.IActionResult] GetFoodItemAsync(Int32) on controller FoodMenuApi.Controllers.MenuController (FoodMenuApi).
2023-12-20 09:44:47.204 +05:30 [INF] Executing OkObjectResult, writing value of type 'FoodMenuApi.Models.FoodItem'.
2023-12-20 09:44:47.205 +05:30 [INF] Executed action FoodMenuApi.Controllers.MenuController.GetFoodItemAsync (FoodMenuApi) in 537.9044ms
2023-12-20 09:44:47.205 +05:30 [INF] Executed endpoint 'FoodMenuApi.Controllers.MenuController.GetFoodItemAsync (FoodMenuApi)'
2023-12-20 09:44:47.205 +05:30 [INF] Request finished HTTP/2 GET https://localhost:7249/api/Menu/8 - - - 200 - application/json;+charset=utf-8 563.0167ms
2023-12-20 09:45:22.977 +05:30 [INF] Request starting HTTP/2 GET https://localhost:7249/api/Menu/Categories - -
2023-12-20 09:45:22.978 +05:30 [INF] CORS policy execution successful.
2023-12-20 09:45:22.978 +05:30 [INF] Executing endpoint 'FoodMenuApi.Controllers.MenuController.GetAllFoodCategoriesAsync (FoodMenuApi)'
2023-12-20 09:45:22.978 +05:30 [INF] Route matched with {action = "GetAllFoodCategories", controller = "Menu"}. Executing controller action with signature System.Threading.Tasks.Task`1[Microsoft.AspNetCore.Mvc.IActionResult] GetAllFoodCategoriesAsync() on controller FoodMenuApi.Controllers.MenuController (FoodMenuApi).
2023-12-20 09:45:23.022 +05:30 [INF] Executing OkObjectResult, writing value of type 'System.Collections.Generic.List`1[[FoodMenuApi.Models.FoodCategory, FoodMenuApi, Version=1.0.0.0, Culture=neutral, PublicKeyToken=null]]'.
2023-12-20 09:45:23.034 +05:30 [INF] Executed action FoodMenuApi.Controllers.MenuController.GetAllFoodCategoriesAsync (FoodMenuApi) in 55.5679ms
2023-12-20 09:45:23.034 +05:30 [INF] Executed endpoint 'FoodMenuApi.Controllers.MenuController.GetAllFoodCategoriesAsync (FoodMenuApi)'
2023-12-20 09:45:23.034 +05:30 [INF] Request finished HTTP/2 GET https://localhost:7249/api/Menu/Categories - - - 200 - application/json;+charset=utf-8 56.8653ms
2023-12-20 09:46:19.376 +05:30 [INF] Request starting HTTP/2 GET https://localhost:7249/api/Menu - -
2023-12-20 09:46:19.377 +05:30 [INF] Executing endpoint 'FoodMenuApi.Controllers.MenuController.GetAllFoodItemsAsync (FoodMenuApi)'
2023-12-20 09:46:19.380 +05:30 [INF] Route matched with {action = "GetAllFoodItems", controller = "Menu"}. Executing controller action with signature System.Threading.Tasks.Task`1[Microsoft.AspNetCore.Mvc.IActionResult] GetAllFoodItemsAsync() on controller FoodMenuApi.Controllers.MenuController (FoodMenuApi).
2023-12-20 09:46:19.415 +05:30 [INF] Executing OkObjectResult, writing value of type 'System.Collections.Generic.List`1[[FoodMenuApi.Models.FoodItem, FoodMenuApi, Version=1.0.0.0, Culture=neutral, PublicKeyToken=null]]'.
2023-12-20 09:46:19.417 +05:30 [INF] Executed action FoodMenuApi.Controllers.MenuController.GetAllFoodItemsAsync (FoodMenuApi) in 37.2241ms
2023-12-20 09:46:19.418 +05:30 [INF] Executed endpoint 'FoodMenuApi.Controllers.MenuController.GetAllFoodItemsAsync (FoodMenuApi)'
2023-12-20 09:46:19.418 +05:30 [INF] Request finished HTTP/2 GET https://localhost:7249/api/Menu - - - 200 - application/json;+charset=utf-8 41.4441ms
2023-12-20 11:18:01.829 +05:30 [INF] Request starting HTTP/1.1 GET https://localhost:7249/api/Menu/Categories/Desserts - -
2023-12-20 11:18:01.836 +05:30 [INF] Executing endpoint 'FoodMenuApi.Controllers.MenuController.GetFoodItemsByCategoryAsync (FoodMenuApi)'
2023-12-20 11:18:01.851 +05:30 [INF] Route matched with {action = "GetFoodItemsByCategory", controller = "Menu"}. Executing controller action with signature System.Threading.Tasks.Task`1[Microsoft.AspNetCore.Mvc.IActionResult] GetFoodItemsByCategoryAsync(System.String) on controller FoodMenuApi.Controllers.MenuController (FoodMenuApi).
2023-12-20 11:18:03.450 +05:30 [INF] Executing ObjectResult, writing value of type 'Microsoft.AspNetCore.Mvc.ProblemDetails'.
2023-12-20 11:18:03.489 +05:30 [INF] Executed action FoodMenuApi.Controllers.MenuController.GetFoodItemsByCategoryAsync (FoodMenuApi) in 1637.4818ms
2023-12-20 11:18:03.490 +05:30 [INF] Executed endpoint 'FoodMenuApi.Controllers.MenuController.GetFoodItemsByCategoryAsync (FoodMenuApi)'
2023-12-20 11:18:03.491 +05:30 [INF] Request finished HTTP/1.1 GET https://localhost:7249/api/Menu/Categories/Desserts - - - 404 - application/problem+json;+charset=utf-8 1662.1795ms
2023-12-20 11:54:55.445 +05:30 [INF] Executed DbCommand (44ms) [Parameters=[], CommandType='"Text"', CommandTimeout='30']
SELECT 1
2023-12-20 11:54:55.623 +05:30 [INF] Executed DbCommand (106ms) [Parameters=[], CommandType='"Text"', CommandTimeout='30']
SELECT OBJECT_ID(N'[__EFMigrationsHistory]');
2023-12-20 11:54:55.672 +05:30 [INF] Executed DbCommand (45ms) [Parameters=[], CommandType='"Text"', CommandTimeout='30']
SELECT 1
2023-12-20 11:54:55.695 +05:30 [INF] Executed DbCommand (23ms) [Parameters=[], CommandType='"Text"', CommandTimeout='30']
SELECT OBJECT_ID(N'[__EFMigrationsHistory]');
2023-12-20 11:54:55.793 +05:30 [INF] Executed DbCommand (67ms) [Parameters=[], CommandType='"Text"', CommandTimeout='30']
SELECT [MigrationId], [ProductVersion]
FROM [__EFMigrationsHistory]
ORDER BY [MigrationId];
2023-12-20 11:54:55.835 +05:30 [INF] Applying migration '20231220062433_isingallery'.
2023-12-20 11:54:57.185 +05:30 [INF] Executed DbCommand (1,095ms) [Parameters=[], CommandType='"Text"', CommandTimeout='30']
ALTER TABLE [FoodItems] ADD [IsInGallery] bit NOT NULL DEFAULT CAST(0 AS bit);
2023-12-20 11:54:57.219 +05:30 [INF] Executed DbCommand (33ms) [Parameters=[], CommandType='"Text"', CommandTimeout='30']
INSERT INTO [__EFMigrationsHistory] ([MigrationId], [ProductVersion])
VALUES (N'20231220062433_isingallery', N'7.0.4');
2023-12-20 12:59:05.729 +05:30 [INF] Now listening on: https://localhost:7249
2023-12-20 12:59:05.898 +05:30 [INF] Now listening on: http://localhost:5189
2023-12-20 12:59:05.910 +05:30 [INF] Application started. Press Ctrl+C to shut down.
2023-12-20 12:59:05.911 +05:30 [INF] Hosting environment: Development
2023-12-20 12:59:05.912 +05:30 [INF] Content root path: C:\Users\Arularasi\Google Drive\MY FILES\Aspire Systems\Angular\Code\Application\Asp.Net Web API\Image Upload\BackUp\20Dec2023\FoodMenuApi\
2023-12-20 12:59:14.722 +05:30 [INF] Request starting HTTP/2 GET https://localhost:7249/swagger/index.html - -
2023-12-20 12:59:17.916 +05:30 [INF] Request finished HTTP/2 GET https://localhost:7249/swagger/index.html - - - 200 - text/html;charset=utf-8 3249.1499ms
2023-12-20 12:59:18.966 +05:30 [INF] Request starting HTTP/2 GET https://localhost:7249/_framework/aspnetcore-browser-refresh.js - -
2023-12-20 12:59:18.970 +05:30 [INF] Request finished HTTP/2 GET https://localhost:7249/_framework/aspnetcore-browser-refresh.js - - - 200 11966 application/javascript;+charset=utf-8 4.1464ms
2023-12-20 12:59:21.179 +05:30 [INF] Request starting HTTP/2 GET https://localhost:7249/swagger/v1/swagger.json - -
2023-12-20 12:59:23.417 +05:30 [INF] Request finished HTTP/2 GET https://localhost:7249/swagger/v1/swagger.json - - - 200 - application/json;charset=utf-8 2238.1938ms
2023-12-20 13:10:06.934 +05:30 [INF] Request starting HTTP/2 POST https://localhost:7249/api/Menu multipart/form-data;+boundary=----WebKitFormBoundary2ZByI58d0Zhhc6Tg 67350
2023-12-20 13:10:07.144 +05:30 [INF] CORS policy execution successful.
2023-12-20 13:10:08.447 +05:30 [INF] Executing endpoint 'FoodMenuApi.Controllers.MenuController.AddFoodItemAsync (FoodMenuApi)'
2023-12-20 13:10:08.875 +05:30 [INF] Route matched with {action = "AddFoodItem", controller = "Menu"}. Executing controller action with signature System.Threading.Tasks.Task`1[Microsoft.AspNetCore.Mvc.IActionResult] AddFoodItemAsync(FoodMenuApi.Models.FoodItemRequest) on controller FoodMenuApi.Controllers.MenuController (FoodMenuApi).
2023-12-20 13:10:18.646 +05:30 [INF] Executing OkObjectResult, writing value of type 'FoodMenuApi.Models.FoodItem'.
2023-12-20 13:10:18.842 +05:30 [INF] Executed action FoodMenuApi.Controllers.MenuController.AddFoodItemAsync (FoodMenuApi) in 9950.1428ms
2023-12-20 13:10:18.877 +05:30 [INF] Executed endpoint 'FoodMenuApi.Controllers.MenuController.AddFoodItemAsync (FoodMenuApi)'
2023-12-20 13:10:18.884 +05:30 [INF] Request finished HTTP/2 POST https://localhost:7249/api/Menu multipart/form-data;+boundary=----WebKitFormBoundary2ZByI58d0Zhhc6Tg 67350 - 200 - application/json;+charset=utf-8 11950.5551ms
2023-12-20 13:14:18.506 +05:30 [INF] Application is shutting down...
2023-12-20 13:14:28.792 +05:30 [INF] Now listening on: https://localhost:7249
2023-12-20 13:14:28.865 +05:30 [INF] Now listening on: http://localhost:5189
2023-12-20 13:14:28.879 +05:30 [INF] Application started. Press Ctrl+C to shut down.
2023-12-20 13:14:28.880 +05:30 [INF] Hosting environment: Development
2023-12-20 13:14:28.881 +05:30 [INF] Content root path: C:\Users\Arularasi\Google Drive\MY FILES\Aspire Systems\Angular\Code\Application\Asp.Net Web API\Image Upload\FoodMenuApi\
2023-12-20 13:14:30.501 +05:30 [INF] Request starting HTTP/2 GET https://localhost:7249/swagger/index.html - -
2023-12-20 13:14:33.505 +05:30 [INF] Request finished HTTP/2 GET https://localhost:7249/swagger/index.html - - - 200 - text/html;charset=utf-8 3008.9942ms
2023-12-20 13:14:33.605 +05:30 [INF] Request starting HTTP/2 GET https://localhost:7249/_framework/aspnetcore-browser-refresh.js - -
2023-12-20 13:14:33.607 +05:30 [INF] Request finished HTTP/2 GET https://localhost:7249/_framework/aspnetcore-browser-refresh.js - - - 200 11966 application/javascript;+charset=utf-8 2.7223ms
2023-12-20 13:14:34.070 +05:30 [INF] Request starting HTTP/2 GET https://localhost:7249/swagger/v1/swagger.json - -
2023-12-20 13:14:34.288 +05:30 [INF] Request finished HTTP/2 GET https://localhost:7249/swagger/v1/swagger.json - - - 200 - application/json;charset=utf-8 217.9365ms
2023-12-20 13:14:44.762 +05:30 [INF] Request starting HTTP/2 GET https://localhost:7249/api/Menu/Gallery - -
2023-12-20 13:14:44.779 +05:30 [INF] Executing endpoint 'FoodMenuApi.Controllers.MenuController.GetGalleryItemsAsync (FoodMenuApi)'
2023-12-20 13:14:44.846 +05:30 [INF] Route matched with {action = "GetGalleryItems", controller = "Menu"}. Executing controller action with signature System.Threading.Tasks.Task`1[Microsoft.AspNetCore.Mvc.IActionResult] GetGalleryItemsAsync() on controller FoodMenuApi.Controllers.MenuController (FoodMenuApi).
2023-12-20 13:14:52.513 +05:30 [INF] Executing OkObjectResult, writing value of type 'System.Collections.Generic.List`1[[FoodMenuApi.Models.FoodItem, FoodMenuApi, Version=1.0.0.0, Culture=neutral, PublicKeyToken=null]]'.
2023-12-20 13:14:52.587 +05:30 [INF] Executed action FoodMenuApi.Controllers.MenuController.GetGalleryItemsAsync (FoodMenuApi) in 7729.0233ms
2023-12-20 13:14:52.589 +05:30 [INF] Executed endpoint 'FoodMenuApi.Controllers.MenuController.GetGalleryItemsAsync (FoodMenuApi)'
2023-12-20 13:14:52.594 +05:30 [INF] Request finished HTTP/2 GET https://localhost:7249/api/Menu/Gallery - - - 200 - application/json;+charset=utf-8 7831.1476ms
2023-12-20 13:28:32.613 +05:30 [INF] Now listening on: https://localhost:7249
2023-12-20 13:28:32.690 +05:30 [INF] Now listening on: http://localhost:5189
2023-12-20 13:28:32.702 +05:30 [INF] Application started. Press Ctrl+C to shut down.
2023-12-20 13:28:32.709 +05:30 [INF] Hosting environment: Development
2023-12-20 13:28:32.709 +05:30 [INF] Content root path: C:\Users\Arularasi\Google Drive\MY FILES\Aspire Systems\Angular\Code\Application\Asp.Net Web API\Image Upload\FoodMenuApi\
2023-12-20 13:28:32.824 +05:30 [INF] Request starting HTTP/2 GET https://localhost:7249/swagger/index.html - -
2023-12-20 13:28:33.090 +05:30 [INF] Request finished HTTP/2 GET https://localhost:7249/swagger/index.html - - - 200 - text/html;charset=utf-8 269.7051ms
2023-12-20 13:28:33.210 +05:30 [INF] Request starting HTTP/2 GET https://localhost:7249/_framework/aspnetcore-browser-refresh.js - -
2023-12-20 13:28:33.218 +05:30 [INF] Request finished HTTP/2 GET https://localhost:7249/_framework/aspnetcore-browser-refresh.js - - - 200 11966 application/javascript;+charset=utf-8 8.4317ms
2023-12-20 13:28:33.678 +05:30 [INF] Request starting HTTP/2 GET https://localhost:7249/swagger/v1/swagger.json - -
2023-12-20 13:28:33.805 +05:30 [INF] Request finished HTTP/2 GET https://localhost:7249/swagger/v1/swagger.json - - - 200 - application/json;charset=utf-8 126.4264ms
2023-12-20 13:28:52.535 +05:30 [INF] Request starting HTTP/2 GET https://localhost:7249/ - -
2023-12-20 13:28:52.539 +05:30 [INF] Request finished HTTP/2 GET https://localhost:7249/ - - - 404 0 - 3.5823ms
2023-12-20 13:28:59.537 +05:30 [INF] Request starting HTTP/2 GET https://localhost:7249/swagger/index.html - -
2023-12-20 13:28:59.542 +05:30 [INF] Request finished HTTP/2 GET https://localhost:7249/swagger/index.html - - - 200 - text/html;charset=utf-8 4.3570ms
2023-12-20 13:28:59.585 +05:30 [INF] Request starting HTTP/2 GET https://localhost:7249/_framework/aspnetcore-browser-refresh.js - -
2023-12-20 13:28:59.586 +05:30 [INF] Request finished HTTP/2 GET https://localhost:7249/_framework/aspnetcore-browser-refresh.js - - - 200 11966 application/javascript;+charset=utf-8 0.4740ms
2023-12-20 13:29:00.041 +05:30 [INF] Request starting HTTP/2 GET https://localhost:7249/swagger/v1/swagger.json - -
2023-12-20 13:29:00.047 +05:30 [INF] Request finished HTTP/2 GET https://localhost:7249/swagger/v1/swagger.json - - - 200 - application/json;charset=utf-8 5.7522ms
2023-12-20 13:29:06.448 +05:30 [INF] Request starting HTTP/2 GET https://localhost:7249/api/Menu - -
2023-12-20 13:29:06.454 +05:30 [INF] Executing endpoint 'FoodMenuApi.Controllers.MenuController.GetAllFoodItemsAsync (FoodMenuApi)'
2023-12-20 13:29:06.507 +05:30 [INF] Route matched with {action = "GetAllFoodItems", controller = "Menu"}. Executing controller action with signature System.Threading.Tasks.Task`1[Microsoft.AspNetCore.Mvc.IActionResult] GetAllFoodItemsAsync() on controller FoodMenuApi.Controllers.MenuController (FoodMenuApi).
2023-12-20 13:29:11.335 +05:30 [INF] Executing OkObjectResult, writing value of type 'System.Collections.Generic.List`1[[FoodMenuApi.Models.FoodItem, FoodMenuApi, Version=1.0.0.0, Culture=neutral, PublicKeyToken=null]]'.
2023-12-20 13:29:11.468 +05:30 [INF] Executed action FoodMenuApi.Controllers.MenuController.GetAllFoodItemsAsync (FoodMenuApi) in 4949.8549ms
2023-12-20 13:29:11.470 +05:30 [INF] Executed endpoint 'FoodMenuApi.Controllers.MenuController.GetAllFoodItemsAsync (FoodMenuApi)'
2023-12-20 13:29:11.474 +05:30 [INF] Request finished HTTP/2 GET https://localhost:7249/api/Menu - - - 200 - application/json;+charset=utf-8 5025.6759ms
2023-12-20 19:50:03.073 +05:30 [INF] Request starting HTTP/2 GET https://localhost:7249/_framework/aspnetcore-browser-refresh.js - -
2023-12-20 19:50:03.234 +05:30 [INF] Request finished HTTP/2 GET https://localhost:7249/_framework/aspnetcore-browser-refresh.js - - - 200 11966 application/javascript;+charset=utf-8 177.0535ms
2023-12-20 19:50:03.462 +05:30 [INF] Request starting HTTP/2 GET https://localhost:7249/swagger/v1/swagger.json - -
2023-12-20 19:50:05.208 +05:30 [INF] Request finished HTTP/2 GET https://localhost:7249/swagger/v1/swagger.json - - - 200 - application/json;charset=utf-8 1745.7764ms
2023-12-20 20:33:07.365 +05:30 [INF] Request starting HTTP/2 GET https://localhost:7249/api/Menu/Categories - -
2023-12-20 20:33:09.628 +05:30 [INF] CORS policy execution successful.
2023-12-20 20:33:09.929 +05:30 [INF] Executing endpoint 'FoodMenuApi.Controllers.MenuController.GetAllFoodCategoriesAsync (FoodMenuApi)'
2023-12-20 20:33:10.741 +05:30 [INF] Route matched with {action = "GetAllFoodCategories", controller = "Menu"}. Executing controller action with signature System.Threading.Tasks.Task`1[Microsoft.AspNetCore.Mvc.IActionResult] GetAllFoodCategoriesAsync() on controller FoodMenuApi.Controllers.MenuController (FoodMenuApi).
2023-12-20 20:33:14.845 +05:30 [INF] Executing OkObjectResult, writing value of type 'System.Collections.Generic.List`1[[FoodMenuApi.Models.FoodCategory, FoodMenuApi, Version=1.0.0.0, Culture=neutral, PublicKeyToken=null]]'.
2023-12-20 20:33:15.527 +05:30 [INF] Executed action FoodMenuApi.Controllers.MenuController.GetAllFoodCategoriesAsync (FoodMenuApi) in 4784.9916ms
2023-12-20 20:33:15.527 +05:30 [INF] Executed endpoint 'FoodMenuApi.Controllers.MenuController.GetAllFoodCategoriesAsync (FoodMenuApi)'
2023-12-20 20:33:15.543 +05:30 [INF] Request finished HTTP/2 GET https://localhost:7249/api/Menu/Categories - - - 0 - application/json;+charset=utf-8 8178.2003ms
2023-12-20 20:33:40.422 +05:30 [INF] Request starting HTTP/2 GET https://localhost:7249/api/Menu/Categories - -
2023-12-20 20:33:40.424 +05:30 [INF] CORS policy execution successful.
2023-12-20 20:33:40.425 +05:30 [INF] Executing endpoint 'FoodMenuApi.Controllers.MenuController.GetAllFoodCategoriesAsync (FoodMenuApi)'
2023-12-20 20:33:40.425 +05:30 [INF] Route matched with {action = "GetAllFoodCategories", controller = "Menu"}. Executing controller action with signature System.Threading.Tasks.Task`1[Microsoft.AspNetCore.Mvc.IActionResult] GetAllFoodCategoriesAsync() on controller FoodMenuApi.Controllers.MenuController (FoodMenuApi).
2023-12-20 20:33:40.788 +05:30 [INF] Executing OkObjectResult, writing value of type 'System.Collections.Generic.List`1[[FoodMenuApi.Models.FoodCategory, FoodMenuApi, Version=1.0.0.0, Culture=neutral, PublicKeyToken=null]]'.
2023-12-20 20:33:40.836 +05:30 [INF] Executed action FoodMenuApi.Controllers.MenuController.GetAllFoodCategoriesAsync (FoodMenuApi) in 410.687ms
2023-12-20 20:33:40.836 +05:30 [INF] Executed endpoint 'FoodMenuApi.Controllers.MenuController.GetAllFoodCategoriesAsync (FoodMenuApi)'
2023-12-20 20:33:40.836 +05:30 [INF] Request finished HTTP/2 GET https://localhost:7249/api/Menu/Categories - - - 200 - application/json;+charset=utf-8 414.3663ms
2023-12-20 20:36:12.864 +05:30 [INF] Request starting HTTP/2 GET https://localhost:7249/api/Menu/Categories - -
2023-12-20 20:36:12.864 +05:30 [INF] CORS policy execution successful.
2023-12-20 20:36:12.864 +05:30 [INF] Executing endpoint 'FoodMenuApi.Controllers.MenuController.GetAllFoodCategoriesAsync (FoodMenuApi)'
2023-12-20 20:36:12.865 +05:30 [INF] Route matched with {action = "GetAllFoodCategories", controller = "Menu"}. Executing controller action with signature System.Threading.Tasks.Task`1[Microsoft.AspNetCore.Mvc.IActionResult] GetAllFoodCategoriesAsync() on controller FoodMenuApi.Controllers.MenuController (FoodMenuApi).
2023-12-20 20:36:13.126 +05:30 [INF] Executing OkObjectResult, writing value of type 'System.Collections.Generic.List`1[[FoodMenuApi.Models.FoodCategory, FoodMenuApi, Version=1.0.0.0, Culture=neutral, PublicKeyToken=null]]'.
2023-12-20 20:36:13.143 +05:30 [INF] Executed action FoodMenuApi.Controllers.MenuController.GetAllFoodCategoriesAsync (FoodMenuApi) in 278.6426ms
2023-12-20 20:36:13.143 +05:30 [INF] Executed endpoint 'FoodMenuApi.Controllers.MenuController.GetAllFoodCategoriesAsync (FoodMenuApi)'
2023-12-20 20:36:13.144 +05:30 [INF] Request finished HTTP/2 GET https://localhost:7249/api/Menu/Categories - - - 200 - application/json;+charset=utf-8 279.6940ms
2023-12-20 20:38:04.266 +05:30 [INF] Request starting HTTP/2 GET https://localhost:7249/api/Menu/Categories - -
2023-12-20 20:38:04.266 +05:30 [INF] CORS policy execution successful.
2023-12-20 20:38:04.266 +05:30 [INF] Executing endpoint 'FoodMenuApi.Controllers.MenuController.GetAllFoodCategoriesAsync (FoodMenuApi)'
2023-12-20 20:38:04.267 +05:30 [INF] Route matched with {action = "GetAllFoodCategories", controller = "Menu"}. Executing controller action with signature System.Threading.Tasks.Task`1[Microsoft.AspNetCore.Mvc.IActionResult] GetAllFoodCategoriesAsync() on controller FoodMenuApi.Controllers.MenuController (FoodMenuApi).
2023-12-20 20:38:04.285 +05:30 [INF] Executing OkObjectResult, writing value of type 'System.Collections.Generic.List`1[[FoodMenuApi.Models.FoodCategory, FoodMenuApi, Version=1.0.0.0, Culture=neutral, PublicKeyToken=null]]'.
2023-12-20 20:38:04.293 +05:30 [INF] Executed action FoodMenuApi.Controllers.MenuController.GetAllFoodCategoriesAsync (FoodMenuApi) in 26.3328ms
2023-12-20 20:38:04.293 +05:30 [INF] Executed endpoint 'FoodMenuApi.Controllers.MenuController.GetAllFoodCategoriesAsync (FoodMenuApi)'
2023-12-20 20:38:04.293 +05:30 [INF] Request finished HTTP/2 GET https://localhost:7249/api/Menu/Categories - - - 200 - application/json;+charset=utf-8 27.4944ms
2023-12-20 20:38:41.461 +05:30 [INF] Request starting HTTP/2 GET https://localhost:7249/api/Menu/Categories - -
2023-12-20 20:38:41.461 +05:30 [INF] CORS policy execution successful.
2023-12-20 20:38:41.461 +05:30 [INF] Executing endpoint 'FoodMenuApi.Controllers.MenuController.GetAllFoodCategoriesAsync (FoodMenuApi)'
2023-12-20 20:38:41.461 +05:30 [INF] Route matched with {action = "GetAllFoodCategories", controller = "Menu"}. Executing controller action with signature System.Threading.Tasks.Task`1[Microsoft.AspNetCore.Mvc.IActionResult] GetAllFoodCategoriesAsync() on controller FoodMenuApi.Controllers.MenuController (FoodMenuApi).
2023-12-20 20:38:41.760 +05:30 [INF] Executing OkObjectResult, writing value of type 'System.Collections.Generic.List`1[[FoodMenuApi.Models.FoodCategory, FoodMenuApi, Version=1.0.0.0, Culture=neutral, PublicKeyToken=null]]'.
2023-12-20 20:38:41.764 +05:30 [INF] Executed action FoodMenuApi.Controllers.MenuController.GetAllFoodCategoriesAsync (FoodMenuApi) in 302.6699ms
2023-12-20 20:38:41.764 +05:30 [INF] Executed endpoint 'FoodMenuApi.Controllers.MenuController.GetAllFoodCategoriesAsync (FoodMenuApi)'
2023-12-20 20:38:41.764 +05:30 [INF] Request finished HTTP/2 GET https://localhost:7249/api/Menu/Categories - - - 200 - application/json;+charset=utf-8 303.5180ms
2023-12-20 20:38:53.261 +05:30 [INF] Request starting HTTP/2 GET https://localhost:7249/api/Menu/Gallery - -
2023-12-20 20:38:53.261 +05:30 [INF] CORS policy execution successful.
2023-12-20 20:38:54.819 +05:30 [INF] Executing endpoint 'FoodMenuApi.Controllers.MenuController.GetGalleryItemsAsync (FoodMenuApi)'
2023-12-20 20:38:54.823 +05:30 [INF] Route matched with {action = "GetGalleryItems", controller = "Menu"}. Executing controller action with signature System.Threading.Tasks.Task`1[Microsoft.AspNetCore.Mvc.IActionResult] GetGalleryItemsAsync() on controller FoodMenuApi.Controllers.MenuController (FoodMenuApi).
2023-12-20 20:38:55.062 +05:30 [INF] Executing OkObjectResult, writing value of type 'System.Collections.Generic.List`1[[FoodMenuApi.Models.FoodItem, FoodMenuApi, Version=1.0.0.0, Culture=neutral, PublicKeyToken=null]]'.
2023-12-20 20:38:55.063 +05:30 [INF] Executed action FoodMenuApi.Controllers.MenuController.GetGalleryItemsAsync (FoodMenuApi) in 240.6069ms
2023-12-20 20:38:55.063 +05:30 [INF] Executed endpoint 'FoodMenuApi.Controllers.MenuController.GetGalleryItemsAsync (FoodMenuApi)'
2023-12-20 20:38:55.063 +05:30 [INF] Request finished HTTP/2 GET https://localhost:7249/api/Menu/Gallery - - - 200 - application/json;+charset=utf-8 1802.7226ms
2023-12-20 20:39:29.148 +05:30 [INF] Request starting HTTP/2 GET https://localhost:7249/api/Menu/Gallery - -
2023-12-20 20:39:29.148 +05:30 [INF] Executing endpoint 'FoodMenuApi.Controllers.MenuController.GetGalleryItemsAsync (FoodMenuApi)'
2023-12-20 20:39:29.148 +05:30 [INF] Route matched with {action = "GetGalleryItems", controller = "Menu"}. Executing controller action with signature System.Threading.Tasks.Task`1[Microsoft.AspNetCore.Mvc.IActionResult] GetGalleryItemsAsync() on controller FoodMenuApi.Controllers.MenuController (FoodMenuApi).
2023-12-20 20:39:29.325 +05:30 [INF] Executing OkObjectResult, writing value of type 'System.Collections.Generic.List`1[[FoodMenuApi.Models.FoodItem, FoodMenuApi, Version=1.0.0.0, Culture=neutral, PublicKeyToken=null]]'.
2023-12-20 20:39:29.327 +05:30 [INF] Executed action FoodMenuApi.Controllers.MenuController.GetGalleryItemsAsync (FoodMenuApi) in 178.4112ms
2023-12-20 20:39:29.327 +05:30 [INF] Executed endpoint 'FoodMenuApi.Controllers.MenuController.GetGalleryItemsAsync (FoodMenuApi)'
2023-12-20 20:39:29.327 +05:30 [INF] Request finished HTTP/2 GET https://localhost:7249/api/Menu/Gallery - - - 200 - application/json;+charset=utf-8 179.1638ms
2023-12-20 20:40:03.791 +05:30 [INF] Request starting HTTP/2 GET https://localhost:7249/api/Menu/Gallery - -
2023-12-20 20:40:03.792 +05:30 [INF] CORS policy execution successful.
2023-12-20 20:40:03.792 +05:30 [INF] Executing endpoint 'FoodMenuApi.Controllers.MenuController.GetGalleryItemsAsync (FoodMenuApi)'
2023-12-20 20:40:03.792 +05:30 [INF] Route matched with {action = "GetGalleryItems", controller = "Menu"}. Executing controller action with signature System.Threading.Tasks.Task`1[Microsoft.AspNetCore.Mvc.IActionResult] GetGalleryItemsAsync() on controller FoodMenuApi.Controllers.MenuController (FoodMenuApi).
2023-12-20 20:40:03.798 +05:30 [INF] Executing OkObjectResult, writing value of type 'System.Collections.Generic.List`1[[FoodMenuApi.Models.FoodItem, FoodMenuApi, Version=1.0.0.0, Culture=neutral, PublicKeyToken=null]]'.
2023-12-20 20:40:03.800 +05:30 [INF] Executed action FoodMenuApi.Controllers.MenuController.GetGalleryItemsAsync (FoodMenuApi) in 7.5518ms
2023-12-20 20:40:03.800 +05:30 [INF] Executed endpoint 'FoodMenuApi.Controllers.MenuController.GetGalleryItemsAsync (FoodMenuApi)'
2023-12-20 20:40:03.800 +05:30 [INF] Request finished HTTP/2 GET https://localhost:7249/api/Menu/Gallery - - - 200 - application/json;+charset=utf-8 8.4136ms
2023-12-20 20:41:51.370 +05:30 [INF] Request starting HTTP/2 GET https://localhost:7249/api/Menu/Gallery - -
2023-12-20 20:41:51.370 +05:30 [INF] CORS policy execution successful.
2023-12-20 20:41:51.370 +05:30 [INF] Executing endpoint 'FoodMenuApi.Controllers.MenuController.GetGalleryItemsAsync (FoodMenuApi)'
2023-12-20 20:41:51.370 +05:30 [INF] Route matched with {action = "GetGalleryItems", controller = "Menu"}. Executing controller action with signature System.Threading.Tasks.Task`1[Microsoft.AspNetCore.Mvc.IActionResult] GetGalleryItemsAsync() on controller FoodMenuApi.Controllers.MenuController (FoodMenuApi).
2023-12-20 20:41:51.375 +05:30 [INF] Executing OkObjectResult, writing value of type 'System.Collections.Generic.List`1[[FoodMenuApi.Models.FoodItem, FoodMenuApi, Version=1.0.0.0, Culture=neutral, PublicKeyToken=null]]'.
2023-12-20 20:41:51.376 +05:30 [INF] Executed action FoodMenuApi.Controllers.MenuController.GetGalleryItemsAsync (FoodMenuApi) in 5.9222ms
2023-12-20 20:41:51.376 +05:30 [INF] Executed endpoint 'FoodMenuApi.Controllers.MenuController.GetGalleryItemsAsync (FoodMenuApi)'
2023-12-20 20:41:51.376 +05:30 [INF] Request finished HTTP/2 GET https://localhost:7249/api/Menu/Gallery - - - 200 - application/json;+charset=utf-8 6.8348ms
2023-12-20 20:41:55.038 +05:30 [INF] Request starting HTTP/2 GET https://localhost:7249/api/Menu/Gallery - -
2023-12-20 20:41:55.038 +05:30 [INF] CORS policy execution successful.
2023-12-20 20:41:55.038 +05:30 [INF] Executing endpoint 'FoodMenuApi.Controllers.MenuController.GetGalleryItemsAsync (FoodMenuApi)'
2023-12-20 20:41:55.038 +05:30 [INF] Route matched with {action = "GetGalleryItems", controller = "Menu"}. Executing controller action with signature System.Threading.Tasks.Task`1[Microsoft.AspNetCore.Mvc.IActionResult] GetGalleryItemsAsync() on controller FoodMenuApi.Controllers.MenuController (FoodMenuApi).
2023-12-20 20:41:55.047 +05:30 [INF] Executing OkObjectResult, writing value of type 'System.Collections.Generic.List`1[[FoodMenuApi.Models.FoodItem, FoodMenuApi, Version=1.0.0.0, Culture=neutral, PublicKeyToken=null]]'.
2023-12-20 20:41:55.047 +05:30 [INF] Executed action FoodMenuApi.Controllers.MenuController.GetGalleryItemsAsync (FoodMenuApi) in 9.2734ms
2023-12-20 20:41:55.047 +05:30 [INF] Executed endpoint 'FoodMenuApi.Controllers.MenuController.GetGalleryItemsAsync (FoodMenuApi)'
2023-12-20 20:41:55.048 +05:30 [INF] Request finished HTTP/2 GET https://localhost:7249/api/Menu/Gallery - - - 200 - application/json;+charset=utf-8 9.9421ms
2023-12-20 20:41:58.233 +05:30 [INF] Request starting HTTP/2 GET https://localhost:7249/api/Menu/Categories - -
2023-12-20 20:41:58.233 +05:30 [INF] CORS policy execution successful.
2023-12-20 20:41:58.233 +05:30 [INF] Executing endpoint 'FoodMenuApi.Controllers.MenuController.GetAllFoodCategoriesAsync (FoodMenuApi)'
2023-12-20 20:41:58.234 +05:30 [INF] Route matched with {action = "GetAllFoodCategories", controller = "Menu"}. Executing controller action with signature System.Threading.Tasks.Task`1[Microsoft.AspNetCore.Mvc.IActionResult] GetAllFoodCategoriesAsync() on controller FoodMenuApi.Controllers.MenuController (FoodMenuApi).
2023-12-20 20:41:58.796 +05:30 [INF] Executing OkObjectResult, writing value of type 'System.Collections.Generic.List`1[[FoodMenuApi.Models.FoodCategory, FoodMenuApi, Version=1.0.0.0, Culture=neutral, PublicKeyToken=null]]'.
2023-12-20 20:41:58.805 +05:30 [INF] Executed action FoodMenuApi.Controllers.MenuController.GetAllFoodCategoriesAsync (FoodMenuApi) in 571.5706ms
2023-12-20 20:41:58.805 +05:30 [INF] Executed endpoint 'FoodMenuApi.Controllers.MenuController.GetAllFoodCategoriesAsync (FoodMenuApi)'
2023-12-20 20:41:58.806 +05:30 [INF] Request finished HTTP/2 GET https://localhost:7249/api/Menu/Categories - - - 200 - application/json;+charset=utf-8 572.4788ms
2023-12-20 20:42:03.614 +05:30 [INF] Request starting HTTP/2 GET https://localhost:7249/api/Menu/Gallery - -
2023-12-20 20:42:03.614 +05:30 [INF] CORS policy execution successful.
2023-12-20 20:42:03.614 +05:30 [INF] Executing endpoint 'FoodMenuApi.Controllers.MenuController.GetGalleryItemsAsync (FoodMenuApi)'
2023-12-20 20:42:03.614 +05:30 [INF] Route matched with {action = "GetGalleryItems", controller = "Menu"}. Executing controller action with signature System.Threading.Tasks.Task`1[Microsoft.AspNetCore.Mvc.IActionResult] GetGalleryItemsAsync() on controller FoodMenuApi.Controllers.MenuController (FoodMenuApi).
2023-12-20 20:42:03.704 +05:30 [INF] Executing OkObjectResult, writing value of type 'System.Collections.Generic.List`1[[FoodMenuApi.Models.FoodItem, FoodMenuApi, Version=1.0.0.0, Culture=neutral, PublicKeyToken=null]]'.
2023-12-20 20:42:03.705 +05:30 [INF] Executed action FoodMenuApi.Controllers.MenuController.GetGalleryItemsAsync (FoodMenuApi) in 90.752ms
2023-12-20 20:42:03.705 +05:30 [INF] Executed endpoint 'FoodMenuApi.Controllers.MenuController.GetGalleryItemsAsync (FoodMenuApi)'
2023-12-20 20:42:03.706 +05:30 [INF] Request finished HTTP/2 GET https://localhost:7249/api/Menu/Gallery - - - 200 - application/json;+charset=utf-8 91.8069ms
2023-12-20 20:44:01.989 +05:30 [INF] Request starting HTTP/2 GET https://localhost:7249/api/Menu - -
2023-12-20 20:44:01.990 +05:30 [INF] Executing endpoint 'FoodMenuApi.Controllers.MenuController.GetAllFoodItemsAsync (FoodMenuApi)'
2023-12-20 20:44:01.990 +05:30 [INF] Route matched with {action = "GetAllFoodItems", controller = "Menu"}. Executing controller action with signature System.Threading.Tasks.Task`1[Microsoft.AspNetCore.Mvc.IActionResult] GetAllFoodItemsAsync() on controller FoodMenuApi.Controllers.MenuController (FoodMenuApi).
2023-12-20 20:44:01.999 +05:30 [INF] Executing OkObjectResult, writing value of type 'System.Collections.Generic.List`1[[FoodMenuApi.Models.FoodItem, FoodMenuApi, Version=1.0.0.0, Culture=neutral, PublicKeyToken=null]]'.
2023-12-20 20:44:02.002 +05:30 [INF] Executed action FoodMenuApi.Controllers.MenuController.GetAllFoodItemsAsync (FoodMenuApi) in 11.8945ms
2023-12-20 20:44:02.002 +05:30 [INF] Executed endpoint 'FoodMenuApi.Controllers.MenuController.GetAllFoodItemsAsync (FoodMenuApi)'
2023-12-20 20:44:02.004 +05:30 [INF] Request finished HTTP/2 GET https://localhost:7249/api/Menu - - - 200 - application/json;+charset=utf-8 12.8895ms
2023-12-20 20:47:24.286 +05:30 [INF] Request starting HTTP/2 GET https://localhost:7249/api/Menu/Categories - -
2023-12-20 20:47:24.287 +05:30 [INF] CORS policy execution successful.
2023-12-20 20:47:24.287 +05:30 [INF] Executing endpoint 'FoodMenuApi.Controllers.MenuController.GetAllFoodCategoriesAsync (FoodMenuApi)'
2023-12-20 20:47:24.287 +05:30 [INF] Route matched with {action = "GetAllFoodCategories", controller = "Menu"}. Executing controller action with signature System.Threading.Tasks.Task`1[Microsoft.AspNetCore.Mvc.IActionResult] GetAllFoodCategoriesAsync() on controller FoodMenuApi.Controllers.MenuController (FoodMenuApi).
2023-12-20 20:47:24.301 +05:30 [INF] Executing OkObjectResult, writing value of type 'System.Collections.Generic.List`1[[FoodMenuApi.Models.FoodCategory, FoodMenuApi, Version=1.0.0.0, Culture=neutral, PublicKeyToken=null]]'.
2023-12-20 20:47:24.304 +05:30 [INF] Executed action FoodMenuApi.Controllers.MenuController.GetAllFoodCategoriesAsync (FoodMenuApi) in 17.6589ms
2023-12-20 20:47:24.305 +05:30 [INF] Executed endpoint 'FoodMenuApi.Controllers.MenuController.GetAllFoodCategoriesAsync (FoodMenuApi)'
2023-12-20 20:47:24.305 +05:30 [INF] Request finished HTTP/2 GET https://localhost:7249/api/Menu/Categories - - - 200 - application/json;+charset=utf-8 18.5898ms
2023-12-20 20:48:04.247 +05:30 [INF] Request starting HTTP/2 GET https://localhost:7249/api/Menu/Categories - -
2023-12-20 20:48:04.247 +05:30 [INF] CORS policy execution successful.
2023-12-20 20:48:04.247 +05:30 [INF] Executing endpoint 'FoodMenuApi.Controllers.MenuController.GetAllFoodCategoriesAsync (FoodMenuApi)'
2023-12-20 20:48:04.247 +05:30 [INF] Route matched with {action = "GetAllFoodCategories", controller = "Menu"}. Executing controller action with signature System.Threading.Tasks.Task`1[Microsoft.AspNetCore.Mvc.IActionResult] GetAllFoodCategoriesAsync() on controller FoodMenuApi.Controllers.MenuController (FoodMenuApi).
2023-12-20 20:48:05.161 +05:30 [INF] Executing OkObjectResult, writing value of type 'System.Collections.Generic.List`1[[FoodMenuApi.Models.FoodCategory, FoodMenuApi, Version=1.0.0.0, Culture=neutral, PublicKeyToken=null]]'.
2023-12-20 20:48:05.165 +05:30 [INF] Executed action FoodMenuApi.Controllers.MenuController.GetAllFoodCategoriesAsync (FoodMenuApi) in 917.3286ms
2023-12-20 20:48:05.165 +05:30 [INF] Executed endpoint 'FoodMenuApi.Controllers.MenuController.GetAllFoodCategoriesAsync (FoodMenuApi)'
2023-12-20 20:48:05.165 +05:30 [INF] Request finished HTTP/2 GET https://localhost:7249/api/Menu/Categories - - - 200 - application/json;+charset=utf-8 917.9644ms
2023-12-20 20:52:39.697 +05:30 [INF] Request starting HTTP/2 GET https://localhost:7249/api/Menu/Gallery - -
2023-12-20 20:52:39.698 +05:30 [INF] CORS policy execution successful.
2023-12-20 20:52:39.698 +05:30 [INF] Executing endpoint 'FoodMenuApi.Controllers.MenuController.GetGalleryItemsAsync (FoodMenuApi)'
2023-12-20 20:52:39.698 +05:30 [INF] Route matched with {action = "GetGalleryItems", controller = "Menu"}. Executing controller action with signature System.Threading.Tasks.Task`1[Microsoft.AspNetCore.Mvc.IActionResult] GetGalleryItemsAsync() on controller FoodMenuApi.Controllers.MenuController (FoodMenuApi).
2023-12-20 20:52:39.712 +05:30 [INF] Executing OkObjectResult, writing value of type 'System.Collections.Generic.List`1[[FoodMenuApi.Models.FoodItem, FoodMenuApi, Version=1.0.0.0, Culture=neutral, PublicKeyToken=null]]'.
2023-12-20 20:52:39.714 +05:30 [INF] Executed action FoodMenuApi.Controllers.MenuController.GetGalleryItemsAsync (FoodMenuApi) in 15.3395ms
2023-12-20 20:52:39.714 +05:30 [INF] Executed endpoint 'FoodMenuApi.Controllers.MenuController.GetGalleryItemsAsync (FoodMenuApi)'
2023-12-20 20:52:39.714 +05:30 [INF] Request finished HTTP/2 GET https://localhost:7249/api/Menu/Gallery - - - 200 - application/json;+charset=utf-8 16.7645ms
2023-12-20 20:53:21.636 +05:30 [INF] Request starting HTTP/2 GET https://localhost:7249/api/Menu/Categories - -
2023-12-20 20:53:21.637 +05:30 [INF] CORS policy execution successful.
2023-12-20 20:53:21.637 +05:30 [INF] Executing endpoint 'FoodMenuApi.Controllers.MenuController.GetAllFoodCategoriesAsync (FoodMenuApi)'
2023-12-20 20:53:21.638 +05:30 [INF] Route matched with {action = "GetAllFoodCategories", controller = "Menu"}. Executing controller action with signature System.Threading.Tasks.Task`1[Microsoft.AspNetCore.Mvc.IActionResult] GetAllFoodCategoriesAsync() on controller FoodMenuApi.Controllers.MenuController (FoodMenuApi).
2023-12-20 20:53:21.658 +05:30 [INF] Executing OkObjectResult, writing value of type 'System.Collections.Generic.List`1[[FoodMenuApi.Models.FoodCategory, FoodMenuApi, Version=1.0.0.0, Culture=neutral, PublicKeyToken=null]]'.
2023-12-20 20:53:21.808 +05:30 [INF] Executed action FoodMenuApi.Controllers.MenuController.GetAllFoodCategoriesAsync (FoodMenuApi) in 169.0365ms
2023-12-20 20:53:21.808 +05:30 [INF] Executed endpoint 'FoodMenuApi.Controllers.MenuController.GetAllFoodCategoriesAsync (FoodMenuApi)'
2023-12-20 20:53:21.808 +05:30 [INF] Request finished HTTP/2 GET https://localhost:7249/api/Menu/Categories - - - 200 - application/json;+charset=utf-8 171.6975ms
2023-12-20 20:58:35.399 +05:30 [INF] Request starting HTTP/2 GET https://localhost:7249/api/Menu/Gallery - -
2023-12-20 20:58:35.400 +05:30 [INF] CORS policy execution successful.
2023-12-20 20:58:35.400 +05:30 [INF] Executing endpoint 'FoodMenuApi.Controllers.MenuController.GetGalleryItemsAsync (FoodMenuApi)'
2023-12-20 20:58:35.400 +05:30 [INF] Route matched with {action = "GetGalleryItems", controller = "Menu"}. Executing controller action with signature System.Threading.Tasks.Task`1[Microsoft.AspNetCore.Mvc.IActionResult] GetGalleryItemsAsync() on controller FoodMenuApi.Controllers.MenuController (FoodMenuApi).
2023-12-20 20:58:35.410 +05:30 [INF] Executing OkObjectResult, writing value of type 'System.Collections.Generic.List`1[[FoodMenuApi.Models.FoodItem, FoodMenuApi, Version=1.0.0.0, Culture=neutral, PublicKeyToken=null]]'.
2023-12-20 20:58:35.411 +05:30 [INF] Executed action FoodMenuApi.Controllers.MenuController.GetGalleryItemsAsync (FoodMenuApi) in 10.6395ms
2023-12-20 20:58:35.411 +05:30 [INF] Executed endpoint 'FoodMenuApi.Controllers.MenuController.GetGalleryItemsAsync (FoodMenuApi)'
2023-12-20 20:58:35.411 +05:30 [INF] Request finished HTTP/2 GET https://localhost:7249/api/Menu/Gallery - - - 200 - application/json;+charset=utf-8 11.6596ms
2023-12-20 21:05:54.513 +05:30 [INF] Request starting HTTP/2 GET https://localhost:7249/api/Menu/Categories - -
2023-12-20 21:05:54.514 +05:30 [INF] Executing endpoint 'FoodMenuApi.Controllers.MenuController.GetAllFoodCategoriesAsync (FoodMenuApi)'
2023-12-20 21:05:54.530 +05:30 [INF] Route matched with {action = "GetAllFoodCategories", controller = "Menu"}. Executing controller action with signature System.Threading.Tasks.Task`1[Microsoft.AspNetCore.Mvc.IActionResult] GetAllFoodCategoriesAsync() on controller FoodMenuApi.Controllers.MenuController (FoodMenuApi).
2023-12-20 21:05:54.555 +05:30 [INF] Executing OkObjectResult, writing value of type 'System.Collections.Generic.List`1[[FoodMenuApi.Models.FoodCategory, FoodMenuApi, Version=1.0.0.0, Culture=neutral, PublicKeyToken=null]]'.
2023-12-20 21:05:54.560 +05:30 [INF] Executed action FoodMenuApi.Controllers.MenuController.GetAllFoodCategoriesAsync (FoodMenuApi) in 29.8109ms
2023-12-20 21:05:54.560 +05:30 [INF] Executed endpoint 'FoodMenuApi.Controllers.MenuController.GetAllFoodCategoriesAsync (FoodMenuApi)'
2023-12-20 21:05:54.560 +05:30 [INF] Request finished HTTP/2 GET https://localhost:7249/api/Menu/Categories - - - 200 - application/json;+charset=utf-8 47.3051ms
2023-12-20 21:07:51.102 +05:30 [INF] Now listening on: https://localhost:7249
2023-12-20 21:07:51.235 +05:30 [INF] Now listening on: http://localhost:5189
2023-12-20 21:07:51.252 +05:30 [INF] Application started. Press Ctrl+C to shut down.
2023-12-20 21:07:51.254 +05:30 [INF] Hosting environment: Development
2023-12-20 21:07:51.254 +05:30 [INF] Content root path: C:\Users\Arularasi\Google Drive\MY FILES\Aspire Systems\Angular\Code\Application\Asp.Net Web API\Image Upload\FoodMenuApi\
2023-12-20 21:07:52.059 +05:30 [INF] Request starting HTTP/2 GET https://localhost:7249/swagger/index.html - -
2023-12-20 21:07:52.878 +05:30 [INF] Request finished HTTP/2 GET https://localhost:7249/swagger/index.html - - - 200 - text/html;charset=utf-8 823.6164ms
2023-12-20 21:07:53.144 +05:30 [INF] Request starting HTTP/2 GET https://localhost:7249/_framework/aspnetcore-browser-refresh.js - -
2023-12-20 21:07:53.149 +05:30 [INF] Request finished HTTP/2 GET https://localhost:7249/_framework/aspnetcore-browser-refresh.js - - - 200 11966 application/javascript;+charset=utf-8 5.5807ms
2023-12-20 21:07:53.859 +05:30 [INF] Request starting HTTP/2 GET https://localhost:7249/swagger/v1/swagger.json - -
2023-12-20 21:07:53.984 +05:30 [INF] Request finished HTTP/2 GET https://localhost:7249/swagger/v1/swagger.json - - - 200 - application/json;charset=utf-8 125.2141ms
2023-12-20 21:08:52.622 +05:30 [INF] Request starting HTTP/2 GET https://localhost:7249/api/Menu/Gallery - -
2023-12-20 21:08:52.637 +05:30 [INF] CORS policy execution successful.
2023-12-20 21:08:52.646 +05:30 [INF] Executing endpoint 'FoodMenuApi.Controllers.MenuController.GetGalleryItemsAsync (FoodMenuApi)'
2023-12-20 21:08:52.748 +05:30 [INF] Route matched with {action = "GetGalleryItems", controller = "Menu"}. Executing controller action with signature System.Threading.Tasks.Task`1[Microsoft.AspNetCore.Mvc.IActionResult] GetGalleryItemsAsync() on controller FoodMenuApi.Controllers.MenuController (FoodMenuApi).
2023-12-20 21:08:56.879 +05:30 [INF] Executing OkObjectResult, writing value of type 'System.Collections.Generic.List`1[[FoodMenuApi.Models.FoodItem, FoodMenuApi, Version=1.0.0.0, Culture=neutral, PublicKeyToken=null]]'.
2023-12-20 21:08:56.924 +05:30 [INF] Executed action FoodMenuApi.Controllers.MenuController.GetGalleryItemsAsync (FoodMenuApi) in 4168.664ms
2023-12-20 21:08:56.926 +05:30 [INF] Executed endpoint 'FoodMenuApi.Controllers.MenuController.GetGalleryItemsAsync (FoodMenuApi)'
2023-12-20 21:08:56.929 +05:30 [INF] Request finished HTTP/2 GET https://localhost:7249/api/Menu/Gallery - - - 200 - application/json;+charset=utf-8 4306.9842ms
2023-12-20 21:08:59.814 +05:30 [INF] Request starting HTTP/2 GET https://localhost:7249/api/Menu/Categories - -
2023-12-20 21:08:59.816 +05:30 [INF] CORS policy execution successful.
2023-12-20 21:08:59.816 +05:30 [INF] Executing endpoint 'FoodMenuApi.Controllers.MenuController.GetAllFoodCategoriesAsync (FoodMenuApi)'
2023-12-20 21:08:59.820 +05:30 [INF] Route matched with {action = "GetAllFoodCategories", controller = "Menu"}. Executing controller action with signature System.Threading.Tasks.Task`1[Microsoft.AspNetCore.Mvc.IActionResult] GetAllFoodCategoriesAsync() on controller FoodMenuApi.Controllers.MenuController (FoodMenuApi).
2023-12-20 21:09:00.058 +05:30 [INF] Executing OkObjectResult, writing value of type 'System.Collections.Generic.List`1[[FoodMenuApi.Models.FoodCategory, FoodMenuApi, Version=1.0.0.0, Culture=neutral, PublicKeyToken=null]]'.
2023-12-20 21:09:00.086 +05:30 [INF] Executed action FoodMenuApi.Controllers.MenuController.GetAllFoodCategoriesAsync (FoodMenuApi) in 265.5923ms
2023-12-20 21:09:00.086 +05:30 [INF] Executed endpoint 'FoodMenuApi.Controllers.MenuController.GetAllFoodCategoriesAsync (FoodMenuApi)'
2023-12-20 21:09:00.086 +05:30 [INF] Request finished HTTP/2 GET https://localhost:7249/api/Menu/Categories - - - 200 - application/json;+charset=utf-8 272.3829ms
2023-12-20 21:36:22.048 +05:30 [INF] Request starting HTTP/2 GET https://localhost:7249/api/Menu/Gallery - -
2023-12-20 21:36:22.084 +05:30 [INF] CORS policy execution successful.
2023-12-20 21:36:22.084 +05:30 [INF] Executing endpoint 'FoodMenuApi.Controllers.MenuController.GetGalleryItemsAsync (FoodMenuApi)'
2023-12-20 21:36:22.084 +05:30 [INF] Route matched with {action = "GetGalleryItems", controller = "Menu"}. Executing controller action with signature System.Threading.Tasks.Task`1[Microsoft.AspNetCore.Mvc.IActionResult] GetGalleryItemsAsync() on controller FoodMenuApi.Controllers.MenuController (FoodMenuApi).
2023-12-20 21:36:22.649 +05:30 [INF] Executing OkObjectResult, writing value of type 'System.Collections.Generic.List`1[[FoodMenuApi.Models.FoodItem, FoodMenuApi, Version=1.0.0.0, Culture=neutral, PublicKeyToken=null]]'.
2023-12-20 21:36:22.650 +05:30 [INF] Executed action FoodMenuApi.Controllers.MenuController.GetGalleryItemsAsync (FoodMenuApi) in 565.1694ms
2023-12-20 21:36:22.650 +05:30 [INF] Executed endpoint 'FoodMenuApi.Controllers.MenuController.GetGalleryItemsAsync (FoodMenuApi)'
2023-12-20 21:36:22.650 +05:30 [INF] Request finished HTTP/2 GET https://localhost:7249/api/Menu/Gallery - - - 200 - application/json;+charset=utf-8 601.9263ms
2023-12-20 21:37:00.750 +05:30 [INF] Request starting HTTP/2 GET https://localhost:7249/api/Menu/Gallery - -
2023-12-20 21:37:00.751 +05:30 [INF] CORS policy execution successful.
2023-12-20 21:37:00.751 +05:30 [INF] Executing endpoint 'FoodMenuApi.Controllers.MenuController.GetGalleryItemsAsync (FoodMenuApi)'
2023-12-20 21:37:00.751 +05:30 [INF] Route matched with {action = "GetGalleryItems", controller = "Menu"}. Executing controller action with signature System.Threading.Tasks.Task`1[Microsoft.AspNetCore.Mvc.IActionResult] GetGalleryItemsAsync() on controller FoodMenuApi.Controllers.MenuController (FoodMenuApi).
2023-12-20 21:37:00.758 +05:30 [INF] Executing OkObjectResult, writing value of type 'System.Collections.Generic.List`1[[FoodMenuApi.Models.FoodItem, FoodMenuApi, Version=1.0.0.0, Culture=neutral, PublicKeyToken=null]]'.
2023-12-20 21:37:00.760 +05:30 [INF] Executed action FoodMenuApi.Controllers.MenuController.GetGalleryItemsAsync (FoodMenuApi) in 9.0461ms
2023-12-20 21:37:00.760 +05:30 [INF] Executed endpoint 'FoodMenuApi.Controllers.MenuController.GetGalleryItemsAsync (FoodMenuApi)'
2023-12-20 21:37:00.760 +05:30 [INF] Request finished HTTP/2 GET https://localhost:7249/api/Menu/Gallery - - - 200 - application/json;+charset=utf-8 10.0665ms
2023-12-20 21:38:58.802 +05:30 [INF] Request starting HTTP/2 GET https://localhost:7249/api/Menu/Gallery - -
2023-12-20 21:38:58.802 +05:30 [INF] CORS policy execution successful.
2023-12-20 21:38:58.803 +05:30 [INF] Executing endpoint 'FoodMenuApi.Controllers.MenuController.GetGalleryItemsAsync (FoodMenuApi)'
2023-12-20 21:38:58.803 +05:30 [INF] Route matched with {action = "GetGalleryItems", controller = "Menu"}. Executing controller action with signature System.Threading.Tasks.Task`1[Microsoft.AspNetCore.Mvc.IActionResult] GetGalleryItemsAsync() on controller FoodMenuApi.Controllers.MenuController (FoodMenuApi).
2023-12-20 21:38:58.824 +05:30 [INF] Executing OkObjectResult, writing value of type 'System.Collections.Generic.List`1[[FoodMenuApi.Models.FoodItem, FoodMenuApi, Version=1.0.0.0, Culture=neutral, PublicKeyToken=null]]'.
2023-12-20 21:38:58.826 +05:30 [INF] Executed action FoodMenuApi.Controllers.MenuController.GetGalleryItemsAsync (FoodMenuApi) in 22.902ms
2023-12-20 21:38:58.826 +05:30 [INF] Executed endpoint 'FoodMenuApi.Controllers.MenuController.GetGalleryItemsAsync (FoodMenuApi)'
2023-12-20 21:38:58.826 +05:30 [INF] Request finished HTTP/2 GET https://localhost:7249/api/Menu/Gallery - - - 200 - application/json;+charset=utf-8 23.9629ms
2023-12-20 21:42:49.847 +05:30 [INF] Request starting HTTP/2 GET https://localhost:7249/api/Menu/Gallery - -
2023-12-20 21:42:49.847 +05:30 [INF] CORS policy execution successful.
2023-12-20 21:42:49.847 +05:30 [INF] Executing endpoint 'FoodMenuApi.Controllers.MenuController.GetGalleryItemsAsync (FoodMenuApi)'
2023-12-20 21:42:49.847 +05:30 [INF] Route matched with {action = "GetGalleryItems", controller = "Menu"}. Executing controller action with signature System.Threading.Tasks.Task`1[Microsoft.AspNetCore.Mvc.IActionResult] GetGalleryItemsAsync() on controller FoodMenuApi.Controllers.MenuController (FoodMenuApi).
2023-12-20 21:42:49.860 +05:30 [INF] Executing OkObjectResult, writing value of type 'System.Collections.Generic.List`1[[FoodMenuApi.Models.FoodItem, FoodMenuApi, Version=1.0.0.0, Culture=neutral, PublicKeyToken=null]]'.
2023-12-20 21:42:49.863 +05:30 [INF] Executed action FoodMenuApi.Controllers.MenuController.GetGalleryItemsAsync (FoodMenuApi) in 15.3135ms
2023-12-20 21:42:49.863 +05:30 [INF] Executed endpoint 'FoodMenuApi.Controllers.MenuController.GetGalleryItemsAsync (FoodMenuApi)'
2023-12-20 21:42:49.863 +05:30 [INF] Request finished HTTP/2 GET https://localhost:7249/api/Menu/Gallery - - - 200 - application/json;+charset=utf-8 16.5965ms
2023-12-20 21:42:54.304 +05:30 [INF] Request starting HTTP/2 GET https://localhost:7249/api/Menu/Categories - -
2023-12-20 21:42:54.305 +05:30 [INF] CORS policy execution successful.
2023-12-20 21:42:54.305 +05:30 [INF] Executing endpoint 'FoodMenuApi.Controllers.MenuController.GetAllFoodCategoriesAsync (FoodMenuApi)'
2023-12-20 21:42:54.306 +05:30 [INF] Route matched with {action = "GetAllFoodCategories", controller = "Menu"}. Executing controller action with signature System.Threading.Tasks.Task`1[Microsoft.AspNetCore.Mvc.IActionResult] GetAllFoodCategoriesAsync() on controller FoodMenuApi.Controllers.MenuController (FoodMenuApi).
2023-12-20 21:42:54.358 +05:30 [INF] Executing OkObjectResult, writing value of type 'System.Collections.Generic.List`1[[FoodMenuApi.Models.FoodCategory, FoodMenuApi, Version=1.0.0.0, Culture=neutral, PublicKeyToken=null]]'.
2023-12-20 21:42:54.370 +05:30 [INF] Executed action FoodMenuApi.Controllers.MenuController.GetAllFoodCategoriesAsync (FoodMenuApi) in 64.2207ms
2023-12-20 21:42:54.371 +05:30 [INF] Executed endpoint 'FoodMenuApi.Controllers.MenuController.GetAllFoodCategoriesAsync (FoodMenuApi)'
2023-12-20 21:42:54.371 +05:30 [INF] Request finished HTTP/2 GET https://localhost:7249/api/Menu/Categories - - - 200 - application/json;+charset=utf-8 66.5336ms
2023-12-20 21:42:59.128 +05:30 [INF] Request starting HTTP/2 GET https://localhost:7249/api/Menu/Gallery - -
2023-12-20 21:42:59.128 +05:30 [INF] CORS policy execution successful.
2023-12-20 21:42:59.129 +05:30 [INF] Executing endpoint 'FoodMenuApi.Controllers.MenuController.GetGalleryItemsAsync (FoodMenuApi)'
2023-12-20 21:42:59.129 +05:30 [INF] Route matched with {action = "GetGalleryItems", controller = "Menu"}. Executing controller action with signature System.Threading.Tasks.Task`1[Microsoft.AspNetCore.Mvc.IActionResult] GetGalleryItemsAsync() on controller FoodMenuApi.Controllers.MenuController (FoodMenuApi).
2023-12-20 21:42:59.138 +05:30 [INF] Executing OkObjectResult, writing value of type 'System.Collections.Generic.List`1[[FoodMenuApi.Models.FoodItem, FoodMenuApi, Version=1.0.0.0, Culture=neutral, PublicKeyToken=null]]'.
2023-12-20 21:42:59.139 +05:30 [INF] Executed action FoodMenuApi.Controllers.MenuController.GetGalleryItemsAsync (FoodMenuApi) in 9.9437ms
2023-12-20 21:42:59.139 +05:30 [INF] Executed endpoint 'FoodMenuApi.Controllers.MenuController.GetGalleryItemsAsync (FoodMenuApi)'
2023-12-20 21:42:59.140 +05:30 [INF] Request finished HTTP/2 GET https://localhost:7249/api/Menu/Gallery - - - 200 - application/json;+charset=utf-8 11.7641ms
2023-12-20 21:43:52.447 +05:30 [INF] Request starting HTTP/2 GET https://localhost:7249/api/Menu/Gallery - -
2023-12-20 21:43:52.447 +05:30 [INF] CORS policy execution successful.
2023-12-20 21:43:52.447 +05:30 [INF] Executing endpoint 'FoodMenuApi.Controllers.MenuController.GetGalleryItemsAsync (FoodMenuApi)'
2023-12-20 21:43:52.447 +05:30 [INF] Route matched with {action = "GetGalleryItems", controller = "Menu"}. Executing controller action with signature System.Threading.Tasks.Task`1[Microsoft.AspNetCore.Mvc.IActionResult] GetGalleryItemsAsync() on controller FoodMenuApi.Controllers.MenuController (FoodMenuApi).
2023-12-20 21:43:52.455 +05:30 [INF] Executing OkObjectResult, writing value of type 'System.Collections.Generic.List`1[[FoodMenuApi.Models.FoodItem, FoodMenuApi, Version=1.0.0.0, Culture=neutral, PublicKeyToken=null]]'.
2023-12-20 21:43:52.456 +05:30 [INF] Executed action FoodMenuApi.Controllers.MenuController.GetGalleryItemsAsync (FoodMenuApi) in 8.6421ms
2023-12-20 21:43:52.456 +05:30 [INF] Executed endpoint 'FoodMenuApi.Controllers.MenuController.GetGalleryItemsAsync (FoodMenuApi)'
2023-12-20 21:43:52.456 +05:30 [INF] Request finished HTTP/2 GET https://localhost:7249/api/Menu/Gallery - - - 200 - application/json;+charset=utf-8 9.5904ms
2023-12-20 21:46:02.593 +05:30 [INF] Request starting HTTP/2 GET https://localhost:7249/api/Menu/Gallery - -
2023-12-20 21:46:02.593 +05:30 [INF] CORS policy execution successful.
2023-12-20 21:46:02.593 +05:30 [INF] Executing endpoint 'FoodMenuApi.Controllers.MenuController.GetGalleryItemsAsync (FoodMenuApi)'
2023-12-20 21:46:02.594 +05:30 [INF] Route matched with {action = "GetGalleryItems", controller = "Menu"}. Executing controller action with signature System.Threading.Tasks.Task`1[Microsoft.AspNetCore.Mvc.IActionResult] GetGalleryItemsAsync() on controller FoodMenuApi.Controllers.MenuController (FoodMenuApi).
2023-12-20 21:46:02.613 +05:30 [INF] Executing OkObjectResult, writing value of type 'System.Collections.Generic.List`1[[FoodMenuApi.Models.FoodItem, FoodMenuApi, Version=1.0.0.0, Culture=neutral, PublicKeyToken=null]]'.
2023-12-20 21:46:02.618 +05:30 [INF] Executed action FoodMenuApi.Controllers.MenuController.GetGalleryItemsAsync (FoodMenuApi) in 24.1273ms
2023-12-20 21:46:02.618 +05:30 [INF] Executed endpoint 'FoodMenuApi.Controllers.MenuController.GetGalleryItemsAsync (FoodMenuApi)'
2023-12-20 21:46:02.618 +05:30 [INF] Request finished HTTP/2 GET https://localhost:7249/api/Menu/Gallery - - - 200 - application/json;+charset=utf-8 25.0585ms
2023-12-20 21:46:35.282 +05:30 [INF] Request starting HTTP/2 GET https://localhost:7249/api/Menu/Gallery - -
2023-12-20 21:46:35.283 +05:30 [INF] CORS policy execution successful.
2023-12-20 21:46:35.284 +05:30 [INF] Executing endpoint 'FoodMenuApi.Controllers.MenuController.GetGalleryItemsAsync (FoodMenuApi)'
2023-12-20 21:46:35.285 +05:30 [INF] Route matched with {action = "GetGalleryItems", controller = "Menu"}. Executing controller action with signature System.Threading.Tasks.Task`1[Microsoft.AspNetCore.Mvc.IActionResult] GetGalleryItemsAsync() on controller FoodMenuApi.Controllers.MenuController (FoodMenuApi).
2023-12-20 21:46:35.296 +05:30 [INF] Executing OkObjectResult, writing value of type 'System.Collections.Generic.List`1[[FoodMenuApi.Models.FoodItem, FoodMenuApi, Version=1.0.0.0, Culture=neutral, PublicKeyToken=null]]'.
2023-12-20 21:46:35.299 +05:30 [INF] Executed action FoodMenuApi.Controllers.MenuController.GetGalleryItemsAsync (FoodMenuApi) in 13.0454ms
2023-12-20 21:46:35.299 +05:30 [INF] Executed endpoint 'FoodMenuApi.Controllers.MenuController.GetGalleryItemsAsync (FoodMenuApi)'
2023-12-20 21:46:35.299 +05:30 [INF] Request finished HTTP/2 GET https://localhost:7249/api/Menu/Gallery - - - 200 - application/json;+charset=utf-8 16.8982ms
2023-12-20 21:46:57.251 +05:30 [INF] Request starting HTTP/2 GET https://localhost:7249/api/Menu/Categories - -
2023-12-20 21:46:57.251 +05:30 [INF] CORS policy execution successful.
2023-12-20 21:46:57.251 +05:30 [INF] Executing endpoint 'FoodMenuApi.Controllers.MenuController.GetAllFoodCategoriesAsync (FoodMenuApi)'
2023-12-20 21:46:57.252 +05:30 [INF] Route matched with {action = "GetAllFoodCategories", controller = "Menu"}. Executing controller action with signature System.Threading.Tasks.Task`1[Microsoft.AspNetCore.Mvc.IActionResult] GetAllFoodCategoriesAsync() on controller FoodMenuApi.Controllers.MenuController (FoodMenuApi).
2023-12-20 21:46:57.273 +05:30 [INF] Executing OkObjectResult, writing value of type 'System.Collections.Generic.List`1[[FoodMenuApi.Models.FoodCategory, FoodMenuApi, Version=1.0.0.0, Culture=neutral, PublicKeyToken=null]]'.
2023-12-20 21:46:57.279 +05:30 [INF] Executed action FoodMenuApi.Controllers.MenuController.GetAllFoodCategoriesAsync (FoodMenuApi) in 27.2934ms
2023-12-20 21:46:57.279 +05:30 [INF] Executed endpoint 'FoodMenuApi.Controllers.MenuController.GetAllFoodCategoriesAsync (FoodMenuApi)'
2023-12-20 21:46:57.279 +05:30 [INF] Request finished HTTP/2 GET https://localhost:7249/api/Menu/Categories - - - 200 - application/json;+charset=utf-8 28.4256ms
2023-12-20 21:47:01.645 +05:30 [INF] Request starting HTTP/2 GET https://localhost:7249/api/Menu/Gallery - -
2023-12-20 21:47:01.645 +05:30 [INF] CORS policy execution successful.
2023-12-20 21:47:01.645 +05:30 [INF] Executing endpoint 'FoodMenuApi.Controllers.MenuController.GetGalleryItemsAsync (FoodMenuApi)'
2023-12-20 21:47:01.646 +05:30 [INF] Route matched with {action = "GetGalleryItems", controller = "Menu"}. Executing controller action with signature System.Threading.Tasks.Task`1[Microsoft.AspNetCore.Mvc.IActionResult] GetGalleryItemsAsync() on controller FoodMenuApi.Controllers.MenuController (FoodMenuApi).
2023-12-20 21:47:01.657 +05:30 [INF] Executing OkObjectResult, writing value of type 'System.Collections.Generic.List`1[[FoodMenuApi.Models.FoodItem, FoodMenuApi, Version=1.0.0.0, Culture=neutral, PublicKeyToken=null]]'.
2023-12-20 21:47:01.658 +05:30 [INF] Executed action FoodMenuApi.Controllers.MenuController.GetGalleryItemsAsync (FoodMenuApi) in 12.3168ms
2023-12-20 21:47:01.659 +05:30 [INF] Executed endpoint 'FoodMenuApi.Controllers.MenuController.GetGalleryItemsAsync (FoodMenuApi)'
2023-12-20 21:47:01.659 +05:30 [INF] Request finished HTTP/2 GET https://localhost:7249/api/Menu/Gallery - - - 200 - application/json;+charset=utf-8 14.2081ms
2023-12-20 21:47:26.993 +05:30 [INF] Request starting HTTP/2 GET https://localhost:7249/api/Menu/Gallery - -
2023-12-20 21:47:26.993 +05:30 [INF] CORS policy execution successful.
2023-12-20 21:47:26.993 +05:30 [INF] Executing endpoint 'FoodMenuApi.Controllers.MenuController.GetGalleryItemsAsync (FoodMenuApi)'
2023-12-20 21:47:26.996 +05:30 [INF] Route matched with {action = "GetGalleryItems", controller = "Menu"}. Executing controller action with signature System.Threading.Tasks.Task`1[Microsoft.AspNetCore.Mvc.IActionResult] GetGalleryItemsAsync() on controller FoodMenuApi.Controllers.MenuController (FoodMenuApi).
2023-12-20 21:47:27.013 +05:30 [INF] Executing OkObjectResult, writing value of type 'System.Collections.Generic.List`1[[FoodMenuApi.Models.FoodItem, FoodMenuApi, Version=1.0.0.0, Culture=neutral, PublicKeyToken=null]]'.
2023-12-20 21:47:27.014 +05:30 [INF] Executed action FoodMenuApi.Controllers.MenuController.GetGalleryItemsAsync (FoodMenuApi) in 16.374ms
2023-12-20 21:47:27.014 +05:30 [INF] Executed endpoint 'FoodMenuApi.Controllers.MenuController.GetGalleryItemsAsync (FoodMenuApi)'
2023-12-20 21:47:27.014 +05:30 [INF] Request finished HTTP/2 GET https://localhost:7249/api/Menu/Gallery - - - 200 - application/json;+charset=utf-8 21.4198ms
2023-12-20 21:50:04.424 +05:30 [INF] Request starting HTTP/2 GET https://localhost:7249/api/Menu/Gallery - -
2023-12-20 21:50:04.447 +05:30 [INF] CORS policy execution successful.
2023-12-20 21:50:04.447 +05:30 [INF] Executing endpoint 'FoodMenuApi.Controllers.MenuController.GetGalleryItemsAsync (FoodMenuApi)'
2023-12-20 21:50:04.447 +05:30 [INF] Route matched with {action = "GetGalleryItems", controller = "Menu"}. Executing controller action with signature System.Threading.Tasks.Task`1[Microsoft.AspNetCore.Mvc.IActionResult] GetGalleryItemsAsync() on controller FoodMenuApi.Controllers.MenuController (FoodMenuApi).
2023-12-20 21:50:04.455 +05:30 [INF] Executing OkObjectResult, writing value of type 'System.Collections.Generic.List`1[[FoodMenuApi.Models.FoodItem, FoodMenuApi, Version=1.0.0.0, Culture=neutral, PublicKeyToken=null]]'.
2023-12-20 21:50:04.457 +05:30 [INF] Executed action FoodMenuApi.Controllers.MenuController.GetGalleryItemsAsync (FoodMenuApi) in 9.7643ms
2023-12-20 21:50:04.458 +05:30 [INF] Executed endpoint 'FoodMenuApi.Controllers.MenuController.GetGalleryItemsAsync (FoodMenuApi)'
2023-12-20 21:50:04.460 +05:30 [INF] Request finished HTTP/2 GET https://localhost:7249/api/Menu/Gallery - - - 200 - application/json;+charset=utf-8 35.4512ms
2023-12-20 21:51:39.160 +05:30 [INF] Request starting HTTP/2 GET https://localhost:7249/api/Menu/Categories - -
2023-12-20 21:51:39.160 +05:30 [INF] CORS policy execution successful.
2023-12-20 21:51:39.161 +05:30 [INF] Executing endpoint 'FoodMenuApi.Controllers.MenuController.GetAllFoodCategoriesAsync (FoodMenuApi)'
2023-12-20 21:51:39.161 +05:30 [INF] Route matched with {action = "GetAllFoodCategories", controller = "Menu"}. Executing controller action with signature System.Threading.Tasks.Task`1[Microsoft.AspNetCore.Mvc.IActionResult] GetAllFoodCategoriesAsync() on controller FoodMenuApi.Controllers.MenuController (FoodMenuApi).
2023-12-20 21:51:39.943 +05:30 [INF] Executing OkObjectResult, writing value of type 'System.Collections.Generic.List`1[[FoodMenuApi.Models.FoodCategory, FoodMenuApi, Version=1.0.0.0, Culture=neutral, PublicKeyToken=null]]'.
2023-12-20 21:51:39.976 +05:30 [INF] Executed action FoodMenuApi.Controllers.MenuController.GetAllFoodCategoriesAsync (FoodMenuApi) in 814.7468ms
2023-12-20 21:51:39.976 +05:30 [INF] Executed endpoint 'FoodMenuApi.Controllers.MenuController.GetAllFoodCategoriesAsync (FoodMenuApi)'
2023-12-20 21:51:39.976 +05:30 [INF] Request finished HTTP/2 GET https://localhost:7249/api/Menu/Categories - - - 200 - application/json;+charset=utf-8 816.6084ms
2023-12-20 22:14:29.795 +05:30 [INF] Request starting HTTP/2 GET https://localhost:7249/api/Menu/Categories - -
2023-12-20 22:14:29.796 +05:30 [INF] CORS policy execution successful.
2023-12-20 22:14:29.797 +05:30 [INF] Executing endpoint 'FoodMenuApi.Controllers.MenuController.GetAllFoodCategoriesAsync (FoodMenuApi)'
2023-12-20 22:14:29.798 +05:30 [INF] Route matched with {action = "GetAllFoodCategories", controller = "Menu"}. Executing controller action with signature System.Threading.Tasks.Task`1[Microsoft.AspNetCore.Mvc.IActionResult] GetAllFoodCategoriesAsync() on controller FoodMenuApi.Controllers.MenuController (FoodMenuApi).
2023-12-20 22:14:29.841 +05:30 [INF] Executing OkObjectResult, writing value of type 'System.Collections.Generic.List`1[[FoodMenuApi.Models.FoodCategory, FoodMenuApi, Version=1.0.0.0, Culture=neutral, PublicKeyToken=null]]'.
2023-12-20 22:14:29.849 +05:30 [INF] Executed action FoodMenuApi.Controllers.MenuController.GetAllFoodCategoriesAsync (FoodMenuApi) in 51.0218ms
2023-12-20 22:14:29.849 +05:30 [INF] Executed endpoint 'FoodMenuApi.Controllers.MenuController.GetAllFoodCategoriesAsync (FoodMenuApi)'
2023-12-20 22:14:29.850 +05:30 [INF] Request finished HTTP/2 GET https://localhost:7249/api/Menu/Categories - - - 200 - application/json;+charset=utf-8 54.9714ms
2023-12-20 22:17:48.582 +05:30 [INF] Request starting HTTP/2 GET https://localhost:7249/api/Menu/Categories - -
2023-12-20 22:17:48.583 +05:30 [INF] CORS policy execution successful.
2023-12-20 22:17:48.583 +05:30 [INF] Executing endpoint 'FoodMenuApi.Controllers.MenuController.GetAllFoodCategoriesAsync (FoodMenuApi)'
2023-12-20 22:17:48.583 +05:30 [INF] Route matched with {action = "GetAllFoodCategories", controller = "Menu"}. Executing controller action with signature System.Threading.Tasks.Task`1[Microsoft.AspNetCore.Mvc.IActionResult] GetAllFoodCategoriesAsync() on controller FoodMenuApi.Controllers.MenuController (FoodMenuApi).
2023-12-20 22:17:48.608 +05:30 [INF] Executing OkObjectResult, writing value of type 'System.Collections.Generic.List`1[[FoodMenuApi.Models.FoodCategory, FoodMenuApi, Version=1.0.0.0, Culture=neutral, PublicKeyToken=null]]'.
2023-12-20 22:17:48.613 +05:30 [INF] Executed action FoodMenuApi.Controllers.MenuController.GetAllFoodCategoriesAsync (FoodMenuApi) in 29.6208ms
2023-12-20 22:17:48.613 +05:30 [INF] Executed endpoint 'FoodMenuApi.Controllers.MenuController.GetAllFoodCategoriesAsync (FoodMenuApi)'
2023-12-20 22:17:48.613 +05:30 [INF] Request finished HTTP/2 GET https://localhost:7249/api/Menu/Categories - - - 200 - application/json;+charset=utf-8 30.9539ms
2023-12-20 22:19:12.787 +05:30 [INF] Request starting HTTP/2 GET https://localhost:7249/api/Menu/Gallery - -
2023-12-20 22:19:12.788 +05:30 [INF] CORS policy execution successful.
2023-12-20 22:19:12.788 +05:30 [INF] Executing endpoint 'FoodMenuApi.Controllers.MenuController.GetGalleryItemsAsync (FoodMenuApi)'
2023-12-20 22:19:12.788 +05:30 [INF] Route matched with {action = "GetGalleryItems", controller = "Menu"}. Executing controller action with signature System.Threading.Tasks.Task`1[Microsoft.AspNetCore.Mvc.IActionResult] GetGalleryItemsAsync() on controller FoodMenuApi.Controllers.MenuController (FoodMenuApi).
2023-12-20 22:19:13.134 +05:30 [INF] Executing OkObjectResult, writing value of type 'System.Collections.Generic.List`1[[FoodMenuApi.Models.FoodItem, FoodMenuApi, Version=1.0.0.0, Culture=neutral, PublicKeyToken=null]]'.
2023-12-20 22:19:13.136 +05:30 [INF] Executed action FoodMenuApi.Controllers.MenuController.GetGalleryItemsAsync (FoodMenuApi) in 347.7756ms
2023-12-20 22:19:13.136 +05:30 [INF] Executed endpoint 'FoodMenuApi.Controllers.MenuController.GetGalleryItemsAsync (FoodMenuApi)'
2023-12-20 22:19:13.136 +05:30 [INF] Request finished HTTP/2 GET https://localhost:7249/api/Menu/Gallery - - - 200 - application/json;+charset=utf-8 349.1058ms
2023-12-20 22:19:15.829 +05:30 [INF] Request starting HTTP/2 GET https://localhost:7249/api/Menu/Categories - -
2023-12-20 22:19:15.829 +05:30 [INF] CORS policy execution successful.
2023-12-20 22:19:15.830 +05:30 [INF] Executing endpoint 'FoodMenuApi.Controllers.MenuController.GetAllFoodCategoriesAsync (FoodMenuApi)'
2023-12-20 22:19:15.830 +05:30 [INF] Route matched with {action = "GetAllFoodCategories", controller = "Menu"}. Executing controller action with signature System.Threading.Tasks.Task`1[Microsoft.AspNetCore.Mvc.IActionResult] GetAllFoodCategoriesAsync() on controller FoodMenuApi.Controllers.MenuController (FoodMenuApi).
2023-12-20 22:19:15.852 +05:30 [INF] Executing OkObjectResult, writing value of type 'System.Collections.Generic.List`1[[FoodMenuApi.Models.FoodCategory, FoodMenuApi, Version=1.0.0.0, Culture=neutral, PublicKeyToken=null]]'.
2023-12-20 22:19:15.858 +05:30 [INF] Executed action FoodMenuApi.Controllers.MenuController.GetAllFoodCategoriesAsync (FoodMenuApi) in 27.0393ms
2023-12-20 22:19:15.858 +05:30 [INF] Executed endpoint 'FoodMenuApi.Controllers.MenuController.GetAllFoodCategoriesAsync (FoodMenuApi)'
2023-12-20 22:19:15.858 +05:30 [INF] Request finished HTTP/2 GET https://localhost:7249/api/Menu/Categories - - - 200 - application/json;+charset=utf-8 29.3572ms
2023-12-20 22:19:36.469 +05:30 [INF] Request starting HTTP/2 GET https://localhost:7249/api/Menu/Categories - -
2023-12-20 22:19:36.470 +05:30 [INF] CORS policy execution successful.
2023-12-20 22:19:36.470 +05:30 [INF] Executing endpoint 'FoodMenuApi.Controllers.MenuController.GetAllFoodCategoriesAsync (FoodMenuApi)'
2023-12-20 22:19:36.470 +05:30 [INF] Route matched with {action = "GetAllFoodCategories", controller = "Menu"}. Executing controller action with signature System.Threading.Tasks.Task`1[Microsoft.AspNetCore.Mvc.IActionResult] GetAllFoodCategoriesAsync() on controller FoodMenuApi.Controllers.MenuController (FoodMenuApi).
2023-12-20 22:19:36.502 +05:30 [INF] Executing OkObjectResult, writing value of type 'System.Collections.Generic.List`1[[FoodMenuApi.Models.FoodCategory, FoodMenuApi, Version=1.0.0.0, Culture=neutral, PublicKeyToken=null]]'.
2023-12-20 22:19:36.509 +05:30 [INF] Executed action FoodMenuApi.Controllers.MenuController.GetAllFoodCategoriesAsync (FoodMenuApi) in 38.6529ms
2023-12-20 22:19:36.509 +05:30 [INF] Executed endpoint 'FoodMenuApi.Controllers.MenuController.GetAllFoodCategoriesAsync (FoodMenuApi)'
2023-12-20 22:19:36.509 +05:30 [INF] Request finished HTTP/2 GET https://localhost:7249/api/Menu/Categories - - - 200 - application/json;+charset=utf-8 39.8391ms
2023-12-20 22:19:38.974 +05:30 [INF] Request starting HTTP/2 GET https://localhost:7249/api/Menu/Categories - -
2023-12-20 22:19:38.974 +05:30 [INF] CORS policy execution successful.
2023-12-20 22:19:38.974 +05:30 [INF] Executing endpoint 'FoodMenuApi.Controllers.MenuController.GetAllFoodCategoriesAsync (FoodMenuApi)'
2023-12-20 22:19:38.974 +05:30 [INF] Route matched with {action = "GetAllFoodCategories", controller = "Menu"}. Executing controller action with signature System.Threading.Tasks.Task`1[Microsoft.AspNetCore.Mvc.IActionResult] GetAllFoodCategoriesAsync() on controller FoodMenuApi.Controllers.MenuController (FoodMenuApi).
2023-12-20 22:19:40.175 +05:30 [INF] Executing OkObjectResult, writing value of type 'System.Collections.Generic.List`1[[FoodMenuApi.Models.FoodCategory, FoodMenuApi, Version=1.0.0.0, Culture=neutral, PublicKeyToken=null]]'.
2023-12-20 22:19:40.186 +05:30 [INF] Executed action FoodMenuApi.Controllers.MenuController.GetAllFoodCategoriesAsync (FoodMenuApi) in 1212.1618ms
2023-12-20 22:19:40.186 +05:30 [INF] Executed endpoint 'FoodMenuApi.Controllers.MenuController.GetAllFoodCategoriesAsync (FoodMenuApi)'
2023-12-20 22:19:40.187 +05:30 [INF] Request finished HTTP/2 GET https://localhost:7249/api/Menu/Categories - - - 0 - application/json;+charset=utf-8 1212.8276ms
2023-12-20 22:20:01.661 +05:30 [INF] Request starting HTTP/2 GET https://localhost:7249/api/Menu/Categories - -
2023-12-20 22:20:01.661 +05:30 [INF] CORS policy execution successful.
2023-12-20 22:20:01.661 +05:30 [INF] Executing endpoint 'FoodMenuApi.Controllers.MenuController.GetAllFoodCategoriesAsync (FoodMenuApi)'
2023-12-20 22:20:01.661 +05:30 [INF] Route matched with {action = "GetAllFoodCategories", controller = "Menu"}. Executing controller action with signature System.Threading.Tasks.Task`1[Microsoft.AspNetCore.Mvc.IActionResult] GetAllFoodCategoriesAsync() on controller FoodMenuApi.Controllers.MenuController (FoodMenuApi).
2023-12-20 22:20:01.690 +05:30 [INF] Executing OkObjectResult, writing value of type 'System.Collections.Generic.List`1[[FoodMenuApi.Models.FoodCategory, FoodMenuApi, Version=1.0.0.0, Culture=neutral, PublicKeyToken=null]]'.
2023-12-20 22:20:01.695 +05:30 [INF] Executed action FoodMenuApi.Controllers.MenuController.GetAllFoodCategoriesAsync (FoodMenuApi) in 33.7935ms
2023-12-20 22:20:01.695 +05:30 [INF] Executed endpoint 'FoodMenuApi.Controllers.MenuController.GetAllFoodCategoriesAsync (FoodMenuApi)'
2023-12-20 22:20:01.695 +05:30 [INF] Request finished HTTP/2 GET https://localhost:7249/api/Menu/Categories - - - 200 - application/json;+charset=utf-8 34.5369ms
2023-12-20 22:25:36.156 +05:30 [INF] Request starting HTTP/2 GET https://localhost:7249/api/Menu/Gallery - -
2023-12-20 22:25:36.156 +05:30 [INF] CORS policy execution successful.
2023-12-20 22:25:36.156 +05:30 [INF] Executing endpoint 'FoodMenuApi.Controllers.MenuController.GetGalleryItemsAsync (FoodMenuApi)'
2023-12-20 22:25:36.156 +05:30 [INF] Route matched with {action = "GetGalleryItems", controller = "Menu"}. Executing controller action with signature System.Threading.Tasks.Task`1[Microsoft.AspNetCore.Mvc.IActionResult] GetGalleryItemsAsync() on controller FoodMenuApi.Controllers.MenuController (FoodMenuApi).
2023-12-20 22:25:36.271 +05:30 [INF] Executing OkObjectResult, writing value of type 'System.Collections.Generic.List`1[[FoodMenuApi.Models.FoodItem, FoodMenuApi, Version=1.0.0.0, Culture=neutral, PublicKeyToken=null]]'.
2023-12-20 22:25:36.271 +05:30 [INF] Executed action FoodMenuApi.Controllers.MenuController.GetGalleryItemsAsync (FoodMenuApi) in 115.2107ms
2023-12-20 22:25:36.272 +05:30 [INF] Executed endpoint 'FoodMenuApi.Controllers.MenuController.GetGalleryItemsAsync (FoodMenuApi)'
2023-12-20 22:25:36.272 +05:30 [INF] Request finished HTTP/2 GET https://localhost:7249/api/Menu/Gallery - - - 200 - application/json;+charset=utf-8 115.9230ms
2023-12-20 22:31:48.438 +05:30 [INF] Request starting HTTP/2 GET https://localhost:7249/api/Menu/Categories - -
2023-12-20 22:31:48.439 +05:30 [INF] CORS policy execution successful.
2023-12-20 22:31:48.439 +05:30 [INF] Executing endpoint 'FoodMenuApi.Controllers.MenuController.GetAllFoodCategoriesAsync (FoodMenuApi)'
2023-12-20 22:31:48.439 +05:30 [INF] Route matched with {action = "GetAllFoodCategories", controller = "Menu"}. Executing controller action with signature System.Threading.Tasks.Task`1[Microsoft.AspNetCore.Mvc.IActionResult] GetAllFoodCategoriesAsync() on controller FoodMenuApi.Controllers.MenuController (FoodMenuApi).
2023-12-20 22:31:48.651 +05:30 [INF] Executing OkObjectResult, writing value of type 'System.Collections.Generic.List`1[[FoodMenuApi.Models.FoodCategory, FoodMenuApi, Version=1.0.0.0, Culture=neutral, PublicKeyToken=null]]'.
2023-12-20 22:31:48.659 +05:30 [INF] Executed action FoodMenuApi.Controllers.MenuController.GetAllFoodCategoriesAsync (FoodMenuApi) in 220.1875ms
2023-12-20 22:31:48.660 +05:30 [INF] Executed endpoint 'FoodMenuApi.Controllers.MenuController.GetAllFoodCategoriesAsync (FoodMenuApi)'
2023-12-20 22:31:48.660 +05:30 [INF] Request finished HTTP/2 GET https://localhost:7249/api/Menu/Categories - - - 200 - application/json;+charset=utf-8 222.3799ms
2023-12-20 22:32:07.613 +05:30 [INF] Request starting HTTP/2 GET https://localhost:7249/api/Menu/Categories - -
2023-12-20 22:32:07.613 +05:30 [INF] CORS policy execution successful.
2023-12-20 22:32:07.613 +05:30 [INF] Executing endpoint 'FoodMenuApi.Controllers.MenuController.GetAllFoodCategoriesAsync (FoodMenuApi)'
2023-12-20 22:32:07.613 +05:30 [INF] Route matched with {action = "GetAllFoodCategories", controller = "Menu"}. Executing controller action with signature System.Threading.Tasks.Task`1[Microsoft.AspNetCore.Mvc.IActionResult] GetAllFoodCategoriesAsync() on controller FoodMenuApi.Controllers.MenuController (FoodMenuApi).
2023-12-20 22:32:07.657 +05:30 [INF] Executing OkObjectResult, writing value of type 'System.Collections.Generic.List`1[[FoodMenuApi.Models.FoodCategory, FoodMenuApi, Version=1.0.0.0, Culture=neutral, PublicKeyToken=null]]'.
2023-12-20 22:32:07.660 +05:30 [INF] Executed action FoodMenuApi.Controllers.MenuController.GetAllFoodCategoriesAsync (FoodMenuApi) in 46.3508ms
2023-12-20 22:32:07.660 +05:30 [INF] Executed endpoint 'FoodMenuApi.Controllers.MenuController.GetAllFoodCategoriesAsync (FoodMenuApi)'
2023-12-20 22:32:07.682 +05:30 [INF] Request finished HTTP/2 GET https://localhost:7249/api/Menu/Categories - - - 200 - application/json;+charset=utf-8 68.5568ms
2023-12-20 22:32:11.624 +05:30 [INF] Request starting HTTP/2 GET https://localhost:7249/api/Menu/14 - -
2023-12-20 22:32:11.774 +05:30 [INF] CORS policy execution successful.
2023-12-20 22:32:11.776 +05:30 [INF] Request finished HTTP/2 GET https://localhost:7249/api/Menu/14 - - - 404 0 - 151.5867ms
2023-12-20 22:32:37.532 +05:30 [INF] Request starting HTTP/2 GET https://localhost:7249/api/Menu/14 - -
2023-12-20 22:32:37.533 +05:30 [INF] CORS policy execution successful.
2023-12-20 22:32:37.533 +05:30 [INF] Request finished HTTP/2 GET https://localhost:7249/api/Menu/14 - - - 404 0 - 1.5510ms
2023-12-20 22:32:47.051 +05:30 [INF] Request starting HTTP/2 GET https://localhost:7249/api/Menu/10 - -
2023-12-20 22:32:47.051 +05:30 [INF] CORS policy execution successful.
2023-12-20 22:32:47.052 +05:30 [INF] Executing endpoint 'FoodMenuApi.Controllers.MenuController.GetFoodItemAsync (FoodMenuApi)'
2023-12-20 22:32:47.453 +05:30 [INF] Route matched with {action = "GetFoodItem", controller = "Menu"}. Executing controller action with signature System.Threading.Tasks.Task`1[Microsoft.AspNetCore.Mvc.IActionResult] GetFoodItemAsync(Int32) on controller FoodMenuApi.Controllers.MenuController (FoodMenuApi).
2023-12-20 22:32:48.507 +05:30 [INF] Executing OkObjectResult, writing value of type 'FoodMenuApi.Models.FoodItem'.
2023-12-20 22:32:48.507 +05:30 [INF] Executed action FoodMenuApi.Controllers.MenuController.GetFoodItemAsync (FoodMenuApi) in 1054.6197ms
2023-12-20 22:32:48.508 +05:30 [INF] Executed endpoint 'FoodMenuApi.Controllers.MenuController.GetFoodItemAsync (FoodMenuApi)'
2023-12-20 22:32:48.508 +05:30 [INF] Request finished HTTP/2 GET https://localhost:7249/api/Menu/10 - - - 200 - application/json;+charset=utf-8 1456.7224ms
2023-12-20 22:32:51.719 +05:30 [INF] Request starting HTTP/2 GET https://localhost:7249/api/Menu/8 - -
2023-12-20 22:32:51.720 +05:30 [INF] CORS policy execution successful.
2023-12-20 22:32:51.720 +05:30 [INF] Executing endpoint 'FoodMenuApi.Controllers.MenuController.GetFoodItemAsync (FoodMenuApi)'
2023-12-20 22:32:51.720 +05:30 [INF] Route matched with {action = "GetFoodItem", controller = "Menu"}. Executing controller action with signature System.Threading.Tasks.Task`1[Microsoft.AspNetCore.Mvc.IActionResult] GetFoodItemAsync(Int32) on controller FoodMenuApi.Controllers.MenuController (FoodMenuApi).
2023-12-20 22:32:51.759 +05:30 [INF] Executing OkObjectResult, writing value of type 'FoodMenuApi.Models.FoodItem'.
2023-12-20 22:32:51.760 +05:30 [INF] Executed action FoodMenuApi.Controllers.MenuController.GetFoodItemAsync (FoodMenuApi) in 40.0014ms
2023-12-20 22:32:51.760 +05:30 [INF] Executed endpoint 'FoodMenuApi.Controllers.MenuController.GetFoodItemAsync (FoodMenuApi)'
2023-12-20 22:32:51.760 +05:30 [INF] Request finished HTTP/2 GET https://localhost:7249/api/Menu/8 - - - 200 - application/json;+charset=utf-8 40.6829ms
2023-12-20 22:32:57.995 +05:30 [INF] Request starting HTTP/2 GET https://localhost:7249/api/Menu/14 - -
2023-12-20 22:32:57.995 +05:30 [INF] CORS policy execution successful.
2023-12-20 22:32:57.995 +05:30 [INF] Request finished HTTP/2 GET https://localhost:7249/api/Menu/14 - - - 404 0 - 0.3597ms
2023-12-20 22:33:07.908 +05:30 [INF] Request starting HTTP/2 GET https://localhost:7249/api/Menu/5 - -
2023-12-20 22:33:07.909 +05:30 [INF] CORS policy execution successful.
2023-12-20 22:33:07.909 +05:30 [INF] Executing endpoint 'FoodMenuApi.Controllers.MenuController.GetFoodItemAsync (FoodMenuApi)'
2023-12-20 22:33:07.909 +05:30 [INF] Route matched with {action = "GetFoodItem", controller = "Menu"}. Executing controller action with signature System.Threading.Tasks.Task`1[Microsoft.AspNetCore.Mvc.IActionResult] GetFoodItemAsync(Int32) on controller FoodMenuApi.Controllers.MenuController (FoodMenuApi).
2023-12-20 22:33:07.917 +05:30 [INF] Executing OkObjectResult, writing value of type 'FoodMenuApi.Models.FoodItem'.
2023-12-20 22:33:07.918 +05:30 [INF] Executed action FoodMenuApi.Controllers.MenuController.GetFoodItemAsync (FoodMenuApi) in 9.0054ms
2023-12-20 22:33:07.918 +05:30 [INF] Executed endpoint 'FoodMenuApi.Controllers.MenuController.GetFoodItemAsync (FoodMenuApi)'
2023-12-20 22:33:07.919 +05:30 [INF] Request finished HTTP/2 GET https://localhost:7249/api/Menu/5 - - - 200 - application/json;+charset=utf-8 9.9764ms
2023-12-20 22:33:13.206 +05:30 [INF] Request starting HTTP/2 GET https://localhost:7249/api/Menu/7 - -
2023-12-20 22:33:13.206 +05:30 [INF] CORS policy execution successful.
2023-12-20 22:33:13.206 +05:30 [INF] Executing endpoint 'FoodMenuApi.Controllers.MenuController.GetFoodItemAsync (FoodMenuApi)'
2023-12-20 22:33:13.206 +05:30 [INF] Route matched with {action = "GetFoodItem", controller = "Menu"}. Executing controller action with signature System.Threading.Tasks.Task`1[Microsoft.AspNetCore.Mvc.IActionResult] GetFoodItemAsync(Int32) on controller FoodMenuApi.Controllers.MenuController (FoodMenuApi).
2023-12-20 22:33:13.222 +05:30 [INF] Executing OkObjectResult, writing value of type 'FoodMenuApi.Models.FoodItem'.
2023-12-20 22:33:13.224 +05:30 [INF] Executed action FoodMenuApi.Controllers.MenuController.GetFoodItemAsync (FoodMenuApi) in 17.6484ms
2023-12-20 22:33:13.224 +05:30 [INF] Executed endpoint 'FoodMenuApi.Controllers.MenuController.GetFoodItemAsync (FoodMenuApi)'
2023-12-20 22:33:13.224 +05:30 [INF] Request finished HTTP/2 GET https://localhost:7249/api/Menu/7 - - - 200 - application/json;+charset=utf-8 18.3419ms
2023-12-20 22:33:18.633 +05:30 [INF] Request starting HTTP/2 GET https://localhost:7249/api/Menu/14 - -
2023-12-20 22:33:18.633 +05:30 [INF] CORS policy execution successful.
2023-12-20 22:33:18.635 +05:30 [INF] Request finished HTTP/2 GET https://localhost:7249/api/Menu/14 - - - 404 0 - 2.7281ms
2023-12-20 22:33:22.459 +05:30 [INF] Request starting HTTP/2 GET https://localhost:7249/api/Menu/1 - -
2023-12-20 22:33:22.459 +05:30 [INF] CORS policy execution successful.
2023-12-20 22:33:22.459 +05:30 [INF] Executing endpoint 'FoodMenuApi.Controllers.MenuController.GetFoodItemAsync (FoodMenuApi)'
2023-12-20 22:33:22.459 +05:30 [INF] Route matched with {action = "GetFoodItem", controller = "Menu"}. Executing controller action with signature System.Threading.Tasks.Task`1[Microsoft.AspNetCore.Mvc.IActionResult] GetFoodItemAsync(Int32) on controller FoodMenuApi.Controllers.MenuController (FoodMenuApi).
2023-12-20 22:33:22.473 +05:30 [INF] Executing OkObjectResult, writing value of type 'FoodMenuApi.Models.FoodItem'.
2023-12-20 22:33:22.474 +05:30 [INF] Executed action FoodMenuApi.Controllers.MenuController.GetFoodItemAsync (FoodMenuApi) in 15.1475ms
2023-12-20 22:33:22.475 +05:30 [INF] Executed endpoint 'FoodMenuApi.Controllers.MenuController.GetFoodItemAsync (FoodMenuApi)'
2023-12-20 22:33:22.475 +05:30 [INF] Request finished HTTP/2 GET https://localhost:7249/api/Menu/1 - - - 200 - application/json;+charset=utf-8 15.9204ms
2023-12-20 22:33:26.829 +05:30 [INF] Request starting HTTP/2 GET https://localhost:7249/api/Menu/8 - -
2023-12-20 22:33:26.831 +05:30 [INF] CORS policy execution successful.
2023-12-20 22:33:26.832 +05:30 [INF] Executing endpoint 'FoodMenuApi.Controllers.MenuController.GetFoodItemAsync (FoodMenuApi)'
2023-12-20 22:33:26.833 +05:30 [INF] Route matched with {action = "GetFoodItem", controller = "Menu"}. Executing controller action with signature System.Threading.Tasks.Task`1[Microsoft.AspNetCore.Mvc.IActionResult] GetFoodItemAsync(Int32) on controller FoodMenuApi.Controllers.MenuController (FoodMenuApi).
2023-12-20 22:33:26.842 +05:30 [INF] Executing OkObjectResult, writing value of type 'FoodMenuApi.Models.FoodItem'.
2023-12-20 22:33:26.843 +05:30 [INF] Executed action FoodMenuApi.Controllers.MenuController.GetFoodItemAsync (FoodMenuApi) in 9.8318ms
2023-12-20 22:33:26.843 +05:30 [INF] Executed endpoint 'FoodMenuApi.Controllers.MenuController.GetFoodItemAsync (FoodMenuApi)'
2023-12-20 22:33:26.843 +05:30 [INF] Request finished HTTP/2 GET https://localhost:7249/api/Menu/8 - - - 200 - application/json;+charset=utf-8 13.7189ms
2023-12-20 22:33:33.943 +05:30 [INF] Request starting HTTP/2 GET https://localhost:7249/api/Menu/10 - -
2023-12-20 22:33:33.943 +05:30 [INF] CORS policy execution successful.
2023-12-20 22:33:33.944 +05:30 [INF] Executing endpoint 'FoodMenuApi.Controllers.MenuController.GetFoodItemAsync (FoodMenuApi)'
2023-12-20 22:33:33.944 +05:30 [INF] Route matched with {action = "GetFoodItem", controller = "Menu"}. Executing controller action with signature System.Threading.Tasks.Task`1[Microsoft.AspNetCore.Mvc.IActionResult] GetFoodItemAsync(Int32) on controller FoodMenuApi.Controllers.MenuController (FoodMenuApi).
2023-12-20 22:33:33.956 +05:30 [INF] Executing OkObjectResult, writing value of type 'FoodMenuApi.Models.FoodItem'.
2023-12-20 22:33:33.956 +05:30 [INF] Executed action FoodMenuApi.Controllers.MenuController.GetFoodItemAsync (FoodMenuApi) in 12.481ms
2023-12-20 22:33:33.956 +05:30 [INF] Executed endpoint 'FoodMenuApi.Controllers.MenuController.GetFoodItemAsync (FoodMenuApi)'
2023-12-20 22:33:33.957 +05:30 [INF] Request finished HTTP/2 GET https://localhost:7249/api/Menu/10 - - - 200 - application/json;+charset=utf-8 14.0089ms
2023-12-20 22:33:47.772 +05:30 [INF] Request starting HTTP/2 GET https://localhost:7249/_framework/aspnetcore-browser-refresh.js - -
2023-12-20 22:33:47.921 +05:30 [INF] Request finished HTTP/2 GET https://localhost:7249/_framework/aspnetcore-browser-refresh.js - - - 200 11966 application/javascript;+charset=utf-8 150.0892ms
2023-12-20 22:33:48.739 +05:30 [INF] Request starting HTTP/2 GET https://localhost:7249/swagger/v1/swagger.json - -
2023-12-20 22:33:50.741 +05:30 [INF] Request finished HTTP/2 GET https://localhost:7249/swagger/v1/swagger.json - - - 200 - application/json;charset=utf-8 2001.6684ms
2023-12-20 22:37:15.218 +05:30 [INF] Request starting HTTP/2 POST https://localhost:7249/api/Menu multipart/form-data;+boundary=----WebKitFormBoundaryGPOKjQykZfiYfy7s 78187
2023-12-20 22:37:15.218 +05:30 [INF] CORS policy execution successful.
2023-12-20 22:37:15.219 +05:30 [INF] Executing endpoint 'FoodMenuApi.Controllers.MenuController.AddFoodItemAsync (FoodMenuApi)'
2023-12-20 22:37:15.470 +05:30 [INF] Route matched with {action = "AddFoodItem", controller = "Menu"}. Executing controller action with signature System.Threading.Tasks.Task`1[Microsoft.AspNetCore.Mvc.IActionResult] AddFoodItemAsync(FoodMenuApi.Models.FoodItemRequest) on controller FoodMenuApi.Controllers.MenuController (FoodMenuApi).
2023-12-20 22:37:18.973 +05:30 [INF] Executing OkObjectResult, writing value of type 'FoodMenuApi.Models.FoodItem'.
2023-12-20 22:37:18.980 +05:30 [INF] Executed action FoodMenuApi.Controllers.MenuController.AddFoodItemAsync (FoodMenuApi) in 3510.055ms
2023-12-20 22:37:18.980 +05:30 [INF] Executed endpoint 'FoodMenuApi.Controllers.MenuController.AddFoodItemAsync (FoodMenuApi)'
2023-12-20 22:37:18.984 +05:30 [INF] Request finished HTTP/2 POST https://localhost:7249/api/Menu multipart/form-data;+boundary=----WebKitFormBoundaryGPOKjQykZfiYfy7s 78187 - 200 - application/json;+charset=utf-8 3766.8340ms
2023-12-20 22:37:36.558 +05:30 [INF] Request starting HTTP/2 GET https://localhost:7249/api/Menu/Categories - -
2023-12-20 22:37:36.559 +05:30 [INF] CORS policy execution successful.
2023-12-20 22:37:36.559 +05:30 [INF] Executing endpoint 'FoodMenuApi.Controllers.MenuController.GetAllFoodCategoriesAsync (FoodMenuApi)'
2023-12-20 22:37:36.559 +05:30 [INF] Route matched with {action = "GetAllFoodCategories", controller = "Menu"}. Executing controller action with signature System.Threading.Tasks.Task`1[Microsoft.AspNetCore.Mvc.IActionResult] GetAllFoodCategoriesAsync() on controller FoodMenuApi.Controllers.MenuController (FoodMenuApi).
2023-12-20 22:37:37.320 +05:30 [INF] Executing OkObjectResult, writing value of type 'System.Collections.Generic.List`1[[FoodMenuApi.Models.FoodCategory, FoodMenuApi, Version=1.0.0.0, Culture=neutral, PublicKeyToken=null]]'.
2023-12-20 22:37:37.333 +05:30 [INF] Executed action FoodMenuApi.Controllers.MenuController.GetAllFoodCategoriesAsync (FoodMenuApi) in 773.7032ms
2023-12-20 22:37:37.335 +05:30 [INF] Executed endpoint 'FoodMenuApi.Controllers.MenuController.GetAllFoodCategoriesAsync (FoodMenuApi)'
2023-12-20 22:37:37.335 +05:30 [INF] Request finished HTTP/2 GET https://localhost:7249/api/Menu/Categories - - - 200 - application/json;+charset=utf-8 777.2115ms
2023-12-20 22:45:00.064 +05:30 [INF] Request starting HTTP/2 GET https://localhost:7249/api/Menu/Categories - -
2023-12-20 22:45:00.065 +05:30 [INF] CORS policy execution successful.
2023-12-20 22:45:00.065 +05:30 [INF] Executing endpoint 'FoodMenuApi.Controllers.MenuController.GetAllFoodCategoriesAsync (FoodMenuApi)'
2023-12-20 22:45:00.065 +05:30 [INF] Route matched with {action = "GetAllFoodCategories", controller = "Menu"}. Executing controller action with signature System.Threading.Tasks.Task`1[Microsoft.AspNetCore.Mvc.IActionResult] GetAllFoodCategoriesAsync() on controller FoodMenuApi.Controllers.MenuController (FoodMenuApi).
2023-12-20 22:45:00.409 +05:30 [INF] Executing OkObjectResult, writing value of type 'System.Collections.Generic.List`1[[FoodMenuApi.Models.FoodCategory, FoodMenuApi, Version=1.0.0.0, Culture=neutral, PublicKeyToken=null]]'.
2023-12-20 22:45:00.416 +05:30 [INF] Executed action FoodMenuApi.Controllers.MenuController.GetAllFoodCategoriesAsync (FoodMenuApi) in 350.8187ms
2023-12-20 22:45:00.416 +05:30 [INF] Executed endpoint 'FoodMenuApi.Controllers.MenuController.GetAllFoodCategoriesAsync (FoodMenuApi)'
2023-12-20 22:45:00.416 +05:30 [INF] Request finished HTTP/2 GET https://localhost:7249/api/Menu/Categories - - - 200 - application/json;+charset=utf-8 351.6535ms
