2023-12-08 10:52:59.307 +05:30 [INF] Now listening on: https://localhost:7249
2023-12-08 10:52:59.565 +05:30 [INF] Now listening on: http://localhost:5189
2023-12-08 10:52:59.576 +05:30 [INF] Application started. Press Ctrl+C to shut down.
2023-12-08 10:52:59.577 +05:30 [INF] Hosting environment: Development
2023-12-08 10:52:59.577 +05:30 [INF] Content root path: C:\Users\Arularasi\Google Drive\MY FILES\Aspire Systems\Angular\Code\Application\Asp.Net Web API\Image Upload\FoodMenuApi\
2023-12-08 10:52:59.677 +05:30 [INF] Request starting HTTP/2 GET https://localhost:7249/swagger/index.html - -
2023-12-08 10:52:59.994 +05:30 [INF] Request finished HTTP/2 GET https://localhost:7249/swagger/index.html - - - 200 - text/html;charset=utf-8 322.2492ms
2023-12-08 10:53:00.294 +05:30 [INF] Request starting HTTP/2 GET https://localhost:7249/_framework/aspnetcore-browser-refresh.js - -
2023-12-08 10:53:00.297 +05:30 [INF] Request finished HTTP/2 GET https://localhost:7249/_framework/aspnetcore-browser-refresh.js - - - 200 11966 application/javascript;+charset=utf-8 2.6840ms
2023-12-08 10:53:00.442 +05:30 [INF] Request starting HTTP/2 GET https://localhost:7249/swagger/v1/swagger.json - -
2023-12-08 10:53:00.697 +05:30 [INF] Request finished HTTP/2 GET https://localhost:7249/swagger/v1/swagger.json - - - 200 - application/json;charset=utf-8 255.0771ms
2023-12-08 10:53:04.306 +05:30 [INF] Request starting HTTP/2 GET https://localhost:7249/ - -
2023-12-08 10:53:04.406 +05:30 [INF] Request finished HTTP/2 GET https://localhost:7249/ - - - 404 0 - 99.6026ms
2023-12-08 10:53:18.940 +05:30 [INF] Request starting HTTP/2 GET https://localhost:7249/swagger/index.html - -
2023-12-08 10:53:18.942 +05:30 [INF] Request finished HTTP/2 GET https://localhost:7249/swagger/index.html - - - 200 - text/html;charset=utf-8 2.1982ms
2023-12-08 10:53:18.984 +05:30 [INF] Request starting HTTP/2 GET https://localhost:7249/_framework/aspnetcore-browser-refresh.js - -
2023-12-08 10:53:18.985 +05:30 [INF] Request finished HTTP/2 GET https://localhost:7249/_framework/aspnetcore-browser-refresh.js - - - 200 11966 application/javascript;+charset=utf-8 0.6933ms
2023-12-08 10:53:19.177 +05:30 [INF] Request starting HTTP/2 GET https://localhost:7249/swagger/v1/swagger.json - -
2023-12-08 10:53:19.181 +05:30 [INF] Request finished HTTP/2 GET https://localhost:7249/swagger/v1/swagger.json - - - 200 - application/json;charset=utf-8 3.6291ms
2023-12-08 10:53:32.009 +05:30 [INF] Request starting HTTP/2 GET https://localhost:7249/api/Menu - -
2023-12-08 10:53:32.030 +05:30 [INF] Executing endpoint 'FoodMenuApi.Controllers.MenuController.GetAllFoodItemsAsync (FoodMenuApi)'
2023-12-08 10:53:32.945 +05:30 [INF] Route matched with {action = "GetAllFoodItems", controller = "Menu"}. Executing controller action with signature System.Threading.Tasks.Task`1[Microsoft.AspNetCore.Mvc.IActionResult] GetAllFoodItemsAsync() on controller FoodMenuApi.Controllers.MenuController (FoodMenuApi).
2023-12-08 10:54:12.487 +05:30 [INF] Executing OkObjectResult, writing value of type 'System.Collections.Generic.List`1[[FoodMenuApi.Models.FoodItem, FoodMenuApi, Version=1.0.0.0, Culture=neutral, PublicKeyToken=null]]'.
2023-12-08 10:54:12.869 +05:30 [INF] Executed action FoodMenuApi.Controllers.MenuController.GetAllFoodItemsAsync (FoodMenuApi) in 39915.781ms
2023-12-08 10:54:12.914 +05:30 [INF] Executed endpoint 'FoodMenuApi.Controllers.MenuController.GetAllFoodItemsAsync (FoodMenuApi)'
2023-12-08 10:54:12.916 +05:30 [INF] Request finished HTTP/2 GET https://localhost:7249/api/Menu - - - 200 - application/json;+charset=utf-8 40907.2608ms
2023-12-08 10:55:46.415 +05:30 [INF] Now listening on: https://localhost:7249
2023-12-08 10:55:46.493 +05:30 [INF] Now listening on: http://localhost:5189
2023-12-08 10:55:46.500 +05:30 [INF] Application started. Press Ctrl+C to shut down.
2023-12-08 10:55:46.507 +05:30 [INF] Hosting environment: Development
2023-12-08 10:55:46.507 +05:30 [INF] Content root path: C:\Users\Arularasi\Google Drive\MY FILES\Aspire Systems\Angular\Code\Application\Asp.Net Web API\Image Upload\FoodMenuApi\
2023-12-08 10:55:48.398 +05:30 [INF] Request starting HTTP/2 GET https://localhost:7249/swagger/index.html - -
2023-12-08 10:55:48.771 +05:30 [INF] Request finished HTTP/2 GET https://localhost:7249/swagger/index.html - - - 200 - text/html;charset=utf-8 379.9058ms
2023-12-08 10:55:48.791 +05:30 [INF] Request starting HTTP/2 GET https://localhost:7249/_framework/aspnetcore-browser-refresh.js - -
2023-12-08 10:55:48.793 +05:30 [INF] Request finished HTTP/2 GET https://localhost:7249/_framework/aspnetcore-browser-refresh.js - - - 200 11966 application/javascript;+charset=utf-8 2.6056ms
2023-12-08 10:55:48.936 +05:30 [INF] Request starting HTTP/2 GET https://localhost:7249/swagger/v1/swagger.json - -
2023-12-08 10:55:49.428 +05:30 [INF] Request finished HTTP/2 GET https://localhost:7249/swagger/v1/swagger.json - - - 200 - application/json;charset=utf-8 492.1386ms
2023-12-08 10:55:53.995 +05:30 [INF] Request starting HTTP/2 GET https://localhost:7249/api/Menu - -
2023-12-08 10:55:54.001 +05:30 [INF] Executing endpoint 'FoodMenuApi.Controllers.MenuController.GetAllFoodItemsAsync (FoodMenuApi)'
2023-12-08 10:55:54.043 +05:30 [INF] Route matched with {action = "GetAllFoodItems", controller = "Menu"}. Executing controller action with signature System.Threading.Tasks.Task`1[Microsoft.AspNetCore.Mvc.IActionResult] GetAllFoodItemsAsync() on controller FoodMenuApi.Controllers.MenuController (FoodMenuApi).
2023-12-08 10:55:56.264 +05:30 [INF] Log all the menus
2023-12-08 10:56:43.308 +05:30 [ERR] An error occurred while retrieving all food items.
Microsoft.Data.SqlClient.SqlException (0x80131904): Connection Timeout Expired.  The timeout period elapsed during the post-login phase.  The connection could have timed out while waiting for server to complete the login process and respond; Or it could have timed out while attempting to create multiple active connections.  The duration spent while attempting to connect to this server was - [Pre-Login] initialization=347; handshake=48; [Login] initialization=3; authentication=11; [Post-Login] complete=14008; 
 ---> System.ComponentModel.Win32Exception (258): The wait operation timed out.
   at Microsoft.Data.SqlClient.SqlInternalConnection.OnError(SqlException exception, Boolean breakConnection, Action`1 wrapCloseInAction)
   at Microsoft.Data.SqlClient.TdsParser.ThrowExceptionAndWarning(TdsParserStateObject stateObj, Boolean callerHasConnectionLock, Boolean asyncClose)
   at Microsoft.Data.SqlClient.TdsParserStateObject.ThrowExceptionAndWarning(Boolean callerHasConnectionLock, Boolean asyncClose)
   at Microsoft.Data.SqlClient.TdsParserStateObject.ReadSniError(TdsParserStateObject stateObj, UInt32 error)
   at Microsoft.Data.SqlClient.TdsParserStateObject.ReadSniSyncOverAsync()
   at Microsoft.Data.SqlClient.TdsParserStateObject.TryReadNetworkPacket()
   at Microsoft.Data.SqlClient.TdsParserStateObject.TryPrepareBuffer()
   at Microsoft.Data.SqlClient.TdsParserStateObject.TryReadByte(Byte& value)
   at Microsoft.Data.SqlClient.TdsParser.TryRun(RunBehavior runBehavior, SqlCommand cmdHandler, SqlDataReader dataStream, BulkCopySimpleResultSet bulkCopyHandler, TdsParserStateObject stateObj, Boolean& dataReady)
   at Microsoft.Data.SqlClient.TdsParser.Run(RunBehavior runBehavior, SqlCommand cmdHandler, SqlDataReader dataStream, BulkCopySimpleResultSet bulkCopyHandler, TdsParserStateObject stateObj)
   at Microsoft.Data.SqlClient.SqlInternalConnectionTds.CompleteLogin(Boolean enlistOK)
   at Microsoft.Data.SqlClient.SqlInternalConnectionTds.AttemptOneLogin(ServerInfo serverInfo, String newPassword, SecureString newSecurePassword, Boolean ignoreSniOpenTimeout, TimeoutTimer timeout, Boolean withFailover)
   at Microsoft.Data.SqlClient.SqlInternalConnectionTds.LoginNoFailover(ServerInfo serverInfo, String newPassword, SecureString newSecurePassword, Boolean redirectedUserInstance, SqlConnectionString connectionOptions, SqlCredential credential, TimeoutTimer timeout)
   at Microsoft.Data.SqlClient.SqlInternalConnectionTds.OpenLoginEnlist(TimeoutTimer timeout, SqlConnectionString connectionOptions, SqlCredential credential, String newPassword, SecureString newSecurePassword, Boolean redirectedUserInstance)
   at Microsoft.Data.SqlClient.SqlInternalConnectionTds..ctor(DbConnectionPoolIdentity identity, SqlConnectionString connectionOptions, SqlCredential credential, Object providerInfo, String newPassword, SecureString newSecurePassword, Boolean redirectedUserInstance, SqlConnectionString userConnectionOptions, SessionData reconnectSessionData, Boolean applyTransientFaultHandling, String accessToken, DbConnectionPool pool)
   at Microsoft.Data.SqlClient.SqlConnectionFactory.CreateConnection(DbConnectionOptions options, DbConnectionPoolKey poolKey, Object poolGroupProviderInfo, DbConnectionPool pool, DbConnection owningConnection, DbConnectionOptions userOptions)
   at Microsoft.Data.ProviderBase.DbConnectionFactory.CreatePooledConnection(DbConnectionPool pool, DbConnection owningObject, DbConnectionOptions options, DbConnectionPoolKey poolKey, DbConnectionOptions userOptions)
   at Microsoft.Data.ProviderBase.DbConnectionPool.CreateObject(DbConnection owningObject, DbConnectionOptions userOptions, DbConnectionInternal oldConnection)
   at Microsoft.Data.ProviderBase.DbConnectionPool.UserCreateRequest(DbConnection owningObject, DbConnectionOptions userOptions, DbConnectionInternal oldConnection)
   at Microsoft.Data.ProviderBase.DbConnectionPool.TryGetConnection(DbConnection owningObject, UInt32 waitForMultipleObjectsTimeout, Boolean allowCreate, Boolean onlyOneCheckConnection, DbConnectionOptions userOptions, DbConnectionInternal& connection)
   at Microsoft.Data.ProviderBase.DbConnectionPool.WaitForPendingOpen()
--- End of stack trace from previous location ---
   at Microsoft.EntityFrameworkCore.Storage.RelationalConnection.OpenInternalAsync(Boolean errorsExpected, CancellationToken cancellationToken)
   at Microsoft.EntityFrameworkCore.Storage.RelationalConnection.OpenInternalAsync(Boolean errorsExpected, CancellationToken cancellationToken)
   at Microsoft.EntityFrameworkCore.Storage.RelationalConnection.OpenAsync(CancellationToken cancellationToken, Boolean errorsExpected)
   at Microsoft.EntityFrameworkCore.Storage.RelationalCommand.ExecuteReaderAsync(RelationalCommandParameterObject parameterObject, CancellationToken cancellationToken)
   at Microsoft.EntityFrameworkCore.Query.Internal.SingleQueryingEnumerable`1.AsyncEnumerator.InitializeReaderAsync(AsyncEnumerator enumerator, CancellationToken cancellationToken)
   at Microsoft.EntityFrameworkCore.SqlServer.Storage.Internal.SqlServerExecutionStrategy.ExecuteAsync[TState,TResult](TState state, Func`4 operation, Func`4 verifySucceeded, CancellationToken cancellationToken)
   at Microsoft.EntityFrameworkCore.Query.Internal.SingleQueryingEnumerable`1.AsyncEnumerator.MoveNextAsync()
   at Microsoft.EntityFrameworkCore.EntityFrameworkQueryableExtensions.ToListAsync[TSource](IQueryable`1 source, CancellationToken cancellationToken)
   at Microsoft.EntityFrameworkCore.EntityFrameworkQueryableExtensions.ToListAsync[TSource](IQueryable`1 source, CancellationToken cancellationToken)
   at FoodMenuApi.Services.MenuService.GetAllFoodItemsAsync() in C:\Users\Arularasi\Google Drive\MY FILES\Aspire Systems\Angular\Code\Application\Asp.Net Web API\Image Upload\FoodMenuApi\Data\Services\MenuService.cs:line 168
   at FoodMenuApi.Controllers.MenuController.GetAllFoodItemsAsync() in C:\Users\Arularasi\Google Drive\MY FILES\Aspire Systems\Angular\Code\Application\Asp.Net Web API\Image Upload\FoodMenuApi\Controllers\MenuController.cs:line 32
ClientConnectionId:251758e3-8d8a-43b6-ab7c-c8c1b01a24a9
Error Number:-2,State:0,Class:11
2023-12-08 10:56:43.329 +05:30 [INF] Executing ObjectResult, writing value of type 'System.String'.
2023-12-08 10:56:43.347 +05:30 [INF] Executed action FoodMenuApi.Controllers.MenuController.GetAllFoodItemsAsync (FoodMenuApi) in 49288.1983ms
2023-12-08 10:56:43.349 +05:30 [INF] Executed endpoint 'FoodMenuApi.Controllers.MenuController.GetAllFoodItemsAsync (FoodMenuApi)'
2023-12-08 10:56:43.351 +05:30 [INF] Request finished HTTP/2 GET https://localhost:7249/api/Menu - - - 500 - text/plain;+charset=utf-8 49355.7130ms
2023-12-08 10:57:02.499 +05:30 [INF] Request starting HTTP/2 GET https://localhost:7249/api/Menu - -
2023-12-08 10:57:02.499 +05:30 [INF] Executing endpoint 'FoodMenuApi.Controllers.MenuController.GetAllFoodItemsAsync (FoodMenuApi)'
2023-12-08 10:57:02.500 +05:30 [INF] Route matched with {action = "GetAllFoodItems", controller = "Menu"}. Executing controller action with signature System.Threading.Tasks.Task`1[Microsoft.AspNetCore.Mvc.IActionResult] GetAllFoodItemsAsync() on controller FoodMenuApi.Controllers.MenuController (FoodMenuApi).
2023-12-08 10:57:02.508 +05:30 [INF] Log all the menus
2023-12-08 10:57:15.550 +05:30 [INF] Executing OkObjectResult, writing value of type 'System.Collections.Generic.List`1[[FoodMenuApi.Models.FoodItem, FoodMenuApi, Version=1.0.0.0, Culture=neutral, PublicKeyToken=null]]'.
2023-12-08 10:57:15.635 +05:30 [INF] Executed action FoodMenuApi.Controllers.MenuController.GetAllFoodItemsAsync (FoodMenuApi) in 13134.9228ms
2023-12-08 10:57:15.635 +05:30 [INF] Executed endpoint 'FoodMenuApi.Controllers.MenuController.GetAllFoodItemsAsync (FoodMenuApi)'
2023-12-08 10:57:15.635 +05:30 [INF] Request finished HTTP/2 GET https://localhost:7249/api/Menu - - - 200 - application/json;+charset=utf-8 13136.4250ms
2023-12-08 11:02:37.315 +05:30 [INF] Now listening on: https://localhost:7249
2023-12-08 11:02:37.459 +05:30 [INF] Request starting HTTP/2 GET https://localhost:7249/swagger/index.html - -
2023-12-08 11:02:38.450 +05:30 [INF] Now listening on: http://localhost:5189
2023-12-08 11:02:38.482 +05:30 [INF] Application started. Press Ctrl+C to shut down.
2023-12-08 11:02:38.484 +05:30 [INF] Hosting environment: Development
2023-12-08 11:02:38.484 +05:30 [INF] Content root path: C:\Users\Arularasi\Google Drive\MY FILES\Aspire Systems\Angular\Code\Application\Asp.Net Web API\Image Upload\FoodMenuApi\
2023-12-08 11:02:38.815 +05:30 [INF] Request finished HTTP/2 GET https://localhost:7249/swagger/index.html - - - 200 - text/html;charset=utf-8 1360.0270ms
2023-12-08 11:02:40.352 +05:30 [INF] Request starting HTTP/2 GET https://localhost:7249/_framework/aspnetcore-browser-refresh.js - -
2023-12-08 11:02:40.355 +05:30 [INF] Request finished HTTP/2 GET https://localhost:7249/_framework/aspnetcore-browser-refresh.js - - - 200 11966 application/javascript;+charset=utf-8 3.3056ms
2023-12-08 11:02:40.593 +05:30 [INF] Request starting HTTP/2 GET https://localhost:7249/swagger/v1/swagger.json - -
2023-12-08 11:02:40.702 +05:30 [INF] Request finished HTTP/2 GET https://localhost:7249/swagger/v1/swagger.json - - - 200 - application/json;charset=utf-8 108.3161ms
2023-12-08 11:09:37.916 +05:30 [INF] Now listening on: https://localhost:7249
2023-12-08 11:09:37.992 +05:30 [INF] Now listening on: http://localhost:5189
2023-12-08 11:09:37.999 +05:30 [INF] Application started. Press Ctrl+C to shut down.
2023-12-08 11:09:38.000 +05:30 [INF] Hosting environment: Development
2023-12-08 11:09:38.000 +05:30 [INF] Content root path: C:\Users\Arularasi\Google Drive\MY FILES\Aspire Systems\Angular\Code\Application\Asp.Net Web API\Image Upload\FoodMenuApi\
2023-12-08 11:09:39.578 +05:30 [INF] Request starting HTTP/2 GET https://localhost:7249/swagger/index.html - -
2023-12-08 11:09:39.807 +05:30 [INF] Request finished HTTP/2 GET https://localhost:7249/swagger/index.html - - - 200 - text/html;charset=utf-8 233.7367ms
2023-12-08 11:09:39.824 +05:30 [INF] Request starting HTTP/2 GET https://localhost:7249/_framework/aspnetcore-browser-refresh.js - -
2023-12-08 11:09:39.825 +05:30 [INF] Request finished HTTP/2 GET https://localhost:7249/_framework/aspnetcore-browser-refresh.js - - - 200 11966 application/javascript;+charset=utf-8 1.7974ms
2023-12-08 11:09:39.900 +05:30 [INF] Request starting HTTP/2 GET https://localhost:7249/swagger/v1/swagger.json - -
2023-12-08 11:09:39.998 +05:30 [INF] Request finished HTTP/2 GET https://localhost:7249/swagger/v1/swagger.json - - - 200 - application/json;charset=utf-8 97.8130ms
2023-12-08 11:23:20.769 +05:30 [INF] Now listening on: https://localhost:7249
2023-12-08 11:23:20.850 +05:30 [INF] Now listening on: http://localhost:5189
2023-12-08 11:23:20.867 +05:30 [INF] Application started. Press Ctrl+C to shut down.
2023-12-08 11:23:20.869 +05:30 [INF] Hosting environment: Development
2023-12-08 11:23:20.869 +05:30 [INF] Content root path: C:\Users\Arularasi\Google Drive\MY FILES\Aspire Systems\Angular\Code\Application\Asp.Net Web API\Image Upload\FoodMenuApi\
2023-12-08 11:23:20.990 +05:30 [INF] Request starting HTTP/2 GET https://localhost:7249/swagger/index.html - -
2023-12-08 11:23:21.270 +05:30 [INF] Request finished HTTP/2 GET https://localhost:7249/swagger/index.html - - - 200 - text/html;charset=utf-8 282.9707ms
2023-12-08 11:23:21.291 +05:30 [INF] Request starting HTTP/2 GET https://localhost:7249/_framework/aspnetcore-browser-refresh.js - -
2023-12-08 11:23:21.293 +05:30 [INF] Request finished HTTP/2 GET https://localhost:7249/_framework/aspnetcore-browser-refresh.js - - - 200 11966 application/javascript;+charset=utf-8 1.9410ms
2023-12-08 11:23:21.421 +05:30 [INF] Request starting HTTP/2 GET https://localhost:7249/swagger/v1/swagger.json - -
2023-12-08 11:23:21.571 +05:30 [INF] Request finished HTTP/2 GET https://localhost:7249/swagger/v1/swagger.json - - - 200 - application/json;charset=utf-8 150.0401ms
2023-12-08 11:38:47.042 +05:30 [INF] Now listening on: https://localhost:7249
2023-12-08 11:38:47.108 +05:30 [INF] Now listening on: http://localhost:5189
2023-12-08 11:38:47.116 +05:30 [INF] Application started. Press Ctrl+C to shut down.
2023-12-08 11:38:47.122 +05:30 [INF] Hosting environment: Development
2023-12-08 11:38:47.122 +05:30 [INF] Content root path: C:\Users\Arularasi\Google Drive\MY FILES\Aspire Systems\Angular\Code\Application\Asp.Net Web API\Image Upload\FoodMenuApi\
2023-12-08 11:38:47.257 +05:30 [INF] Request starting HTTP/2 GET https://localhost:7249/swagger/index.html - -
2023-12-08 11:38:47.513 +05:30 [INF] Request finished HTTP/2 GET https://localhost:7249/swagger/index.html - - - 200 - text/html;charset=utf-8 262.8133ms
2023-12-08 11:38:47.655 +05:30 [INF] Request starting HTTP/2 GET https://localhost:7249/_framework/aspnetcore-browser-refresh.js - -
2023-12-08 11:38:47.665 +05:30 [INF] Request finished HTTP/2 GET https://localhost:7249/_framework/aspnetcore-browser-refresh.js - - - 200 11966 application/javascript;+charset=utf-8 9.2123ms
2023-12-08 11:38:47.886 +05:30 [INF] Request starting HTTP/2 GET https://localhost:7249/swagger/v1/swagger.json - -
2023-12-08 11:38:47.992 +05:30 [INF] Request finished HTTP/2 GET https://localhost:7249/swagger/v1/swagger.json - - - 200 - application/json;charset=utf-8 106.2095ms
2023-12-08 11:38:57.359 +05:30 [INF] Request starting HTTP/2 GET https://localhost:7249/ - -
2023-12-08 11:38:57.377 +05:30 [INF] Request finished HTTP/2 GET https://localhost:7249/ - - - 404 0 - 18.4232ms
2023-12-08 11:39:05.243 +05:30 [INF] Request starting HTTP/2 GET https://localhost:7249/swagger/index.html - -
2023-12-08 11:39:05.245 +05:30 [INF] Request finished HTTP/2 GET https://localhost:7249/swagger/index.html - - - 200 - text/html;charset=utf-8 2.0768ms
2023-12-08 11:39:06.065 +05:30 [INF] Request starting HTTP/2 GET https://localhost:7249/_framework/aspnetcore-browser-refresh.js - -
2023-12-08 11:39:06.066 +05:30 [INF] Request finished HTTP/2 GET https://localhost:7249/_framework/aspnetcore-browser-refresh.js - - - 200 11966 application/javascript;+charset=utf-8 1.4191ms
2023-12-08 11:39:06.297 +05:30 [INF] Request starting HTTP/2 GET https://localhost:7249/swagger/v1/swagger.json - -
2023-12-08 11:39:06.306 +05:30 [INF] Request finished HTTP/2 GET https://localhost:7249/swagger/v1/swagger.json - - - 200 - application/json;charset=utf-8 8.2204ms
2023-12-08 11:39:12.089 +05:30 [INF] Request starting HTTP/2 GET https://localhost:7249/api/Menu - -
2023-12-08 11:39:12.095 +05:30 [INF] Executing endpoint 'FoodMenuApi.Controllers.MenuController.GetAllFoodItemsAsync (FoodMenuApi)'
2023-12-08 11:39:12.147 +05:30 [INF] Route matched with {action = "GetAllFoodItems", controller = "Menu"}. Executing controller action with signature System.Threading.Tasks.Task`1[Microsoft.AspNetCore.Mvc.IActionResult] GetAllFoodItemsAsync() on controller FoodMenuApi.Controllers.MenuController (FoodMenuApi).
2023-12-08 11:40:11.157 +05:30 [ERR] An error occurred while retrieving all food items.
Microsoft.Data.SqlClient.SqlException (0x80131904): Connection Timeout Expired.  The timeout period elapsed during the post-login phase.  The connection could have timed out while waiting for server to complete the login process and respond; Or it could have timed out while attempting to create multiple active connections.  The duration spent while attempting to connect to this server was - [Pre-Login] initialization=723; handshake=51; [Login] initialization=4; authentication=13; [Post-Login] complete=14023; 
 ---> System.ComponentModel.Win32Exception (258): The wait operation timed out.
   at Microsoft.Data.SqlClient.SqlInternalConnection.OnError(SqlException exception, Boolean breakConnection, Action`1 wrapCloseInAction)
   at Microsoft.Data.SqlClient.TdsParser.ThrowExceptionAndWarning(TdsParserStateObject stateObj, Boolean callerHasConnectionLock, Boolean asyncClose)
   at Microsoft.Data.SqlClient.TdsParserStateObject.ThrowExceptionAndWarning(Boolean callerHasConnectionLock, Boolean asyncClose)
   at Microsoft.Data.SqlClient.TdsParserStateObject.ReadSniError(TdsParserStateObject stateObj, UInt32 error)
   at Microsoft.Data.SqlClient.TdsParserStateObject.ReadSniSyncOverAsync()
   at Microsoft.Data.SqlClient.TdsParserStateObject.TryReadNetworkPacket()
   at Microsoft.Data.SqlClient.TdsParserStateObject.TryPrepareBuffer()
   at Microsoft.Data.SqlClient.TdsParserStateObject.TryReadByte(Byte& value)
   at Microsoft.Data.SqlClient.TdsParser.TryRun(RunBehavior runBehavior, SqlCommand cmdHandler, SqlDataReader dataStream, BulkCopySimpleResultSet bulkCopyHandler, TdsParserStateObject stateObj, Boolean& dataReady)
   at Microsoft.Data.SqlClient.TdsParser.Run(RunBehavior runBehavior, SqlCommand cmdHandler, SqlDataReader dataStream, BulkCopySimpleResultSet bulkCopyHandler, TdsParserStateObject stateObj)
   at Microsoft.Data.SqlClient.SqlInternalConnectionTds.CompleteLogin(Boolean enlistOK)
   at Microsoft.Data.SqlClient.SqlInternalConnectionTds.AttemptOneLogin(ServerInfo serverInfo, String newPassword, SecureString newSecurePassword, Boolean ignoreSniOpenTimeout, TimeoutTimer timeout, Boolean withFailover)
   at Microsoft.Data.SqlClient.SqlInternalConnectionTds.LoginNoFailover(ServerInfo serverInfo, String newPassword, SecureString newSecurePassword, Boolean redirectedUserInstance, SqlConnectionString connectionOptions, SqlCredential credential, TimeoutTimer timeout)
   at Microsoft.Data.SqlClient.SqlInternalConnectionTds.OpenLoginEnlist(TimeoutTimer timeout, SqlConnectionString connectionOptions, SqlCredential credential, String newPassword, SecureString newSecurePassword, Boolean redirectedUserInstance)
   at Microsoft.Data.SqlClient.SqlInternalConnectionTds..ctor(DbConnectionPoolIdentity identity, SqlConnectionString connectionOptions, SqlCredential credential, Object providerInfo, String newPassword, SecureString newSecurePassword, Boolean redirectedUserInstance, SqlConnectionString userConnectionOptions, SessionData reconnectSessionData, Boolean applyTransientFaultHandling, String accessToken, DbConnectionPool pool)
   at Microsoft.Data.SqlClient.SqlConnectionFactory.CreateConnection(DbConnectionOptions options, DbConnectionPoolKey poolKey, Object poolGroupProviderInfo, DbConnectionPool pool, DbConnection owningConnection, DbConnectionOptions userOptions)
   at Microsoft.Data.ProviderBase.DbConnectionFactory.CreatePooledConnection(DbConnectionPool pool, DbConnection owningObject, DbConnectionOptions options, DbConnectionPoolKey poolKey, DbConnectionOptions userOptions)
   at Microsoft.Data.ProviderBase.DbConnectionPool.CreateObject(DbConnection owningObject, DbConnectionOptions userOptions, DbConnectionInternal oldConnection)
   at Microsoft.Data.ProviderBase.DbConnectionPool.UserCreateRequest(DbConnection owningObject, DbConnectionOptions userOptions, DbConnectionInternal oldConnection)
   at Microsoft.Data.ProviderBase.DbConnectionPool.TryGetConnection(DbConnection owningObject, UInt32 waitForMultipleObjectsTimeout, Boolean allowCreate, Boolean onlyOneCheckConnection, DbConnectionOptions userOptions, DbConnectionInternal& connection)
   at Microsoft.Data.ProviderBase.DbConnectionPool.WaitForPendingOpen()
--- End of stack trace from previous location ---
   at Microsoft.EntityFrameworkCore.Storage.RelationalConnection.OpenInternalAsync(Boolean errorsExpected, CancellationToken cancellationToken)
   at Microsoft.EntityFrameworkCore.Storage.RelationalConnection.OpenInternalAsync(Boolean errorsExpected, CancellationToken cancellationToken)
   at Microsoft.EntityFrameworkCore.Storage.RelationalConnection.OpenAsync(CancellationToken cancellationToken, Boolean errorsExpected)
   at Microsoft.EntityFrameworkCore.Storage.RelationalCommand.ExecuteReaderAsync(RelationalCommandParameterObject parameterObject, CancellationToken cancellationToken)
   at Microsoft.EntityFrameworkCore.Query.Internal.SingleQueryingEnumerable`1.AsyncEnumerator.InitializeReaderAsync(AsyncEnumerator enumerator, CancellationToken cancellationToken)
   at Microsoft.EntityFrameworkCore.SqlServer.Storage.Internal.SqlServerExecutionStrategy.ExecuteAsync[TState,TResult](TState state, Func`4 operation, Func`4 verifySucceeded, CancellationToken cancellationToken)
   at Microsoft.EntityFrameworkCore.Query.Internal.SingleQueryingEnumerable`1.AsyncEnumerator.MoveNextAsync()
   at Microsoft.EntityFrameworkCore.EntityFrameworkQueryableExtensions.ToListAsync[TSource](IQueryable`1 source, CancellationToken cancellationToken)
   at Microsoft.EntityFrameworkCore.EntityFrameworkQueryableExtensions.ToListAsync[TSource](IQueryable`1 source, CancellationToken cancellationToken)
   at FoodMenuApi.Services.MenuService.GetAllFoodItemsAsync() in C:\Users\Arularasi\Google Drive\MY FILES\Aspire Systems\Angular\Code\Application\Asp.Net Web API\Image Upload\FoodMenuApi\Data\Services\MenuService.cs:line 168
   at FoodMenuApi.Controllers.MenuController.GetAllFoodItemsAsync() in C:\Users\Arularasi\Google Drive\MY FILES\Aspire Systems\Angular\Code\Application\Asp.Net Web API\Image Upload\FoodMenuApi\Controllers\MenuController.cs:line 31
ClientConnectionId:ea02ada9-aa3f-4688-9ff5-d50925d5127f
Error Number:-2,State:0,Class:11
2023-12-08 11:40:11.173 +05:30 [INF] Executing ObjectResult, writing value of type 'System.String'.
2023-12-08 11:40:11.184 +05:30 [INF] Executed action FoodMenuApi.Controllers.MenuController.GetAllFoodItemsAsync (FoodMenuApi) in 59025.9645ms
2023-12-08 11:40:11.185 +05:30 [INF] Executed endpoint 'FoodMenuApi.Controllers.MenuController.GetAllFoodItemsAsync (FoodMenuApi)'
2023-12-08 11:40:11.187 +05:30 [INF] Request finished HTTP/2 GET https://localhost:7249/api/Menu - - - 500 - text/plain;+charset=utf-8 59098.1672ms
2023-12-08 11:40:53.295 +05:30 [INF] Request starting HTTP/2 GET https://localhost:7249/api/Menu - -
2023-12-08 11:40:53.909 +05:30 [INF] Executing endpoint 'FoodMenuApi.Controllers.MenuController.GetAllFoodItemsAsync (FoodMenuApi)'
2023-12-08 11:40:53.910 +05:30 [INF] Route matched with {action = "GetAllFoodItems", controller = "Menu"}. Executing controller action with signature System.Threading.Tasks.Task`1[Microsoft.AspNetCore.Mvc.IActionResult] GetAllFoodItemsAsync() on controller FoodMenuApi.Controllers.MenuController (FoodMenuApi).
2023-12-08 11:40:59.147 +05:30 [INF] Executing OkObjectResult, writing value of type 'System.Collections.Generic.List`1[[FoodMenuApi.Models.FoodItem, FoodMenuApi, Version=1.0.0.0, Culture=neutral, PublicKeyToken=null]]'.
2023-12-08 11:40:59.266 +05:30 [INF] Executed action FoodMenuApi.Controllers.MenuController.GetAllFoodItemsAsync (FoodMenuApi) in 5355.5513ms
2023-12-08 11:40:59.266 +05:30 [INF] Executed endpoint 'FoodMenuApi.Controllers.MenuController.GetAllFoodItemsAsync (FoodMenuApi)'
2023-12-08 11:40:59.266 +05:30 [INF] Request finished HTTP/2 GET https://localhost:7249/api/Menu - - - 200 - application/json;+charset=utf-8 5971.0491ms
2023-12-08 11:41:28.541 +05:30 [INF] Application is shutting down...
2023-12-08 11:41:52.284 +05:30 [INF] Now listening on: https://localhost:7249
2023-12-08 11:41:52.363 +05:30 [INF] Now listening on: http://localhost:5189
2023-12-08 11:41:52.379 +05:30 [INF] Application started. Press Ctrl+C to shut down.
2023-12-08 11:41:52.380 +05:30 [INF] Hosting environment: Development
2023-12-08 11:41:52.380 +05:30 [INF] Content root path: C:\Users\Arularasi\Google Drive\MY FILES\Aspire Systems\Angular\Code\Application\Asp.Net Web API\Image Upload\FoodMenuApi\
2023-12-08 11:41:54.045 +05:30 [INF] Request starting HTTP/2 GET https://localhost:7249/swagger/index.html - -
2023-12-08 11:41:54.536 +05:30 [INF] Request finished HTTP/2 GET https://localhost:7249/swagger/index.html - - - 200 - text/html;charset=utf-8 497.3374ms
2023-12-08 11:41:54.568 +05:30 [INF] Request starting HTTP/2 GET https://localhost:7249/_framework/aspnetcore-browser-refresh.js - -
2023-12-08 11:41:54.572 +05:30 [INF] Request finished HTTP/2 GET https://localhost:7249/_framework/aspnetcore-browser-refresh.js - - - 200 11966 application/javascript;+charset=utf-8 4.3539ms
2023-12-08 11:41:54.788 +05:30 [INF] Request starting HTTP/2 GET https://localhost:7249/swagger/v1/swagger.json - -
2023-12-08 11:41:55.006 +05:30 [INF] Request finished HTTP/2 GET https://localhost:7249/swagger/v1/swagger.json - - - 200 - application/json;charset=utf-8 217.8335ms
