2023-12-11 11:05:02.192 +05:30 [INF] Now listening on: https://localhost:7249
2023-12-11 11:05:02.378 +05:30 [INF] Now listening on: http://localhost:5189
2023-12-11 11:05:02.393 +05:30 [INF] Application started. Press Ctrl+C to shut down.
2023-12-11 11:05:02.395 +05:30 [INF] Hosting environment: Development
2023-12-11 11:05:02.395 +05:30 [INF] Content root path: C:\Users\Arularasi\Google Drive\MY FILES\Aspire Systems\Angular\Code\Application\Asp.Net Web API\Image Upload\FoodMenuApi\
2023-12-11 11:05:03.864 +05:30 [INF] Request starting HTTP/2 GET https://localhost:7249/swagger - -
2023-12-11 11:05:04.324 +05:30 [INF] Request finished HTTP/2 GET https://localhost:7249/swagger - - - 301 0 - 534.1915ms
2023-12-11 11:05:04.341 +05:30 [INF] Request starting HTTP/2 GET https://localhost:7249/swagger/index.html - -
2023-12-11 11:05:04.687 +05:30 [INF] Request finished HTTP/2 GET https://localhost:7249/swagger/index.html - - - 200 - text/html;charset=utf-8 345.9017ms
2023-12-11 11:05:04.869 +05:30 [INF] Request starting HTTP/2 GET https://localhost:7249/_framework/aspnetcore-browser-refresh.js - -
2023-12-11 11:05:04.877 +05:30 [INF] Request finished HTTP/2 GET https://localhost:7249/_framework/aspnetcore-browser-refresh.js - - - 200 11966 application/javascript;+charset=utf-8 8.1515ms
2023-12-11 11:05:05.295 +05:30 [INF] Request starting HTTP/2 GET https://localhost:7249/swagger/v1/swagger.json - -
2023-12-11 11:05:05.762 +05:30 [INF] Request finished HTTP/2 GET https://localhost:7249/swagger/v1/swagger.json - - - 200 - application/json;charset=utf-8 466.8460ms
2023-12-11 12:00:34.597 +05:30 [INF] Request starting HTTP/2 GET https://localhost:7249/_framework/aspnetcore-browser-refresh.js - -
2023-12-11 12:00:34.606 +05:30 [INF] Request finished HTTP/2 GET https://localhost:7249/_framework/aspnetcore-browser-refresh.js - - - 200 11966 application/javascript;+charset=utf-8 10.4069ms
2023-12-11 12:00:39.167 +05:30 [INF] Request starting HTTP/2 GET https://localhost:7249/swagger/v1/swagger.json - -
2023-12-11 12:00:39.201 +05:30 [INF] Request finished HTTP/2 GET https://localhost:7249/swagger/v1/swagger.json - - - 200 - application/json;charset=utf-8 34.1240ms
2023-12-11 12:21:20.578 +05:30 [INF] Request starting HTTP/2 GET https://localhost:7249/api/Menu/Categories - -
2023-12-11 12:21:20.673 +05:30 [INF] CORS policy execution successful.
2023-12-11 12:21:20.723 +05:30 [INF] Executing endpoint 'FoodMenuApi.Controllers.MenuController.GetAllFoodCategoriesAsync (FoodMenuApi)'
2023-12-11 12:21:20.955 +05:30 [INF] Route matched with {action = "GetAllFoodCategories", controller = "Menu"}. Executing controller action with signature System.Threading.Tasks.Task`1[Microsoft.AspNetCore.Mvc.IActionResult] GetAllFoodCategoriesAsync() on controller FoodMenuApi.Controllers.MenuController (FoodMenuApi).
2023-12-11 12:21:27.855 +05:30 [INF] Executing OkObjectResult, writing value of type 'System.Collections.Generic.List`1[[FoodMenuApi.Models.FoodCategory, FoodMenuApi, Version=1.0.0.0, Culture=neutral, PublicKeyToken=null]]'.
2023-12-11 12:21:27.974 +05:30 [INF] Executed action FoodMenuApi.Controllers.MenuController.GetAllFoodCategoriesAsync (FoodMenuApi) in 7009.904ms
2023-12-11 12:21:27.982 +05:30 [INF] Executed endpoint 'FoodMenuApi.Controllers.MenuController.GetAllFoodCategoriesAsync (FoodMenuApi)'
2023-12-11 12:21:27.984 +05:30 [INF] Request finished HTTP/2 GET https://localhost:7249/api/Menu/Categories - - - 200 - application/json;+charset=utf-8 7406.4183ms
2023-12-11 12:21:41.251 +05:30 [INF] Request starting HTTP/2 GET https://localhost:7249/api/Menu/Categories - -
2023-12-11 12:21:41.253 +05:30 [INF] CORS policy execution successful.
2023-12-11 12:21:41.253 +05:30 [INF] Executing endpoint 'FoodMenuApi.Controllers.MenuController.GetAllFoodCategoriesAsync (FoodMenuApi)'
2023-12-11 12:21:41.254 +05:30 [INF] Route matched with {action = "GetAllFoodCategories", controller = "Menu"}. Executing controller action with signature System.Threading.Tasks.Task`1[Microsoft.AspNetCore.Mvc.IActionResult] GetAllFoodCategoriesAsync() on controller FoodMenuApi.Controllers.MenuController (FoodMenuApi).
2023-12-11 12:21:41.693 +05:30 [INF] Executing OkObjectResult, writing value of type 'System.Collections.Generic.List`1[[FoodMenuApi.Models.FoodCategory, FoodMenuApi, Version=1.0.0.0, Culture=neutral, PublicKeyToken=null]]'.
2023-12-11 12:21:41.726 +05:30 [INF] Executed action FoodMenuApi.Controllers.MenuController.GetAllFoodCategoriesAsync (FoodMenuApi) in 471.9988ms
2023-12-11 12:21:41.726 +05:30 [INF] Executed endpoint 'FoodMenuApi.Controllers.MenuController.GetAllFoodCategoriesAsync (FoodMenuApi)'
2023-12-11 12:21:41.727 +05:30 [INF] Request finished HTTP/2 GET https://localhost:7249/api/Menu/Categories - - - 200 - application/json;+charset=utf-8 475.9957ms
2023-12-11 12:21:43.505 +05:30 [INF] Request starting HTTP/2 GET https://localhost:7249/api/Menu/Categories - -
2023-12-11 12:21:43.522 +05:30 [INF] CORS policy execution successful.
2023-12-11 12:21:43.522 +05:30 [INF] Executing endpoint 'FoodMenuApi.Controllers.MenuController.GetAllFoodCategoriesAsync (FoodMenuApi)'
2023-12-11 12:21:43.523 +05:30 [INF] Route matched with {action = "GetAllFoodCategories", controller = "Menu"}. Executing controller action with signature System.Threading.Tasks.Task`1[Microsoft.AspNetCore.Mvc.IActionResult] GetAllFoodCategoriesAsync() on controller FoodMenuApi.Controllers.MenuController (FoodMenuApi).
2023-12-11 12:21:43.897 +05:30 [INF] Executing OkObjectResult, writing value of type 'System.Collections.Generic.List`1[[FoodMenuApi.Models.FoodCategory, FoodMenuApi, Version=1.0.0.0, Culture=neutral, PublicKeyToken=null]]'.
2023-12-11 12:21:43.901 +05:30 [INF] Executed action FoodMenuApi.Controllers.MenuController.GetAllFoodCategoriesAsync (FoodMenuApi) in 377.9096ms
2023-12-11 12:21:43.901 +05:30 [INF] Executed endpoint 'FoodMenuApi.Controllers.MenuController.GetAllFoodCategoriesAsync (FoodMenuApi)'
2023-12-11 12:21:43.901 +05:30 [INF] Request finished HTTP/2 GET https://localhost:7249/api/Menu/Categories - - - 200 - application/json;+charset=utf-8 396.5466ms
2023-12-11 12:22:23.184 +05:30 [INF] Request starting HTTP/2 GET https://localhost:7249/api/Menu/Categories - -
2023-12-11 12:22:23.189 +05:30 [INF] CORS policy execution successful.
2023-12-11 12:22:23.189 +05:30 [INF] Executing endpoint 'FoodMenuApi.Controllers.MenuController.GetAllFoodCategoriesAsync (FoodMenuApi)'
2023-12-11 12:22:23.189 +05:30 [INF] Route matched with {action = "GetAllFoodCategories", controller = "Menu"}. Executing controller action with signature System.Threading.Tasks.Task`1[Microsoft.AspNetCore.Mvc.IActionResult] GetAllFoodCategoriesAsync() on controller FoodMenuApi.Controllers.MenuController (FoodMenuApi).
2023-12-11 12:22:23.304 +05:30 [INF] Executing OkObjectResult, writing value of type 'System.Collections.Generic.List`1[[FoodMenuApi.Models.FoodCategory, FoodMenuApi, Version=1.0.0.0, Culture=neutral, PublicKeyToken=null]]'.
2023-12-11 12:22:23.317 +05:30 [INF] Executed action FoodMenuApi.Controllers.MenuController.GetAllFoodCategoriesAsync (FoodMenuApi) in 127.5249ms
2023-12-11 12:22:23.317 +05:30 [INF] Executed endpoint 'FoodMenuApi.Controllers.MenuController.GetAllFoodCategoriesAsync (FoodMenuApi)'
2023-12-11 12:22:23.318 +05:30 [INF] Request finished HTTP/2 GET https://localhost:7249/api/Menu/Categories - - - 200 - application/json;+charset=utf-8 133.0956ms
2023-12-11 12:22:40.184 +05:30 [INF] Request starting HTTP/2 GET https://localhost:7249/api/Menu/Categories - -
2023-12-11 12:22:40.184 +05:30 [INF] CORS policy execution successful.
2023-12-11 12:22:40.184 +05:30 [INF] Executing endpoint 'FoodMenuApi.Controllers.MenuController.GetAllFoodCategoriesAsync (FoodMenuApi)'
2023-12-11 12:22:40.184 +05:30 [INF] Route matched with {action = "GetAllFoodCategories", controller = "Menu"}. Executing controller action with signature System.Threading.Tasks.Task`1[Microsoft.AspNetCore.Mvc.IActionResult] GetAllFoodCategoriesAsync() on controller FoodMenuApi.Controllers.MenuController (FoodMenuApi).
2023-12-11 12:22:40.243 +05:30 [INF] Executing OkObjectResult, writing value of type 'System.Collections.Generic.List`1[[FoodMenuApi.Models.FoodCategory, FoodMenuApi, Version=1.0.0.0, Culture=neutral, PublicKeyToken=null]]'.
2023-12-11 12:22:40.257 +05:30 [INF] Executed action FoodMenuApi.Controllers.MenuController.GetAllFoodCategoriesAsync (FoodMenuApi) in 73.1714ms
2023-12-11 12:22:40.258 +05:30 [INF] Executed endpoint 'FoodMenuApi.Controllers.MenuController.GetAllFoodCategoriesAsync (FoodMenuApi)'
2023-12-11 12:22:40.258 +05:30 [INF] Request finished HTTP/2 GET https://localhost:7249/api/Menu/Categories - - - 200 - application/json;+charset=utf-8 73.9488ms
2023-12-11 12:23:18.553 +05:30 [INF] Request starting HTTP/2 GET https://localhost:7249/api/Menu/Categories - -
2023-12-11 12:23:18.553 +05:30 [INF] CORS policy execution successful.
2023-12-11 12:23:18.553 +05:30 [INF] Executing endpoint 'FoodMenuApi.Controllers.MenuController.GetAllFoodCategoriesAsync (FoodMenuApi)'
2023-12-11 12:23:18.553 +05:30 [INF] Route matched with {action = "GetAllFoodCategories", controller = "Menu"}. Executing controller action with signature System.Threading.Tasks.Task`1[Microsoft.AspNetCore.Mvc.IActionResult] GetAllFoodCategoriesAsync() on controller FoodMenuApi.Controllers.MenuController (FoodMenuApi).
2023-12-11 12:23:18.620 +05:30 [INF] Executing OkObjectResult, writing value of type 'System.Collections.Generic.List`1[[FoodMenuApi.Models.FoodCategory, FoodMenuApi, Version=1.0.0.0, Culture=neutral, PublicKeyToken=null]]'.
2023-12-11 12:23:18.633 +05:30 [INF] Executed action FoodMenuApi.Controllers.MenuController.GetAllFoodCategoriesAsync (FoodMenuApi) in 79.2282ms
2023-12-11 12:23:18.633 +05:30 [INF] Executed endpoint 'FoodMenuApi.Controllers.MenuController.GetAllFoodCategoriesAsync (FoodMenuApi)'
2023-12-11 12:23:18.633 +05:30 [INF] Request finished HTTP/2 GET https://localhost:7249/api/Menu/Categories - - - 200 - application/json;+charset=utf-8 80.4703ms
2023-12-11 12:23:40.569 +05:30 [INF] Request starting HTTP/2 GET https://localhost:7249/api/Menu/Categories - -
2023-12-11 12:23:40.569 +05:30 [INF] CORS policy execution successful.
2023-12-11 12:23:40.593 +05:30 [INF] Executing endpoint 'FoodMenuApi.Controllers.MenuController.GetAllFoodCategoriesAsync (FoodMenuApi)'
2023-12-11 12:23:40.594 +05:30 [INF] Route matched with {action = "GetAllFoodCategories", controller = "Menu"}. Executing controller action with signature System.Threading.Tasks.Task`1[Microsoft.AspNetCore.Mvc.IActionResult] GetAllFoodCategoriesAsync() on controller FoodMenuApi.Controllers.MenuController (FoodMenuApi).
2023-12-11 12:23:40.648 +05:30 [INF] Executing OkObjectResult, writing value of type 'System.Collections.Generic.List`1[[FoodMenuApi.Models.FoodCategory, FoodMenuApi, Version=1.0.0.0, Culture=neutral, PublicKeyToken=null]]'.
2023-12-11 12:23:40.652 +05:30 [INF] Executed action FoodMenuApi.Controllers.MenuController.GetAllFoodCategoriesAsync (FoodMenuApi) in 58.5121ms
2023-12-11 12:23:40.653 +05:30 [INF] Executed endpoint 'FoodMenuApi.Controllers.MenuController.GetAllFoodCategoriesAsync (FoodMenuApi)'
2023-12-11 12:23:40.653 +05:30 [INF] Request finished HTTP/2 GET https://localhost:7249/api/Menu/Categories - - - 200 - application/json;+charset=utf-8 83.8892ms
2023-12-11 12:23:54.453 +05:30 [INF] Request starting HTTP/2 GET https://localhost:7249/api/Menu/Categories - -
2023-12-11 12:23:54.454 +05:30 [INF] CORS policy execution successful.
2023-12-11 12:23:54.455 +05:30 [INF] Executing endpoint 'FoodMenuApi.Controllers.MenuController.GetAllFoodCategoriesAsync (FoodMenuApi)'
2023-12-11 12:23:54.455 +05:30 [INF] Route matched with {action = "GetAllFoodCategories", controller = "Menu"}. Executing controller action with signature System.Threading.Tasks.Task`1[Microsoft.AspNetCore.Mvc.IActionResult] GetAllFoodCategoriesAsync() on controller FoodMenuApi.Controllers.MenuController (FoodMenuApi).
2023-12-11 12:23:54.522 +05:30 [INF] Executing OkObjectResult, writing value of type 'System.Collections.Generic.List`1[[FoodMenuApi.Models.FoodCategory, FoodMenuApi, Version=1.0.0.0, Culture=neutral, PublicKeyToken=null]]'.
2023-12-11 12:23:54.527 +05:30 [INF] Executed action FoodMenuApi.Controllers.MenuController.GetAllFoodCategoriesAsync (FoodMenuApi) in 72.2944ms
2023-12-11 12:23:54.528 +05:30 [INF] Executed endpoint 'FoodMenuApi.Controllers.MenuController.GetAllFoodCategoriesAsync (FoodMenuApi)'
2023-12-11 12:23:54.528 +05:30 [INF] Request finished HTTP/2 GET https://localhost:7249/api/Menu/Categories - - - 200 - application/json;+charset=utf-8 75.1533ms
2023-12-11 12:24:32.038 +05:30 [INF] Request starting HTTP/2 GET https://localhost:7249/api/Menu/Categories - -
2023-12-11 12:24:32.038 +05:30 [INF] CORS policy execution successful.
2023-12-11 12:24:32.038 +05:30 [INF] Executing endpoint 'FoodMenuApi.Controllers.MenuController.GetAllFoodCategoriesAsync (FoodMenuApi)'
2023-12-11 12:24:32.038 +05:30 [INF] Route matched with {action = "GetAllFoodCategories", controller = "Menu"}. Executing controller action with signature System.Threading.Tasks.Task`1[Microsoft.AspNetCore.Mvc.IActionResult] GetAllFoodCategoriesAsync() on controller FoodMenuApi.Controllers.MenuController (FoodMenuApi).
2023-12-11 12:24:32.109 +05:30 [INF] Executing OkObjectResult, writing value of type 'System.Collections.Generic.List`1[[FoodMenuApi.Models.FoodCategory, FoodMenuApi, Version=1.0.0.0, Culture=neutral, PublicKeyToken=null]]'.
2023-12-11 12:24:32.120 +05:30 [INF] Executed action FoodMenuApi.Controllers.MenuController.GetAllFoodCategoriesAsync (FoodMenuApi) in 80.8922ms
2023-12-11 12:24:32.120 +05:30 [INF] Executed endpoint 'FoodMenuApi.Controllers.MenuController.GetAllFoodCategoriesAsync (FoodMenuApi)'
2023-12-11 12:24:32.120 +05:30 [INF] Request finished HTTP/2 GET https://localhost:7249/api/Menu/Categories - - - 200 - application/json;+charset=utf-8 82.1216ms
2023-12-11 12:38:15.604 +05:30 [INF] Request starting HTTP/2 GET https://localhost:7249/api/Menu/Categories - -
2023-12-11 12:38:15.606 +05:30 [INF] CORS policy execution successful.
2023-12-11 12:38:15.606 +05:30 [INF] Executing endpoint 'FoodMenuApi.Controllers.MenuController.GetAllFoodCategoriesAsync (FoodMenuApi)'
2023-12-11 12:38:15.607 +05:30 [INF] Route matched with {action = "GetAllFoodCategories", controller = "Menu"}. Executing controller action with signature System.Threading.Tasks.Task`1[Microsoft.AspNetCore.Mvc.IActionResult] GetAllFoodCategoriesAsync() on controller FoodMenuApi.Controllers.MenuController (FoodMenuApi).
2023-12-11 12:38:16.277 +05:30 [INF] Executing OkObjectResult, writing value of type 'System.Collections.Generic.List`1[[FoodMenuApi.Models.FoodCategory, FoodMenuApi, Version=1.0.0.0, Culture=neutral, PublicKeyToken=null]]'.
2023-12-11 12:38:16.298 +05:30 [INF] Executed action FoodMenuApi.Controllers.MenuController.GetAllFoodCategoriesAsync (FoodMenuApi) in 690.621ms
2023-12-11 12:38:16.298 +05:30 [INF] Executed endpoint 'FoodMenuApi.Controllers.MenuController.GetAllFoodCategoriesAsync (FoodMenuApi)'
2023-12-11 12:38:16.300 +05:30 [INF] Request finished HTTP/2 GET https://localhost:7249/api/Menu/Categories - - - 200 - application/json;+charset=utf-8 696.0352ms
2023-12-11 12:38:39.595 +05:30 [INF] Request starting HTTP/2 GET https://localhost:7249/api/Menu/Categories - -
2023-12-11 12:38:39.595 +05:30 [INF] CORS policy execution successful.
2023-12-11 12:38:39.596 +05:30 [INF] Executing endpoint 'FoodMenuApi.Controllers.MenuController.GetAllFoodCategoriesAsync (FoodMenuApi)'
2023-12-11 12:38:39.596 +05:30 [INF] Route matched with {action = "GetAllFoodCategories", controller = "Menu"}. Executing controller action with signature System.Threading.Tasks.Task`1[Microsoft.AspNetCore.Mvc.IActionResult] GetAllFoodCategoriesAsync() on controller FoodMenuApi.Controllers.MenuController (FoodMenuApi).
2023-12-11 12:38:39.704 +05:30 [INF] Executing OkObjectResult, writing value of type 'System.Collections.Generic.List`1[[FoodMenuApi.Models.FoodCategory, FoodMenuApi, Version=1.0.0.0, Culture=neutral, PublicKeyToken=null]]'.
2023-12-11 12:38:39.707 +05:30 [INF] Executed action FoodMenuApi.Controllers.MenuController.GetAllFoodCategoriesAsync (FoodMenuApi) in 111.486ms
2023-12-11 12:38:39.708 +05:30 [INF] Executed endpoint 'FoodMenuApi.Controllers.MenuController.GetAllFoodCategoriesAsync (FoodMenuApi)'
2023-12-11 12:38:39.709 +05:30 [INF] Request finished HTTP/2 GET https://localhost:7249/api/Menu/Categories - - - 200 - application/json;+charset=utf-8 113.4503ms
2023-12-11 12:39:39.351 +05:30 [INF] Request starting HTTP/2 GET https://localhost:7249/api/Menu/Categories - -
2023-12-11 12:39:39.352 +05:30 [INF] CORS policy execution successful.
2023-12-11 12:39:39.352 +05:30 [INF] Executing endpoint 'FoodMenuApi.Controllers.MenuController.GetAllFoodCategoriesAsync (FoodMenuApi)'
2023-12-11 12:39:39.355 +05:30 [INF] Route matched with {action = "GetAllFoodCategories", controller = "Menu"}. Executing controller action with signature System.Threading.Tasks.Task`1[Microsoft.AspNetCore.Mvc.IActionResult] GetAllFoodCategoriesAsync() on controller FoodMenuApi.Controllers.MenuController (FoodMenuApi).
2023-12-11 12:39:40.746 +05:30 [INF] Executing OkObjectResult, writing value of type 'System.Collections.Generic.List`1[[FoodMenuApi.Models.FoodCategory, FoodMenuApi, Version=1.0.0.0, Culture=neutral, PublicKeyToken=null]]'.
2023-12-11 12:39:40.752 +05:30 [INF] Executed action FoodMenuApi.Controllers.MenuController.GetAllFoodCategoriesAsync (FoodMenuApi) in 1397.1761ms
2023-12-11 12:39:40.752 +05:30 [INF] Executed endpoint 'FoodMenuApi.Controllers.MenuController.GetAllFoodCategoriesAsync (FoodMenuApi)'
2023-12-11 12:39:40.753 +05:30 [INF] Request finished HTTP/2 GET https://localhost:7249/api/Menu/Categories - - - 200 - application/json;+charset=utf-8 1401.0502ms
2023-12-11 12:49:12.950 +05:30 [INF] Request starting HTTP/2 GET https://localhost:7249/api/Menu/Categories - -
2023-12-11 12:49:12.951 +05:30 [INF] CORS policy execution successful.
2023-12-11 12:49:12.951 +05:30 [INF] Executing endpoint 'FoodMenuApi.Controllers.MenuController.GetAllFoodCategoriesAsync (FoodMenuApi)'
2023-12-11 12:49:12.952 +05:30 [INF] Route matched with {action = "GetAllFoodCategories", controller = "Menu"}. Executing controller action with signature System.Threading.Tasks.Task`1[Microsoft.AspNetCore.Mvc.IActionResult] GetAllFoodCategoriesAsync() on controller FoodMenuApi.Controllers.MenuController (FoodMenuApi).
2023-12-11 12:49:13.514 +05:30 [INF] Executing OkObjectResult, writing value of type 'System.Collections.Generic.List`1[[FoodMenuApi.Models.FoodCategory, FoodMenuApi, Version=1.0.0.0, Culture=neutral, PublicKeyToken=null]]'.
2023-12-11 12:49:13.540 +05:30 [INF] Executed action FoodMenuApi.Controllers.MenuController.GetAllFoodCategoriesAsync (FoodMenuApi) in 587.9195ms
2023-12-11 12:49:13.540 +05:30 [INF] Executed endpoint 'FoodMenuApi.Controllers.MenuController.GetAllFoodCategoriesAsync (FoodMenuApi)'
2023-12-11 12:49:13.542 +05:30 [INF] Request finished HTTP/2 GET https://localhost:7249/api/Menu/Categories - - - 200 - application/json;+charset=utf-8 591.1214ms
2023-12-11 13:05:08.880 +05:30 [INF] Request starting HTTP/2 GET https://localhost:7249/api/Menu/Categories - -
2023-12-11 13:05:08.881 +05:30 [INF] CORS policy execution successful.
2023-12-11 13:05:08.881 +05:30 [INF] Executing endpoint 'FoodMenuApi.Controllers.MenuController.GetAllFoodCategoriesAsync (FoodMenuApi)'
2023-12-11 13:05:08.881 +05:30 [INF] Route matched with {action = "GetAllFoodCategories", controller = "Menu"}. Executing controller action with signature System.Threading.Tasks.Task`1[Microsoft.AspNetCore.Mvc.IActionResult] GetAllFoodCategoriesAsync() on controller FoodMenuApi.Controllers.MenuController (FoodMenuApi).
2023-12-11 13:05:09.499 +05:30 [INF] Executing OkObjectResult, writing value of type 'System.Collections.Generic.List`1[[FoodMenuApi.Models.FoodCategory, FoodMenuApi, Version=1.0.0.0, Culture=neutral, PublicKeyToken=null]]'.
2023-12-11 13:05:09.611 +05:30 [INF] Executed action FoodMenuApi.Controllers.MenuController.GetAllFoodCategoriesAsync (FoodMenuApi) in 729.5582ms
2023-12-11 13:05:09.611 +05:30 [INF] Executed endpoint 'FoodMenuApi.Controllers.MenuController.GetAllFoodCategoriesAsync (FoodMenuApi)'
2023-12-11 13:05:09.611 +05:30 [INF] Request finished HTTP/2 GET https://localhost:7249/api/Menu/Categories - - - 200 - application/json;+charset=utf-8 731.0239ms
