2023-12-16 15:50:15.933 +05:30 [INF] Now listening on: https://localhost:7249
2023-12-16 15:50:16.020 +05:30 [INF] Now listening on: http://localhost:5189
2023-12-16 15:50:16.030 +05:30 [INF] Application started. Press Ctrl+C to shut down.
2023-12-16 15:50:16.031 +05:30 [INF] Hosting environment: Development
2023-12-16 15:50:16.031 +05:30 [INF] Content root path: C:\Users\Arularasi\Google Drive\MY FILES\Aspire Systems\Angular\Code\Application\Asp.Net Web API\Clone\FoodMenuAPI\Menu-API\
2023-12-16 15:50:24.511 +05:30 [INF] Request starting HTTP/2 GET https://localhost:7249/swagger/index.html - -
2023-12-16 15:50:28.061 +05:30 [INF] Request finished HTTP/2 GET https://localhost:7249/swagger/index.html - - - 200 - text/html;charset=utf-8 3751.5540ms
2023-12-16 15:50:28.359 +05:30 [INF] Request starting HTTP/2 GET https://localhost:7249/_framework/aspnetcore-browser-refresh.js - -
2023-12-16 15:50:28.362 +05:30 [INF] Request finished HTTP/2 GET https://localhost:7249/_framework/aspnetcore-browser-refresh.js - - - 200 11966 application/javascript;+charset=utf-8 3.4247ms
2023-12-16 15:50:28.992 +05:30 [INF] Request starting HTTP/2 GET https://localhost:7249/swagger/v1/swagger.json - -
2023-12-16 15:50:29.340 +05:30 [INF] Request finished HTTP/2 GET https://localhost:7249/swagger/v1/swagger.json - - - 200 - application/json;charset=utf-8 347.6541ms
2023-12-16 15:50:34.838 +05:30 [INF] Request starting HTTP/2 GET https://localhost:7249/api/Menu - -
2023-12-16 15:50:34.887 +05:30 [INF] Executing endpoint 'FoodMenuApi.Controllers.MenuController.GetAllFoodItemsAsync (FoodMenuApi)'
2023-12-16 15:50:35.081 +05:30 [INF] Route matched with {action = "GetAllFoodItems", controller = "Menu"}. Executing controller action with signature System.Threading.Tasks.Task`1[Microsoft.AspNetCore.Mvc.IActionResult] GetAllFoodItemsAsync() on controller FoodMenuApi.Controllers.MenuController (FoodMenuApi).
2023-12-16 15:50:45.615 +05:30 [INF] Executing OkObjectResult, writing value of type 'System.Collections.Generic.List`1[[FoodMenuApi.Models.FoodItem, FoodMenuApi, Version=1.0.0.0, Culture=neutral, PublicKeyToken=null]]'.
2023-12-16 15:50:45.789 +05:30 [INF] Executed action FoodMenuApi.Controllers.MenuController.GetAllFoodItemsAsync (FoodMenuApi) in 10694.7764ms
2023-12-16 15:50:45.805 +05:30 [INF] Executed endpoint 'FoodMenuApi.Controllers.MenuController.GetAllFoodItemsAsync (FoodMenuApi)'
2023-12-16 15:50:45.813 +05:30 [INF] Request finished HTTP/2 GET https://localhost:7249/api/Menu - - - 200 - application/json;+charset=utf-8 10974.9584ms
2023-12-16 19:00:22.628 +05:30 [INF] Now listening on: https://localhost:7249
2023-12-16 19:00:27.245 +05:30 [INF] Now listening on: http://localhost:5189
2023-12-16 19:00:27.262 +05:30 [INF] Application started. Press Ctrl+C to shut down.
2023-12-16 19:00:27.263 +05:30 [INF] Hosting environment: Development
2023-12-16 19:00:27.263 +05:30 [INF] Content root path: C:\Users\Arularasi\Google Drive\MY FILES\Aspire Systems\Angular\Code\Application\Asp.Net Web API\Image Upload\FoodMenuApi\
2023-12-16 19:00:30.139 +05:30 [INF] Request starting HTTP/2 GET https://localhost:7249/swagger/index.html - -
2023-12-16 19:00:40.727 +05:30 [INF] Request finished HTTP/2 GET https://localhost:7249/swagger/index.html - - - 200 - text/html;charset=utf-8 10457.7212ms
2023-12-16 19:00:40.884 +05:30 [INF] Request starting HTTP/2 GET https://localhost:7249/_framework/aspnetcore-browser-refresh.js - -
2023-12-16 19:00:41.633 +05:30 [INF] Request finished HTTP/2 GET https://localhost:7249/_framework/aspnetcore-browser-refresh.js - - - 200 11966 application/javascript;+charset=utf-8 748.6971ms
2023-12-16 19:00:43.322 +05:30 [INF] Request starting HTTP/2 GET https://localhost:7249/swagger/v1/swagger.json - -
2023-12-16 19:00:47.017 +05:30 [INF] Request finished HTTP/2 GET https://localhost:7249/swagger/v1/swagger.json - - - 200 - application/json;charset=utf-8 3695.4780ms
2023-12-16 21:18:14.172 +05:30 [INF] Request starting HTTP/2 GET https://localhost:7249/_framework/aspnetcore-browser-refresh.js - -
2023-12-16 21:18:14.175 +05:30 [INF] Request finished HTTP/2 GET https://localhost:7249/_framework/aspnetcore-browser-refresh.js - - - 200 11966 application/javascript;+charset=utf-8 4.7662ms
2023-12-16 21:18:14.614 +05:30 [INF] Request starting HTTP/2 GET https://localhost:7249/swagger/v1/swagger.json - -
2023-12-16 21:18:14.687 +05:30 [INF] Request finished HTTP/2 GET https://localhost:7249/swagger/v1/swagger.json - - - 200 - application/json;charset=utf-8 73.3800ms
