2023-12-10 13:45:58.689 +05:30 [INF] Now listening on: https://localhost:7249
2023-12-10 13:45:58.837 +05:30 [INF] Now listening on: http://localhost:5189
2023-12-10 13:45:58.864 +05:30 [INF] Application started. Press Ctrl+C to shut down.
2023-12-10 13:45:58.865 +05:30 [INF] Hosting environment: Development
2023-12-10 13:45:58.866 +05:30 [INF] Content root path: C:\Users\Arularasi\Google Drive\MY FILES\Aspire Systems\Angular\Code\Application\Asp.Net Web API\Image Upload\FoodMenuApi\
2023-12-10 14:04:28.449 +05:30 [INF] Request starting HTTP/2 GET https://localhost:7249/api/Menu/Categories - -
2023-12-10 14:04:28.854 +05:30 [INF] CORS policy execution successful.
2023-12-10 14:04:28.879 +05:30 [INF] Executing endpoint 'FoodMenuApi.Controllers.MenuController.GetAllFoodCategoriesAsync (FoodMenuApi)'
2023-12-10 14:04:29.206 +05:30 [INF] Route matched with {action = "GetAllFoodCategories", controller = "Menu"}. Executing controller action with signature System.Threading.Tasks.Task`1[Microsoft.AspNetCore.Mvc.IActionResult] GetAllFoodCategoriesAsync() on controller FoodMenuApi.Controllers.MenuController (FoodMenuApi).
2023-12-10 14:04:36.127 +05:30 [INF] Executing OkObjectResult, writing value of type 'System.Collections.Generic.List`1[[FoodMenuApi.Models.FoodCategory, FoodMenuApi, Version=1.0.0.0, Culture=neutral, PublicKeyToken=null]]'.
2023-12-10 14:04:36.333 +05:30 [INF] Executed action FoodMenuApi.Controllers.MenuController.GetAllFoodCategoriesAsync (FoodMenuApi) in 7119.3049ms
2023-12-10 14:04:36.364 +05:30 [INF] Executed endpoint 'FoodMenuApi.Controllers.MenuController.GetAllFoodCategoriesAsync (FoodMenuApi)'
2023-12-10 14:04:36.371 +05:30 [INF] Request finished HTTP/2 GET https://localhost:7249/api/Menu/Categories - - - 0 - application/json;+charset=utf-8 7927.7232ms
2023-12-10 14:46:31.509 +05:30 [INF] Request starting HTTP/2 GET https://localhost:7249/api/Menu/Categories - -
2023-12-10 14:46:31.512 +05:30 [INF] CORS policy execution successful.
2023-12-10 14:46:31.513 +05:30 [INF] Executing endpoint 'FoodMenuApi.Controllers.MenuController.GetAllFoodCategoriesAsync (FoodMenuApi)'
2023-12-10 14:46:31.514 +05:30 [INF] Route matched with {action = "GetAllFoodCategories", controller = "Menu"}. Executing controller action with signature System.Threading.Tasks.Task`1[Microsoft.AspNetCore.Mvc.IActionResult] GetAllFoodCategoriesAsync() on controller FoodMenuApi.Controllers.MenuController (FoodMenuApi).
2023-12-10 14:46:32.309 +05:30 [INF] Executing OkObjectResult, writing value of type 'System.Collections.Generic.List`1[[FoodMenuApi.Models.FoodCategory, FoodMenuApi, Version=1.0.0.0, Culture=neutral, PublicKeyToken=null]]'.
2023-12-10 14:46:32.481 +05:30 [INF] Executed action FoodMenuApi.Controllers.MenuController.GetAllFoodCategoriesAsync (FoodMenuApi) in 966.659ms
2023-12-10 14:46:32.482 +05:30 [INF] Executed endpoint 'FoodMenuApi.Controllers.MenuController.GetAllFoodCategoriesAsync (FoodMenuApi)'
2023-12-10 14:46:32.486 +05:30 [INF] Request finished HTTP/2 GET https://localhost:7249/api/Menu/Categories - - - 200 - application/json;+charset=utf-8 976.9095ms
