2023-12-14 14:03:41.576 +05:30 [INF] Now listening on: https://localhost:7249
2023-12-14 14:03:42.795 +05:30 [INF] Now listening on: http://localhost:5189
2023-12-14 14:03:42.806 +05:30 [INF] Application started. Press Ctrl+C to shut down.
2023-12-14 14:03:42.807 +05:30 [INF] Hosting environment: Development
2023-12-14 14:03:42.807 +05:30 [INF] Content root path: C:\Users\Arularasi\Google Drive\MY FILES\Aspire Systems\Angular\Code\Application\Asp.Net Web API\Image Upload\FoodMenuApi\
2023-12-14 14:04:10.892 +05:30 [INF] Request starting HTTP/2 GET https://localhost:7249/swagger - -
2023-12-14 14:04:14.773 +05:30 [INF] Request starting HTTP/2 GET https://localhost:7249/swagger/index.html - -
2023-12-14 14:04:14.848 +05:30 [INF] Request finished HTTP/2 GET https://localhost:7249/swagger - - - 301 0 - 4015.3880ms
2023-12-14 14:04:16.309 +05:30 [INF] Request finished HTTP/2 GET https://localhost:7249/swagger/index.html - - - 200 - text/html;charset=utf-8 1536.0832ms
2023-12-14 14:04:16.643 +05:30 [INF] Request starting HTTP/2 GET https://localhost:7249/_framework/aspnetcore-browser-refresh.js - -
2023-12-14 14:04:16.667 +05:30 [INF] Request finished HTTP/2 GET https://localhost:7249/_framework/aspnetcore-browser-refresh.js - - - 200 11966 application/javascript;+charset=utf-8 24.3365ms
2023-12-14 14:04:18.425 +05:30 [INF] Request starting HTTP/2 GET https://localhost:7249/swagger/v1/swagger.json - -
2023-12-14 14:04:19.281 +05:30 [INF] Request finished HTTP/2 GET https://localhost:7249/swagger/v1/swagger.json - - - 200 - application/json;charset=utf-8 856.5548ms
2023-12-14 14:43:40.916 +05:30 [INF] Request starting HTTP/2 GET https://localhost:7249/api/Menu/Categories - -
2023-12-14 14:43:41.008 +05:30 [INF] CORS policy execution successful.
2023-12-14 14:43:41.048 +05:30 [INF] Executing endpoint 'FoodMenuApi.Controllers.MenuController.GetAllFoodCategoriesAsync (FoodMenuApi)'
2023-12-14 14:43:41.238 +05:30 [INF] Route matched with {action = "GetAllFoodCategories", controller = "Menu"}. Executing controller action with signature System.Threading.Tasks.Task`1[Microsoft.AspNetCore.Mvc.IActionResult] GetAllFoodCategoriesAsync() on controller FoodMenuApi.Controllers.MenuController (FoodMenuApi).
2023-12-14 14:43:47.496 +05:30 [INF] Executing OkObjectResult, writing value of type 'System.Collections.Generic.List`1[[FoodMenuApi.Models.FoodCategory, FoodMenuApi, Version=1.0.0.0, Culture=neutral, PublicKeyToken=null]]'.
2023-12-14 14:43:47.626 +05:30 [INF] Executed action FoodMenuApi.Controllers.MenuController.GetAllFoodCategoriesAsync (FoodMenuApi) in 6382.7088ms
2023-12-14 14:43:47.637 +05:30 [INF] Executed endpoint 'FoodMenuApi.Controllers.MenuController.GetAllFoodCategoriesAsync (FoodMenuApi)'
2023-12-14 14:43:47.639 +05:30 [INF] Request finished HTTP/2 GET https://localhost:7249/api/Menu/Categories - - - 200 - application/json;+charset=utf-8 6723.9091ms
2023-12-14 14:44:21.234 +05:30 [INF] Request starting HTTP/1.1 GET http://localhost:5189/ - -
2023-12-14 14:44:21.323 +05:30 [INF] Request finished HTTP/1.1 GET http://localhost:5189/ - - - 307 0 - 88.6779ms
2023-12-14 14:44:21.413 +05:30 [INF] Request starting HTTP/2 GET https://localhost:7249/ - -
2023-12-14 14:44:21.413 +05:30 [INF] Request finished HTTP/2 GET https://localhost:7249/ - - - 404 0 - 0.4452ms
2023-12-14 14:44:29.174 +05:30 [INF] Request starting HTTP/2 GET https://localhost:7249/swagger/index.html - -
2023-12-14 14:44:29.175 +05:30 [INF] Request finished HTTP/2 GET https://localhost:7249/swagger/index.html - - - 200 - text/html;charset=utf-8 1.4203ms
2023-12-14 14:44:29.228 +05:30 [INF] Request starting HTTP/2 GET https://localhost:7249/_framework/aspnetcore-browser-refresh.js - -
2023-12-14 14:44:29.229 +05:30 [INF] Request finished HTTP/2 GET https://localhost:7249/_framework/aspnetcore-browser-refresh.js - - - 200 11966 application/javascript;+charset=utf-8 0.4809ms
2023-12-14 14:44:29.754 +05:30 [INF] Request starting HTTP/2 GET https://localhost:7249/swagger/v1/swagger.json - -
2023-12-14 14:44:29.757 +05:30 [INF] Request finished HTTP/2 GET https://localhost:7249/swagger/v1/swagger.json - - - 200 - application/json;charset=utf-8 3.1057ms
2023-12-14 14:44:39.565 +05:30 [INF] Request starting HTTP/2 GET https://localhost:7249/api/Menu - -
2023-12-14 14:44:39.583 +05:30 [INF] Executing endpoint 'FoodMenuApi.Controllers.MenuController.GetAllFoodItemsAsync (FoodMenuApi)'
2023-12-14 14:44:39.589 +05:30 [INF] Route matched with {action = "GetAllFoodItems", controller = "Menu"}. Executing controller action with signature System.Threading.Tasks.Task`1[Microsoft.AspNetCore.Mvc.IActionResult] GetAllFoodItemsAsync() on controller FoodMenuApi.Controllers.MenuController (FoodMenuApi).
2023-12-14 14:44:39.777 +05:30 [INF] Executing OkObjectResult, writing value of type 'System.Collections.Generic.List`1[[FoodMenuApi.Models.FoodItem, FoodMenuApi, Version=1.0.0.0, Culture=neutral, PublicKeyToken=null]]'.
2023-12-14 14:44:39.780 +05:30 [INF] Executed action FoodMenuApi.Controllers.MenuController.GetAllFoodItemsAsync (FoodMenuApi) in 190.7456ms
2023-12-14 14:44:39.780 +05:30 [INF] Executed endpoint 'FoodMenuApi.Controllers.MenuController.GetAllFoodItemsAsync (FoodMenuApi)'
2023-12-14 14:44:39.780 +05:30 [INF] Request finished HTTP/2 GET https://localhost:7249/api/Menu - - - 200 - application/json;+charset=utf-8 215.7454ms
2023-12-14 14:45:07.209 +05:30 [INF] Request starting HTTP/2 DELETE https://localhost:7249/api/Menu/15 - -
2023-12-14 14:45:07.230 +05:30 [INF] CORS policy execution successful.
2023-12-14 14:45:07.230 +05:30 [INF] Executing endpoint 'FoodMenuApi.Controllers.MenuController.DeleteFoodItemAsync (FoodMenuApi)'
2023-12-14 14:45:07.682 +05:30 [INF] Route matched with {action = "DeleteFoodItem", controller = "Menu"}. Executing controller action with signature System.Threading.Tasks.Task`1[Microsoft.AspNetCore.Mvc.IActionResult] DeleteFoodItemAsync(Int32) on controller FoodMenuApi.Controllers.MenuController (FoodMenuApi).
2023-12-14 14:45:08.456 +05:30 [INF] Executing OkObjectResult, writing value of type 'FoodMenuApi.Models.FoodItem'.
2023-12-14 14:45:08.458 +05:30 [INF] Executed action FoodMenuApi.Controllers.MenuController.DeleteFoodItemAsync (FoodMenuApi) in 776.0856ms
2023-12-14 14:45:08.458 +05:30 [INF] Executed endpoint 'FoodMenuApi.Controllers.MenuController.DeleteFoodItemAsync (FoodMenuApi)'
2023-12-14 14:45:08.458 +05:30 [INF] Request finished HTTP/2 DELETE https://localhost:7249/api/Menu/15 - - - 200 - application/json;+charset=utf-8 1249.8417ms
2023-12-14 14:45:29.899 +05:30 [INF] Request starting HTTP/2 GET https://localhost:7249/api/Menu/Categories - -
2023-12-14 14:45:29.901 +05:30 [INF] CORS policy execution successful.
2023-12-14 14:45:29.902 +05:30 [INF] Executing endpoint 'FoodMenuApi.Controllers.MenuController.GetAllFoodCategoriesAsync (FoodMenuApi)'
2023-12-14 14:45:29.902 +05:30 [INF] Route matched with {action = "GetAllFoodCategories", controller = "Menu"}. Executing controller action with signature System.Threading.Tasks.Task`1[Microsoft.AspNetCore.Mvc.IActionResult] GetAllFoodCategoriesAsync() on controller FoodMenuApi.Controllers.MenuController (FoodMenuApi).
2023-12-14 14:45:30.323 +05:30 [INF] Executing OkObjectResult, writing value of type 'System.Collections.Generic.List`1[[FoodMenuApi.Models.FoodCategory, FoodMenuApi, Version=1.0.0.0, Culture=neutral, PublicKeyToken=null]]'.
2023-12-14 14:45:30.328 +05:30 [INF] Executed action FoodMenuApi.Controllers.MenuController.GetAllFoodCategoriesAsync (FoodMenuApi) in 426.4391ms
2023-12-14 14:45:30.329 +05:30 [INF] Executed endpoint 'FoodMenuApi.Controllers.MenuController.GetAllFoodCategoriesAsync (FoodMenuApi)'
2023-12-14 14:45:30.329 +05:30 [INF] Request finished HTTP/2 GET https://localhost:7249/api/Menu/Categories - - - 200 - application/json;+charset=utf-8 430.0766ms
