2023-12-21 11:14:03.390 +05:30 [WRN] As of ""2023-12-21T05:43:51.3129002+00:00"", the heartbeat has been running for ""00:00:02.6277060"" which is longer than ""00:00:01"". This could be caused by thread pool starvation.
2023-12-21 11:14:17.016 +05:30 [INF] Application is shutting down...
2023-12-21 11:15:27.391 +05:30 [INF] Now listening on: https://localhost:7249
2023-12-21 11:15:27.448 +05:30 [INF] Now listening on: http://localhost:5189
2023-12-21 11:15:27.459 +05:30 [INF] Application started. Press Ctrl+C to shut down.
2023-12-21 11:15:27.460 +05:30 [INF] Hosting environment: Development
2023-12-21 11:15:27.576 +05:30 [INF] Content root path: C:\Users\Arularasi\Google Drive\MY FILES\Aspire Systems\Angular\Code\Application\Asp.Net Web API\Image Upload\BackUp\20Dec2023\FoodMenuApi\
2023-12-21 11:15:36.067 +05:30 [INF] Request starting HTTP/2 GET https://localhost:7249/swagger/index.html - -
2023-12-21 11:15:37.019 +05:30 [INF] Request finished HTTP/2 GET https://localhost:7249/swagger/index.html - - - 200 - text/html;charset=utf-8 955.7494ms
2023-12-21 11:15:37.288 +05:30 [INF] Request starting HTTP/2 GET https://localhost:7249/_framework/aspnetcore-browser-refresh.js - -
2023-12-21 11:15:37.336 +05:30 [INF] Request finished HTTP/2 GET https://localhost:7249/_framework/aspnetcore-browser-refresh.js - - - 200 11966 application/javascript;+charset=utf-8 47.8557ms
2023-12-21 11:15:38.138 +05:30 [INF] Request starting HTTP/2 GET https://localhost:7249/swagger/v1/swagger.json - -
2023-12-21 11:15:38.401 +05:30 [INF] Request finished HTTP/2 GET https://localhost:7249/swagger/v1/swagger.json - - - 200 - application/json;charset=utf-8 263.6321ms
2023-12-21 11:44:21.293 +05:30 [INF] Request starting HTTP/2 GET https://localhost:7249/api/Menu/Categories - -
2023-12-21 11:44:21.585 +05:30 [INF] Executing endpoint 'FoodMenuApi.Controllers.MenuController.GetAllFoodCategoriesAsync (FoodMenuApi)'
2023-12-21 11:44:21.764 +05:30 [INF] Route matched with {action = "GetAllFoodCategories", controller = "Menu"}. Executing controller action with signature System.Threading.Tasks.Task`1[Microsoft.AspNetCore.Mvc.IActionResult] GetAllFoodCategoriesAsync() on controller FoodMenuApi.Controllers.MenuController (FoodMenuApi).
2023-12-21 11:44:28.023 +05:30 [INF] Executing OkObjectResult, writing value of type 'System.Collections.Generic.List`1[[FoodMenuApi.Models.FoodCategory, FoodMenuApi, Version=1.0.0.0, Culture=neutral, PublicKeyToken=null]]'.
2023-12-21 11:44:28.199 +05:30 [INF] Executed action FoodMenuApi.Controllers.MenuController.GetAllFoodCategoriesAsync (FoodMenuApi) in 6425.7928ms
2023-12-21 11:44:28.201 +05:30 [INF] Executed endpoint 'FoodMenuApi.Controllers.MenuController.GetAllFoodCategoriesAsync (FoodMenuApi)'
2023-12-21 11:44:28.203 +05:30 [INF] Request finished HTTP/2 GET https://localhost:7249/api/Menu/Categories - - - 200 - application/json;+charset=utf-8 6917.7587ms
2023-12-21 11:44:42.373 +05:30 [INF] Request starting HTTP/2 GET https://localhost:7249/api/Menu/Categories - -
2023-12-21 11:44:42.395 +05:30 [INF] CORS policy execution successful.
2023-12-21 11:44:42.396 +05:30 [INF] Executing endpoint 'FoodMenuApi.Controllers.MenuController.GetAllFoodCategoriesAsync (FoodMenuApi)'
2023-12-21 11:44:42.396 +05:30 [INF] Route matched with {action = "GetAllFoodCategories", controller = "Menu"}. Executing controller action with signature System.Threading.Tasks.Task`1[Microsoft.AspNetCore.Mvc.IActionResult] GetAllFoodCategoriesAsync() on controller FoodMenuApi.Controllers.MenuController (FoodMenuApi).
2023-12-21 11:44:42.434 +05:30 [INF] Executing OkObjectResult, writing value of type 'System.Collections.Generic.List`1[[FoodMenuApi.Models.FoodCategory, FoodMenuApi, Version=1.0.0.0, Culture=neutral, PublicKeyToken=null]]'.
2023-12-21 11:44:42.439 +05:30 [INF] Executed action FoodMenuApi.Controllers.MenuController.GetAllFoodCategoriesAsync (FoodMenuApi) in 42.0454ms
2023-12-21 11:44:42.439 +05:30 [INF] Executed endpoint 'FoodMenuApi.Controllers.MenuController.GetAllFoodCategoriesAsync (FoodMenuApi)'
2023-12-21 11:44:42.440 +05:30 [INF] Request finished HTTP/2 GET https://localhost:7249/api/Menu/Categories - - - 200 - application/json;+charset=utf-8 65.9709ms
2023-12-21 11:52:43.777 +05:30 [INF] Request starting HTTP/2 GET https://localhost:7249/api/Menu/Gallery - -
2023-12-21 11:52:43.902 +05:30 [INF] CORS policy execution successful.
2023-12-21 11:52:43.924 +05:30 [INF] Request finished HTTP/2 GET https://localhost:7249/api/Menu/Gallery - - - 404 0 - 147.1321ms
2023-12-21 11:59:21.388 +05:30 [INF] Request starting HTTP/2 GET https://localhost:7249/api/Menu/Categories - -
2023-12-21 11:59:21.388 +05:30 [INF] CORS policy execution successful.
2023-12-21 11:59:21.388 +05:30 [INF] Executing endpoint 'FoodMenuApi.Controllers.MenuController.GetAllFoodCategoriesAsync (FoodMenuApi)'
2023-12-21 11:59:21.388 +05:30 [INF] Route matched with {action = "GetAllFoodCategories", controller = "Menu"}. Executing controller action with signature System.Threading.Tasks.Task`1[Microsoft.AspNetCore.Mvc.IActionResult] GetAllFoodCategoriesAsync() on controller FoodMenuApi.Controllers.MenuController (FoodMenuApi).
2023-12-21 11:59:23.638 +05:30 [INF] Executing OkObjectResult, writing value of type 'System.Collections.Generic.List`1[[FoodMenuApi.Models.FoodCategory, FoodMenuApi, Version=1.0.0.0, Culture=neutral, PublicKeyToken=null]]'.
2023-12-21 11:59:23.642 +05:30 [INF] Executed action FoodMenuApi.Controllers.MenuController.GetAllFoodCategoriesAsync (FoodMenuApi) in 2254.1268ms
2023-12-21 11:59:23.642 +05:30 [INF] Executed endpoint 'FoodMenuApi.Controllers.MenuController.GetAllFoodCategoriesAsync (FoodMenuApi)'
2023-12-21 11:59:23.643 +05:30 [INF] Request finished HTTP/2 GET https://localhost:7249/api/Menu/Categories - - - 200 - application/json;+charset=utf-8 2255.2546ms
2023-12-21 12:05:07.069 +05:30 [INF] Request starting HTTP/2 GET https://localhost:7249/api/Menu/Categories - -
2023-12-21 12:05:07.069 +05:30 [INF] CORS policy execution successful.
2023-12-21 12:05:07.069 +05:30 [INF] Executing endpoint 'FoodMenuApi.Controllers.MenuController.GetAllFoodCategoriesAsync (FoodMenuApi)'
2023-12-21 12:05:07.069 +05:30 [INF] Route matched with {action = "GetAllFoodCategories", controller = "Menu"}. Executing controller action with signature System.Threading.Tasks.Task`1[Microsoft.AspNetCore.Mvc.IActionResult] GetAllFoodCategoriesAsync() on controller FoodMenuApi.Controllers.MenuController (FoodMenuApi).
2023-12-21 12:05:07.914 +05:30 [INF] Executing OkObjectResult, writing value of type 'System.Collections.Generic.List`1[[FoodMenuApi.Models.FoodCategory, FoodMenuApi, Version=1.0.0.0, Culture=neutral, PublicKeyToken=null]]'.
2023-12-21 12:05:07.922 +05:30 [INF] Executed action FoodMenuApi.Controllers.MenuController.GetAllFoodCategoriesAsync (FoodMenuApi) in 852.9335ms
2023-12-21 12:05:07.922 +05:30 [INF] Executed endpoint 'FoodMenuApi.Controllers.MenuController.GetAllFoodCategoriesAsync (FoodMenuApi)'
2023-12-21 12:05:07.923 +05:30 [INF] Request finished HTTP/2 GET https://localhost:7249/api/Menu/Categories - - - 200 - application/json;+charset=utf-8 854.1426ms
2023-12-21 12:10:41.983 +05:30 [INF] Now listening on: https://localhost:7249
2023-12-21 12:10:43.275 +05:30 [INF] Now listening on: http://localhost:5189
2023-12-21 12:10:43.291 +05:30 [INF] Application started. Press Ctrl+C to shut down.
2023-12-21 12:10:43.295 +05:30 [INF] Hosting environment: Development
2023-12-21 12:10:43.295 +05:30 [INF] Content root path: C:\Users\Arularasi\Google Drive\MY FILES\Aspire Systems\Angular\Code\Application\Asp.Net Web API\Image Upload\FoodMenuApi\
2023-12-21 12:10:53.531 +05:30 [INF] Request starting HTTP/2 GET https://localhost:7249/swagger/index.html - -
2023-12-21 12:11:09.334 +05:30 [INF] Request finished HTTP/2 GET https://localhost:7249/swagger/index.html - - - 200 - text/html;charset=utf-8 14537.3793ms
2023-12-21 12:11:09.336 +05:30 [INF] Request starting HTTP/2 GET https://localhost:7249/_framework/aspnetcore-browser-refresh.js - -
2023-12-21 12:11:09.344 +05:30 [INF] Request finished HTTP/2 GET https://localhost:7249/_framework/aspnetcore-browser-refresh.js - - - 200 11966 application/javascript;+charset=utf-8 7.3168ms
2023-12-21 12:11:13.598 +05:30 [INF] Request starting HTTP/2 GET https://localhost:7249/swagger/v1/swagger.json - -
2023-12-21 12:11:14.773 +05:30 [INF] Request finished HTTP/2 GET https://localhost:7249/swagger/v1/swagger.json - - - 200 - application/json;charset=utf-8 1175.6574ms
2023-12-21 12:12:01.633 +05:30 [INF] Request starting HTTP/2 GET https://localhost:7249/api/Menu/Gallery - -
2023-12-21 12:12:01.684 +05:30 [INF] CORS policy execution successful.
2023-12-21 12:12:01.814 +05:30 [INF] Executing endpoint 'FoodMenuApi.Controllers.MenuController.GetGalleryItemsAsync (FoodMenuApi)'
2023-12-21 12:12:02.678 +05:30 [INF] Route matched with {action = "GetGalleryItems", controller = "Menu"}. Executing controller action with signature System.Threading.Tasks.Task`1[Microsoft.AspNetCore.Mvc.IActionResult] GetGalleryItemsAsync() on controller FoodMenuApi.Controllers.MenuController (FoodMenuApi).
2023-12-21 12:12:17.543 +05:30 [INF] Executing OkObjectResult, writing value of type 'System.Collections.Generic.List`1[[FoodMenuApi.Models.FoodItem, FoodMenuApi, Version=1.0.0.0, Culture=neutral, PublicKeyToken=null]]'.
2023-12-21 12:12:17.810 +05:30 [INF] Executed action FoodMenuApi.Controllers.MenuController.GetGalleryItemsAsync (FoodMenuApi) in 15122.011ms
2023-12-21 12:12:17.866 +05:30 [INF] Executed endpoint 'FoodMenuApi.Controllers.MenuController.GetGalleryItemsAsync (FoodMenuApi)'
2023-12-21 12:12:17.870 +05:30 [INF] Request finished HTTP/2 GET https://localhost:7249/api/Menu/Gallery - - - 200 - application/json;+charset=utf-8 16237.4899ms
2023-12-21 12:13:23.172 +05:30 [INF] Request starting HTTP/2 GET https://localhost:7249/api/Menu/Gallery - -
2023-12-21 12:13:23.175 +05:30 [INF] CORS policy execution successful.
2023-12-21 12:13:23.175 +05:30 [INF] Executing endpoint 'FoodMenuApi.Controllers.MenuController.GetGalleryItemsAsync (FoodMenuApi)'
2023-12-21 12:13:23.175 +05:30 [INF] Route matched with {action = "GetGalleryItems", controller = "Menu"}. Executing controller action with signature System.Threading.Tasks.Task`1[Microsoft.AspNetCore.Mvc.IActionResult] GetGalleryItemsAsync() on controller FoodMenuApi.Controllers.MenuController (FoodMenuApi).
2023-12-21 12:13:23.741 +05:30 [INF] Executing OkObjectResult, writing value of type 'System.Collections.Generic.List`1[[FoodMenuApi.Models.FoodItem, FoodMenuApi, Version=1.0.0.0, Culture=neutral, PublicKeyToken=null]]'.
2023-12-21 12:13:23.813 +05:30 [INF] Executed action FoodMenuApi.Controllers.MenuController.GetGalleryItemsAsync (FoodMenuApi) in 637.5253ms
2023-12-21 12:13:23.813 +05:30 [INF] Executed endpoint 'FoodMenuApi.Controllers.MenuController.GetGalleryItemsAsync (FoodMenuApi)'
2023-12-21 12:13:23.813 +05:30 [INF] Request finished HTTP/2 GET https://localhost:7249/api/Menu/Gallery - - - 200 - application/json;+charset=utf-8 640.6921ms
2023-12-21 12:13:42.765 +05:30 [INF] Request starting HTTP/2 GET https://localhost:7249/api/Menu/Gallery - -
2023-12-21 12:13:42.791 +05:30 [INF] CORS policy execution successful.
2023-12-21 12:13:42.792 +05:30 [INF] Executing endpoint 'FoodMenuApi.Controllers.MenuController.GetGalleryItemsAsync (FoodMenuApi)'
2023-12-21 12:13:42.792 +05:30 [INF] Route matched with {action = "GetGalleryItems", controller = "Menu"}. Executing controller action with signature System.Threading.Tasks.Task`1[Microsoft.AspNetCore.Mvc.IActionResult] GetGalleryItemsAsync() on controller FoodMenuApi.Controllers.MenuController (FoodMenuApi).
2023-12-21 12:13:42.906 +05:30 [INF] Executing OkObjectResult, writing value of type 'System.Collections.Generic.List`1[[FoodMenuApi.Models.FoodItem, FoodMenuApi, Version=1.0.0.0, Culture=neutral, PublicKeyToken=null]]'.
2023-12-21 12:13:42.981 +05:30 [INF] Executed action FoodMenuApi.Controllers.MenuController.GetGalleryItemsAsync (FoodMenuApi) in 188.8801ms
2023-12-21 12:13:42.981 +05:30 [INF] Executed endpoint 'FoodMenuApi.Controllers.MenuController.GetGalleryItemsAsync (FoodMenuApi)'
2023-12-21 12:13:42.981 +05:30 [INF] Request finished HTTP/2 GET https://localhost:7249/api/Menu/Gallery - - - 200 - application/json;+charset=utf-8 216.2822ms
2023-12-21 12:14:37.328 +05:30 [INF] Request starting HTTP/2 GET https://localhost:7249/api/Menu/Gallery - -
2023-12-21 12:14:37.329 +05:30 [INF] CORS policy execution successful.
2023-12-21 12:14:37.329 +05:30 [INF] Executing endpoint 'FoodMenuApi.Controllers.MenuController.GetGalleryItemsAsync (FoodMenuApi)'
2023-12-21 12:14:37.329 +05:30 [INF] Route matched with {action = "GetGalleryItems", controller = "Menu"}. Executing controller action with signature System.Threading.Tasks.Task`1[Microsoft.AspNetCore.Mvc.IActionResult] GetGalleryItemsAsync() on controller FoodMenuApi.Controllers.MenuController (FoodMenuApi).
2023-12-21 12:14:38.040 +05:30 [INF] Executing OkObjectResult, writing value of type 'System.Collections.Generic.List`1[[FoodMenuApi.Models.FoodItem, FoodMenuApi, Version=1.0.0.0, Culture=neutral, PublicKeyToken=null]]'.
2023-12-21 12:14:38.100 +05:30 [INF] Executed action FoodMenuApi.Controllers.MenuController.GetGalleryItemsAsync (FoodMenuApi) in 771.0552ms
2023-12-21 12:14:38.100 +05:30 [INF] Executed endpoint 'FoodMenuApi.Controllers.MenuController.GetGalleryItemsAsync (FoodMenuApi)'
2023-12-21 12:14:38.100 +05:30 [INF] Request finished HTTP/2 GET https://localhost:7249/api/Menu/Gallery - - - 200 - application/json;+charset=utf-8 771.8365ms
2023-12-21 12:16:19.544 +05:30 [INF] Request starting HTTP/2 GET https://localhost:7249/api/Menu/Categories - -
2023-12-21 12:16:19.544 +05:30 [INF] CORS policy execution successful.
2023-12-21 12:16:19.544 +05:30 [INF] Executing endpoint 'FoodMenuApi.Controllers.MenuController.GetAllFoodCategoriesAsync (FoodMenuApi)'
2023-12-21 12:16:19.550 +05:30 [INF] Route matched with {action = "GetAllFoodCategories", controller = "Menu"}. Executing controller action with signature System.Threading.Tasks.Task`1[Microsoft.AspNetCore.Mvc.IActionResult] GetAllFoodCategoriesAsync() on controller FoodMenuApi.Controllers.MenuController (FoodMenuApi).
2023-12-21 12:16:21.804 +05:30 [INF] Executing OkObjectResult, writing value of type 'System.Collections.Generic.List`1[[FoodMenuApi.Models.FoodCategory, FoodMenuApi, Version=1.0.0.0, Culture=neutral, PublicKeyToken=null]]'.
2023-12-21 12:16:21.842 +05:30 [INF] Executed action FoodMenuApi.Controllers.MenuController.GetAllFoodCategoriesAsync (FoodMenuApi) in 2291.9887ms
2023-12-21 12:16:21.842 +05:30 [INF] Executed endpoint 'FoodMenuApi.Controllers.MenuController.GetAllFoodCategoriesAsync (FoodMenuApi)'
2023-12-21 12:16:21.843 +05:30 [INF] Request finished HTTP/2 GET https://localhost:7249/api/Menu/Categories - - - 200 - application/json;+charset=utf-8 2298.9009ms
2023-12-21 12:17:43.215 +05:30 [INF] Request starting HTTP/2 GET https://localhost:7249/api/Menu/Categories - -
2023-12-21 12:17:43.215 +05:30 [INF] CORS policy execution successful.
2023-12-21 12:17:43.215 +05:30 [INF] Executing endpoint 'FoodMenuApi.Controllers.MenuController.GetAllFoodCategoriesAsync (FoodMenuApi)'
2023-12-21 12:17:43.215 +05:30 [INF] Route matched with {action = "GetAllFoodCategories", controller = "Menu"}. Executing controller action with signature System.Threading.Tasks.Task`1[Microsoft.AspNetCore.Mvc.IActionResult] GetAllFoodCategoriesAsync() on controller FoodMenuApi.Controllers.MenuController (FoodMenuApi).
2023-12-21 12:17:46.768 +05:30 [INF] Executing OkObjectResult, writing value of type 'System.Collections.Generic.List`1[[FoodMenuApi.Models.FoodCategory, FoodMenuApi, Version=1.0.0.0, Culture=neutral, PublicKeyToken=null]]'.
2023-12-21 12:17:46.775 +05:30 [INF] Executed action FoodMenuApi.Controllers.MenuController.GetAllFoodCategoriesAsync (FoodMenuApi) in 3559.3605ms
2023-12-21 12:17:46.775 +05:30 [INF] Executed endpoint 'FoodMenuApi.Controllers.MenuController.GetAllFoodCategoriesAsync (FoodMenuApi)'
2023-12-21 12:17:46.775 +05:30 [INF] Request finished HTTP/2 GET https://localhost:7249/api/Menu/Categories - - - 200 - application/json;+charset=utf-8 3560.5196ms
2023-12-21 12:17:51.241 +05:30 [INF] Request starting HTTP/2 GET https://localhost:7249/api/Menu/Gallery - -
2023-12-21 12:17:51.241 +05:30 [INF] CORS policy execution successful.
2023-12-21 12:17:51.241 +05:30 [INF] Executing endpoint 'FoodMenuApi.Controllers.MenuController.GetGalleryItemsAsync (FoodMenuApi)'
2023-12-21 12:17:51.241 +05:30 [INF] Route matched with {action = "GetGalleryItems", controller = "Menu"}. Executing controller action with signature System.Threading.Tasks.Task`1[Microsoft.AspNetCore.Mvc.IActionResult] GetGalleryItemsAsync() on controller FoodMenuApi.Controllers.MenuController (FoodMenuApi).
2023-12-21 12:17:51.476 +05:30 [INF] Executing OkObjectResult, writing value of type 'System.Collections.Generic.List`1[[FoodMenuApi.Models.FoodItem, FoodMenuApi, Version=1.0.0.0, Culture=neutral, PublicKeyToken=null]]'.
2023-12-21 12:17:51.479 +05:30 [INF] Executed action FoodMenuApi.Controllers.MenuController.GetGalleryItemsAsync (FoodMenuApi) in 237.6371ms
2023-12-21 12:17:51.479 +05:30 [INF] Executed endpoint 'FoodMenuApi.Controllers.MenuController.GetGalleryItemsAsync (FoodMenuApi)'
2023-12-21 12:17:51.480 +05:30 [INF] Request finished HTTP/2 GET https://localhost:7249/api/Menu/Gallery - - - 200 - application/json;+charset=utf-8 238.7134ms
2023-12-21 12:18:59.699 +05:30 [INF] Request starting HTTP/2 GET https://localhost:7249/_framework/aspnetcore-browser-refresh.js - -
2023-12-21 12:18:59.699 +05:30 [INF] Request finished HTTP/2 GET https://localhost:7249/_framework/aspnetcore-browser-refresh.js - - - 200 11966 application/javascript;+charset=utf-8 0.4169ms
2023-12-21 12:19:00.360 +05:30 [INF] Request starting HTTP/2 GET https://localhost:7249/swagger/v1/swagger.json - -
2023-12-21 12:19:00.367 +05:30 [INF] Request finished HTTP/2 GET https://localhost:7249/swagger/v1/swagger.json - - - 200 - application/json;charset=utf-8 7.0770ms
2023-12-21 12:22:16.222 +05:30 [INF] Request starting HTTP/2 POST https://localhost:7249/api/Menu multipart/form-data;+boundary=----WebKitFormBoundaryMr7vBv845pn3qc05 62690
2023-12-21 12:22:16.222 +05:30 [INF] CORS policy execution successful.
2023-12-21 12:22:16.222 +05:30 [INF] Executing endpoint 'FoodMenuApi.Controllers.MenuController.AddFoodItemAsync (FoodMenuApi)'
2023-12-21 12:22:16.291 +05:30 [INF] Route matched with {action = "AddFoodItem", controller = "Menu"}. Executing controller action with signature System.Threading.Tasks.Task`1[Microsoft.AspNetCore.Mvc.IActionResult] AddFoodItemAsync(FoodMenuApi.Models.FoodItemRequest) on controller FoodMenuApi.Controllers.MenuController (FoodMenuApi).
2023-12-21 12:22:17.576 +05:30 [INF] Executing OkObjectResult, writing value of type 'FoodMenuApi.Models.FoodItem'.
2023-12-21 12:22:17.577 +05:30 [INF] Executed action FoodMenuApi.Controllers.MenuController.AddFoodItemAsync (FoodMenuApi) in 1285.6675ms
2023-12-21 12:22:17.577 +05:30 [INF] Executed endpoint 'FoodMenuApi.Controllers.MenuController.AddFoodItemAsync (FoodMenuApi)'
2023-12-21 12:22:17.578 +05:30 [INF] Request finished HTTP/2 POST https://localhost:7249/api/Menu multipart/form-data;+boundary=----WebKitFormBoundaryMr7vBv845pn3qc05 62690 - 200 - application/json;+charset=utf-8 1356.0049ms
2023-12-21 12:22:41.298 +05:30 [INF] Request starting HTTP/2 GET https://localhost:7249/api/Menu/Gallery - -
2023-12-21 12:22:41.298 +05:30 [INF] CORS policy execution successful.
2023-12-21 12:22:41.298 +05:30 [INF] Executing endpoint 'FoodMenuApi.Controllers.MenuController.GetGalleryItemsAsync (FoodMenuApi)'
2023-12-21 12:22:41.298 +05:30 [INF] Route matched with {action = "GetGalleryItems", controller = "Menu"}. Executing controller action with signature System.Threading.Tasks.Task`1[Microsoft.AspNetCore.Mvc.IActionResult] GetGalleryItemsAsync() on controller FoodMenuApi.Controllers.MenuController (FoodMenuApi).
2023-12-21 12:22:41.320 +05:30 [INF] Executing OkObjectResult, writing value of type 'System.Collections.Generic.List`1[[FoodMenuApi.Models.FoodItem, FoodMenuApi, Version=1.0.0.0, Culture=neutral, PublicKeyToken=null]]'.
2023-12-21 12:22:41.323 +05:30 [INF] Executed action FoodMenuApi.Controllers.MenuController.GetGalleryItemsAsync (FoodMenuApi) in 24.4283ms
2023-12-21 12:22:41.323 +05:30 [INF] Executed endpoint 'FoodMenuApi.Controllers.MenuController.GetGalleryItemsAsync (FoodMenuApi)'
2023-12-21 12:22:41.324 +05:30 [INF] Request finished HTTP/2 GET https://localhost:7249/api/Menu/Gallery - - - 200 - application/json;+charset=utf-8 25.6767ms
2023-12-21 12:24:24.339 +05:30 [INF] Request starting HTTP/2 GET https://localhost:7249/api/Menu/Gallery - -
2023-12-21 12:24:24.339 +05:30 [INF] CORS policy execution successful.
2023-12-21 12:24:24.339 +05:30 [INF] Executing endpoint 'FoodMenuApi.Controllers.MenuController.GetGalleryItemsAsync (FoodMenuApi)'
2023-12-21 12:24:24.339 +05:30 [INF] Route matched with {action = "GetGalleryItems", controller = "Menu"}. Executing controller action with signature System.Threading.Tasks.Task`1[Microsoft.AspNetCore.Mvc.IActionResult] GetGalleryItemsAsync() on controller FoodMenuApi.Controllers.MenuController (FoodMenuApi).
2023-12-21 12:24:24.460 +05:30 [INF] Executing OkObjectResult, writing value of type 'System.Collections.Generic.List`1[[FoodMenuApi.Models.FoodItem, FoodMenuApi, Version=1.0.0.0, Culture=neutral, PublicKeyToken=null]]'.
2023-12-21 12:24:24.478 +05:30 [INF] Executed action FoodMenuApi.Controllers.MenuController.GetGalleryItemsAsync (FoodMenuApi) in 138.5358ms
2023-12-21 12:24:24.478 +05:30 [INF] Executed endpoint 'FoodMenuApi.Controllers.MenuController.GetGalleryItemsAsync (FoodMenuApi)'
2023-12-21 12:24:24.478 +05:30 [INF] Request finished HTTP/2 GET https://localhost:7249/api/Menu/Gallery - - - 200 - application/json;+charset=utf-8 139.9041ms
2023-12-21 12:25:51.724 +05:30 [INF] Request starting HTTP/2 GET https://localhost:7249/api/Menu/Gallery - -
2023-12-21 12:25:51.725 +05:30 [INF] CORS policy execution successful.
2023-12-21 12:25:51.726 +05:30 [INF] Executing endpoint 'FoodMenuApi.Controllers.MenuController.GetGalleryItemsAsync (FoodMenuApi)'
2023-12-21 12:25:51.726 +05:30 [INF] Route matched with {action = "GetGalleryItems", controller = "Menu"}. Executing controller action with signature System.Threading.Tasks.Task`1[Microsoft.AspNetCore.Mvc.IActionResult] GetGalleryItemsAsync() on controller FoodMenuApi.Controllers.MenuController (FoodMenuApi).
2023-12-21 12:25:51.734 +05:30 [INF] Executing OkObjectResult, writing value of type 'System.Collections.Generic.List`1[[FoodMenuApi.Models.FoodItem, FoodMenuApi, Version=1.0.0.0, Culture=neutral, PublicKeyToken=null]]'.
2023-12-21 12:25:51.742 +05:30 [INF] Executed action FoodMenuApi.Controllers.MenuController.GetGalleryItemsAsync (FoodMenuApi) in 14.9705ms
2023-12-21 12:25:51.742 +05:30 [INF] Executed endpoint 'FoodMenuApi.Controllers.MenuController.GetGalleryItemsAsync (FoodMenuApi)'
2023-12-21 12:25:51.742 +05:30 [INF] Request finished HTTP/2 GET https://localhost:7249/api/Menu/Gallery - - - 200 - application/json;+charset=utf-8 18.9529ms
2023-12-21 12:28:01.307 +05:30 [INF] Request starting HTTP/2 GET https://localhost:7249/api/Menu/Categories - -
2023-12-21 12:28:01.308 +05:30 [INF] CORS policy execution successful.
2023-12-21 12:28:01.308 +05:30 [INF] Executing endpoint 'FoodMenuApi.Controllers.MenuController.GetAllFoodCategoriesAsync (FoodMenuApi)'
2023-12-21 12:28:01.310 +05:30 [INF] Route matched with {action = "GetAllFoodCategories", controller = "Menu"}. Executing controller action with signature System.Threading.Tasks.Task`1[Microsoft.AspNetCore.Mvc.IActionResult] GetAllFoodCategoriesAsync() on controller FoodMenuApi.Controllers.MenuController (FoodMenuApi).
2023-12-21 12:28:01.343 +05:30 [INF] Executing OkObjectResult, writing value of type 'System.Collections.Generic.List`1[[FoodMenuApi.Models.FoodCategory, FoodMenuApi, Version=1.0.0.0, Culture=neutral, PublicKeyToken=null]]'.
2023-12-21 12:28:01.387 +05:30 [INF] Executed action FoodMenuApi.Controllers.MenuController.GetAllFoodCategoriesAsync (FoodMenuApi) in 77.5134ms
2023-12-21 12:28:01.387 +05:30 [INF] Executed endpoint 'FoodMenuApi.Controllers.MenuController.GetAllFoodCategoriesAsync (FoodMenuApi)'
2023-12-21 12:28:01.388 +05:30 [INF] Request finished HTTP/2 GET https://localhost:7249/api/Menu/Categories - - - 200 - application/json;+charset=utf-8 80.4926ms
2023-12-21 12:29:12.617 +05:30 [INF] Request starting HTTP/2 GET https://localhost:7249/api/Menu/Categories - -
2023-12-21 12:29:12.617 +05:30 [INF] CORS policy execution successful.
2023-12-21 12:29:12.617 +05:30 [INF] Executing endpoint 'FoodMenuApi.Controllers.MenuController.GetAllFoodCategoriesAsync (FoodMenuApi)'
2023-12-21 12:29:12.618 +05:30 [INF] Route matched with {action = "GetAllFoodCategories", controller = "Menu"}. Executing controller action with signature System.Threading.Tasks.Task`1[Microsoft.AspNetCore.Mvc.IActionResult] GetAllFoodCategoriesAsync() on controller FoodMenuApi.Controllers.MenuController (FoodMenuApi).
2023-12-21 12:29:12.646 +05:30 [INF] Executing OkObjectResult, writing value of type 'System.Collections.Generic.List`1[[FoodMenuApi.Models.FoodCategory, FoodMenuApi, Version=1.0.0.0, Culture=neutral, PublicKeyToken=null]]'.
2023-12-21 12:29:12.652 +05:30 [INF] Executed action FoodMenuApi.Controllers.MenuController.GetAllFoodCategoriesAsync (FoodMenuApi) in 33.3427ms
2023-12-21 12:29:12.652 +05:30 [INF] Executed endpoint 'FoodMenuApi.Controllers.MenuController.GetAllFoodCategoriesAsync (FoodMenuApi)'
2023-12-21 12:29:12.652 +05:30 [INF] Request finished HTTP/2 GET https://localhost:7249/api/Menu/Categories - - - 200 - application/json;+charset=utf-8 35.3725ms
2023-12-21 12:30:22.579 +05:30 [INF] Request starting HTTP/2 GET https://localhost:7249/api/Menu/Categories - -
2023-12-21 12:30:22.580 +05:30 [INF] CORS policy execution successful.
2023-12-21 12:30:22.580 +05:30 [INF] Executing endpoint 'FoodMenuApi.Controllers.MenuController.GetAllFoodCategoriesAsync (FoodMenuApi)'
2023-12-21 12:30:22.580 +05:30 [INF] Route matched with {action = "GetAllFoodCategories", controller = "Menu"}. Executing controller action with signature System.Threading.Tasks.Task`1[Microsoft.AspNetCore.Mvc.IActionResult] GetAllFoodCategoriesAsync() on controller FoodMenuApi.Controllers.MenuController (FoodMenuApi).
2023-12-21 12:30:22.794 +05:30 [INF] Executing OkObjectResult, writing value of type 'System.Collections.Generic.List`1[[FoodMenuApi.Models.FoodCategory, FoodMenuApi, Version=1.0.0.0, Culture=neutral, PublicKeyToken=null]]'.
2023-12-21 12:30:22.797 +05:30 [INF] Executed action FoodMenuApi.Controllers.MenuController.GetAllFoodCategoriesAsync (FoodMenuApi) in 216.7928ms
2023-12-21 12:30:22.797 +05:30 [INF] Executed endpoint 'FoodMenuApi.Controllers.MenuController.GetAllFoodCategoriesAsync (FoodMenuApi)'
2023-12-21 12:30:22.798 +05:30 [INF] Request finished HTTP/2 GET https://localhost:7249/api/Menu/Categories - - - 200 - application/json;+charset=utf-8 218.9240ms
2023-12-21 12:32:57.292 +05:30 [INF] Request starting HTTP/2 GET https://localhost:7249/api/Menu/Categories - -
2023-12-21 12:32:57.292 +05:30 [INF] CORS policy execution successful.
2023-12-21 12:32:57.292 +05:30 [INF] Executing endpoint 'FoodMenuApi.Controllers.MenuController.GetAllFoodCategoriesAsync (FoodMenuApi)'
2023-12-21 12:32:57.293 +05:30 [INF] Route matched with {action = "GetAllFoodCategories", controller = "Menu"}. Executing controller action with signature System.Threading.Tasks.Task`1[Microsoft.AspNetCore.Mvc.IActionResult] GetAllFoodCategoriesAsync() on controller FoodMenuApi.Controllers.MenuController (FoodMenuApi).
2023-12-21 12:32:57.424 +05:30 [INF] Executing OkObjectResult, writing value of type 'System.Collections.Generic.List`1[[FoodMenuApi.Models.FoodCategory, FoodMenuApi, Version=1.0.0.0, Culture=neutral, PublicKeyToken=null]]'.
2023-12-21 12:32:57.428 +05:30 [INF] Executed action FoodMenuApi.Controllers.MenuController.GetAllFoodCategoriesAsync (FoodMenuApi) in 134.3352ms
2023-12-21 12:32:57.428 +05:30 [INF] Executed endpoint 'FoodMenuApi.Controllers.MenuController.GetAllFoodCategoriesAsync (FoodMenuApi)'
2023-12-21 12:32:57.428 +05:30 [INF] Request finished HTTP/2 GET https://localhost:7249/api/Menu/Categories - - - 200 - application/json;+charset=utf-8 136.6951ms
2023-12-21 12:33:04.189 +05:30 [INF] Request starting HTTP/2 GET https://localhost:7249/api/Menu/Categories - -
2023-12-21 12:33:04.189 +05:30 [INF] CORS policy execution successful.
2023-12-21 12:33:04.189 +05:30 [INF] Executing endpoint 'FoodMenuApi.Controllers.MenuController.GetAllFoodCategoriesAsync (FoodMenuApi)'
2023-12-21 12:33:04.189 +05:30 [INF] Route matched with {action = "GetAllFoodCategories", controller = "Menu"}. Executing controller action with signature System.Threading.Tasks.Task`1[Microsoft.AspNetCore.Mvc.IActionResult] GetAllFoodCategoriesAsync() on controller FoodMenuApi.Controllers.MenuController (FoodMenuApi).
2023-12-21 12:33:04.237 +05:30 [INF] Executing OkObjectResult, writing value of type 'System.Collections.Generic.List`1[[FoodMenuApi.Models.FoodCategory, FoodMenuApi, Version=1.0.0.0, Culture=neutral, PublicKeyToken=null]]'.
2023-12-21 12:33:04.241 +05:30 [INF] Executed action FoodMenuApi.Controllers.MenuController.GetAllFoodCategoriesAsync (FoodMenuApi) in 52.0133ms
2023-12-21 12:33:04.241 +05:30 [INF] Executed endpoint 'FoodMenuApi.Controllers.MenuController.GetAllFoodCategoriesAsync (FoodMenuApi)'
2023-12-21 12:33:04.242 +05:30 [INF] Request finished HTTP/2 GET https://localhost:7249/api/Menu/Categories - - - 200 - application/json;+charset=utf-8 52.7399ms
2023-12-21 12:33:17.097 +05:30 [INF] Request starting HTTP/2 GET https://localhost:7249/api/Menu/Categories - -
2023-12-21 12:33:17.097 +05:30 [INF] CORS policy execution successful.
2023-12-21 12:33:17.098 +05:30 [INF] Executing endpoint 'FoodMenuApi.Controllers.MenuController.GetAllFoodCategoriesAsync (FoodMenuApi)'
2023-12-21 12:33:17.098 +05:30 [INF] Route matched with {action = "GetAllFoodCategories", controller = "Menu"}. Executing controller action with signature System.Threading.Tasks.Task`1[Microsoft.AspNetCore.Mvc.IActionResult] GetAllFoodCategoriesAsync() on controller FoodMenuApi.Controllers.MenuController (FoodMenuApi).
2023-12-21 12:33:17.144 +05:30 [INF] Executing OkObjectResult, writing value of type 'System.Collections.Generic.List`1[[FoodMenuApi.Models.FoodCategory, FoodMenuApi, Version=1.0.0.0, Culture=neutral, PublicKeyToken=null]]'.
2023-12-21 12:33:17.148 +05:30 [INF] Executed action FoodMenuApi.Controllers.MenuController.GetAllFoodCategoriesAsync (FoodMenuApi) in 49.9887ms
2023-12-21 12:33:17.148 +05:30 [INF] Executed endpoint 'FoodMenuApi.Controllers.MenuController.GetAllFoodCategoriesAsync (FoodMenuApi)'
2023-12-21 12:33:17.148 +05:30 [INF] Request finished HTTP/2 GET https://localhost:7249/api/Menu/Categories - - - 200 - application/json;+charset=utf-8 51.2504ms
2023-12-21 12:33:19.310 +05:30 [INF] Request starting HTTP/2 GET https://localhost:7249/api/Menu/Categories - -
2023-12-21 12:33:19.312 +05:30 [INF] CORS policy execution successful.
2023-12-21 12:33:19.312 +05:30 [INF] Executing endpoint 'FoodMenuApi.Controllers.MenuController.GetAllFoodCategoriesAsync (FoodMenuApi)'
2023-12-21 12:33:19.312 +05:30 [INF] Route matched with {action = "GetAllFoodCategories", controller = "Menu"}. Executing controller action with signature System.Threading.Tasks.Task`1[Microsoft.AspNetCore.Mvc.IActionResult] GetAllFoodCategoriesAsync() on controller FoodMenuApi.Controllers.MenuController (FoodMenuApi).
2023-12-21 12:33:19.333 +05:30 [INF] Executing OkObjectResult, writing value of type 'System.Collections.Generic.List`1[[FoodMenuApi.Models.FoodCategory, FoodMenuApi, Version=1.0.0.0, Culture=neutral, PublicKeyToken=null]]'.
2023-12-21 12:33:19.350 +05:30 [INF] Executed action FoodMenuApi.Controllers.MenuController.GetAllFoodCategoriesAsync (FoodMenuApi) in 37.6326ms
2023-12-21 12:33:19.350 +05:30 [INF] Executed endpoint 'FoodMenuApi.Controllers.MenuController.GetAllFoodCategoriesAsync (FoodMenuApi)'
2023-12-21 12:33:19.351 +05:30 [INF] Request finished HTTP/2 GET https://localhost:7249/api/Menu/Categories - - - 200 - application/json;+charset=utf-8 40.4864ms
2023-12-21 12:33:43.659 +05:30 [INF] Request starting HTTP/2 GET https://localhost:7249/api/Menu/Categories - -
2023-12-21 12:33:43.659 +05:30 [INF] CORS policy execution successful.
2023-12-21 12:33:43.659 +05:30 [INF] Executing endpoint 'FoodMenuApi.Controllers.MenuController.GetAllFoodCategoriesAsync (FoodMenuApi)'
2023-12-21 12:33:43.659 +05:30 [INF] Route matched with {action = "GetAllFoodCategories", controller = "Menu"}. Executing controller action with signature System.Threading.Tasks.Task`1[Microsoft.AspNetCore.Mvc.IActionResult] GetAllFoodCategoriesAsync() on controller FoodMenuApi.Controllers.MenuController (FoodMenuApi).
2023-12-21 12:33:43.684 +05:30 [INF] Executing OkObjectResult, writing value of type 'System.Collections.Generic.List`1[[FoodMenuApi.Models.FoodCategory, FoodMenuApi, Version=1.0.0.0, Culture=neutral, PublicKeyToken=null]]'.
2023-12-21 12:33:43.688 +05:30 [INF] Executed action FoodMenuApi.Controllers.MenuController.GetAllFoodCategoriesAsync (FoodMenuApi) in 28.3161ms
2023-12-21 12:33:43.688 +05:30 [INF] Executed endpoint 'FoodMenuApi.Controllers.MenuController.GetAllFoodCategoriesAsync (FoodMenuApi)'
2023-12-21 12:33:43.688 +05:30 [INF] Request finished HTTP/2 GET https://localhost:7249/api/Menu/Categories - - - 200 - application/json;+charset=utf-8 29.1713ms
2023-12-21 12:34:10.966 +05:30 [INF] Request starting HTTP/2 GET https://localhost:7249/api/Menu/Categories - -
2023-12-21 12:34:10.966 +05:30 [INF] CORS policy execution successful.
2023-12-21 12:34:10.966 +05:30 [INF] Executing endpoint 'FoodMenuApi.Controllers.MenuController.GetAllFoodCategoriesAsync (FoodMenuApi)'
2023-12-21 12:34:10.966 +05:30 [INF] Route matched with {action = "GetAllFoodCategories", controller = "Menu"}. Executing controller action with signature System.Threading.Tasks.Task`1[Microsoft.AspNetCore.Mvc.IActionResult] GetAllFoodCategoriesAsync() on controller FoodMenuApi.Controllers.MenuController (FoodMenuApi).
2023-12-21 12:34:11.016 +05:30 [INF] Executing OkObjectResult, writing value of type 'System.Collections.Generic.List`1[[FoodMenuApi.Models.FoodCategory, FoodMenuApi, Version=1.0.0.0, Culture=neutral, PublicKeyToken=null]]'.
2023-12-21 12:34:11.028 +05:30 [INF] Executed action FoodMenuApi.Controllers.MenuController.GetAllFoodCategoriesAsync (FoodMenuApi) in 61.9984ms
2023-12-21 12:34:11.029 +05:30 [INF] Executed endpoint 'FoodMenuApi.Controllers.MenuController.GetAllFoodCategoriesAsync (FoodMenuApi)'
2023-12-21 12:34:11.030 +05:30 [INF] Request finished HTTP/2 GET https://localhost:7249/api/Menu/Categories - - - 200 - application/json;+charset=utf-8 63.8523ms
2023-12-21 12:34:35.902 +05:30 [INF] Request starting HTTP/2 GET https://localhost:7249/api/Menu/Categories - -
2023-12-21 12:34:35.903 +05:30 [INF] CORS policy execution successful.
2023-12-21 12:34:35.903 +05:30 [INF] Executing endpoint 'FoodMenuApi.Controllers.MenuController.GetAllFoodCategoriesAsync (FoodMenuApi)'
2023-12-21 12:34:35.903 +05:30 [INF] Route matched with {action = "GetAllFoodCategories", controller = "Menu"}. Executing controller action with signature System.Threading.Tasks.Task`1[Microsoft.AspNetCore.Mvc.IActionResult] GetAllFoodCategoriesAsync() on controller FoodMenuApi.Controllers.MenuController (FoodMenuApi).
2023-12-21 12:34:35.944 +05:30 [INF] Executing OkObjectResult, writing value of type 'System.Collections.Generic.List`1[[FoodMenuApi.Models.FoodCategory, FoodMenuApi, Version=1.0.0.0, Culture=neutral, PublicKeyToken=null]]'.
2023-12-21 12:34:36.314 +05:30 [INF] Executed action FoodMenuApi.Controllers.MenuController.GetAllFoodCategoriesAsync (FoodMenuApi) in 411.1507ms
2023-12-21 12:34:36.315 +05:30 [INF] Executed endpoint 'FoodMenuApi.Controllers.MenuController.GetAllFoodCategoriesAsync (FoodMenuApi)'
2023-12-21 12:34:36.315 +05:30 [INF] Request finished HTTP/2 GET https://localhost:7249/api/Menu/Categories - - - 200 - application/json;+charset=utf-8 413.0757ms
2023-12-21 12:35:10.632 +05:30 [INF] Request starting HTTP/2 GET https://localhost:7249/api/Menu/Categories - -
2023-12-21 12:35:10.632 +05:30 [INF] CORS policy execution successful.
2023-12-21 12:35:10.633 +05:30 [INF] Executing endpoint 'FoodMenuApi.Controllers.MenuController.GetAllFoodCategoriesAsync (FoodMenuApi)'
2023-12-21 12:35:10.633 +05:30 [INF] Route matched with {action = "GetAllFoodCategories", controller = "Menu"}. Executing controller action with signature System.Threading.Tasks.Task`1[Microsoft.AspNetCore.Mvc.IActionResult] GetAllFoodCategoriesAsync() on controller FoodMenuApi.Controllers.MenuController (FoodMenuApi).
2023-12-21 12:35:10.666 +05:30 [INF] Executing OkObjectResult, writing value of type 'System.Collections.Generic.List`1[[FoodMenuApi.Models.FoodCategory, FoodMenuApi, Version=1.0.0.0, Culture=neutral, PublicKeyToken=null]]'.
2023-12-21 12:35:10.669 +05:30 [INF] Executed action FoodMenuApi.Controllers.MenuController.GetAllFoodCategoriesAsync (FoodMenuApi) in 36.2445ms
2023-12-21 12:35:10.669 +05:30 [INF] Executed endpoint 'FoodMenuApi.Controllers.MenuController.GetAllFoodCategoriesAsync (FoodMenuApi)'
2023-12-21 12:35:10.670 +05:30 [INF] Request finished HTTP/2 GET https://localhost:7249/api/Menu/Categories - - - 200 - application/json;+charset=utf-8 37.3022ms
2023-12-21 12:35:28.402 +05:30 [INF] Request starting HTTP/2 GET https://localhost:7249/api/Menu/Categories - -
2023-12-21 12:35:28.402 +05:30 [INF] CORS policy execution successful.
2023-12-21 12:35:28.402 +05:30 [INF] Executing endpoint 'FoodMenuApi.Controllers.MenuController.GetAllFoodCategoriesAsync (FoodMenuApi)'
2023-12-21 12:35:28.403 +05:30 [INF] Route matched with {action = "GetAllFoodCategories", controller = "Menu"}. Executing controller action with signature System.Threading.Tasks.Task`1[Microsoft.AspNetCore.Mvc.IActionResult] GetAllFoodCategoriesAsync() on controller FoodMenuApi.Controllers.MenuController (FoodMenuApi).
2023-12-21 12:35:28.487 +05:30 [INF] Executing OkObjectResult, writing value of type 'System.Collections.Generic.List`1[[FoodMenuApi.Models.FoodCategory, FoodMenuApi, Version=1.0.0.0, Culture=neutral, PublicKeyToken=null]]'.
2023-12-21 12:35:28.492 +05:30 [INF] Executed action FoodMenuApi.Controllers.MenuController.GetAllFoodCategoriesAsync (FoodMenuApi) in 88.8854ms
2023-12-21 12:35:28.492 +05:30 [INF] Executed endpoint 'FoodMenuApi.Controllers.MenuController.GetAllFoodCategoriesAsync (FoodMenuApi)'
2023-12-21 12:35:28.492 +05:30 [INF] Request finished HTTP/2 GET https://localhost:7249/api/Menu/Categories - - - 200 - application/json;+charset=utf-8 89.9167ms
2023-12-21 12:35:33.668 +05:30 [INF] Request starting HTTP/2 GET https://localhost:7249/api/Menu/8 - -
2023-12-21 12:35:33.668 +05:30 [INF] CORS policy execution successful.
2023-12-21 12:35:33.668 +05:30 [INF] Executing endpoint 'FoodMenuApi.Controllers.MenuController.GetFoodItemAsync (FoodMenuApi)'
2023-12-21 12:35:33.675 +05:30 [INF] Route matched with {action = "GetFoodItem", controller = "Menu"}. Executing controller action with signature System.Threading.Tasks.Task`1[Microsoft.AspNetCore.Mvc.IActionResult] GetFoodItemAsync(Int32) on controller FoodMenuApi.Controllers.MenuController (FoodMenuApi).
2023-12-21 12:35:33.795 +05:30 [INF] Executing OkObjectResult, writing value of type 'FoodMenuApi.Models.FoodItem'.
2023-12-21 12:35:33.796 +05:30 [INF] Executed action FoodMenuApi.Controllers.MenuController.GetFoodItemAsync (FoodMenuApi) in 120.4714ms
2023-12-21 12:35:33.796 +05:30 [INF] Executed endpoint 'FoodMenuApi.Controllers.MenuController.GetFoodItemAsync (FoodMenuApi)'
2023-12-21 12:35:33.796 +05:30 [INF] Request finished HTTP/2 GET https://localhost:7249/api/Menu/8 - - - 200 - application/json;+charset=utf-8 128.4049ms
2023-12-21 12:36:12.440 +05:30 [INF] Request starting HTTP/2 GET https://localhost:7249/api/Menu/8 - -
2023-12-21 12:36:12.440 +05:30 [INF] CORS policy execution successful.
2023-12-21 12:36:12.440 +05:30 [INF] Executing endpoint 'FoodMenuApi.Controllers.MenuController.GetFoodItemAsync (FoodMenuApi)'
2023-12-21 12:36:12.441 +05:30 [INF] Route matched with {action = "GetFoodItem", controller = "Menu"}. Executing controller action with signature System.Threading.Tasks.Task`1[Microsoft.AspNetCore.Mvc.IActionResult] GetFoodItemAsync(Int32) on controller FoodMenuApi.Controllers.MenuController (FoodMenuApi).
2023-12-21 12:36:12.465 +05:30 [INF] Executing OkObjectResult, writing value of type 'FoodMenuApi.Models.FoodItem'.
2023-12-21 12:36:12.469 +05:30 [INF] Executed action FoodMenuApi.Controllers.MenuController.GetFoodItemAsync (FoodMenuApi) in 28.2725ms
2023-12-21 12:36:12.469 +05:30 [INF] Executed endpoint 'FoodMenuApi.Controllers.MenuController.GetFoodItemAsync (FoodMenuApi)'
2023-12-21 12:36:12.470 +05:30 [INF] Request finished HTTP/2 GET https://localhost:7249/api/Menu/8 - - - 200 - application/json;+charset=utf-8 29.9967ms
2023-12-21 12:36:42.222 +05:30 [INF] Request starting HTTP/2 GET https://localhost:7249/api/Menu/Categories - -
2023-12-21 12:36:42.222 +05:30 [INF] CORS policy execution successful.
2023-12-21 12:36:42.222 +05:30 [INF] Executing endpoint 'FoodMenuApi.Controllers.MenuController.GetAllFoodCategoriesAsync (FoodMenuApi)'
2023-12-21 12:36:42.222 +05:30 [INF] Route matched with {action = "GetAllFoodCategories", controller = "Menu"}. Executing controller action with signature System.Threading.Tasks.Task`1[Microsoft.AspNetCore.Mvc.IActionResult] GetAllFoodCategoriesAsync() on controller FoodMenuApi.Controllers.MenuController (FoodMenuApi).
2023-12-21 12:36:42.271 +05:30 [INF] Executing OkObjectResult, writing value of type 'System.Collections.Generic.List`1[[FoodMenuApi.Models.FoodCategory, FoodMenuApi, Version=1.0.0.0, Culture=neutral, PublicKeyToken=null]]'.
2023-12-21 12:36:42.274 +05:30 [INF] Executed action FoodMenuApi.Controllers.MenuController.GetAllFoodCategoriesAsync (FoodMenuApi) in 51.9833ms
2023-12-21 12:36:42.274 +05:30 [INF] Executed endpoint 'FoodMenuApi.Controllers.MenuController.GetAllFoodCategoriesAsync (FoodMenuApi)'
2023-12-21 12:36:42.275 +05:30 [INF] Request finished HTTP/2 GET https://localhost:7249/api/Menu/Categories - - - 200 - application/json;+charset=utf-8 52.7906ms
2023-12-21 12:40:32.885 +05:30 [INF] Request starting HTTP/2 GET https://localhost:7249/api/Menu/Categories - -
2023-12-21 12:40:32.886 +05:30 [INF] CORS policy execution successful.
2023-12-21 12:40:32.886 +05:30 [INF] Executing endpoint 'FoodMenuApi.Controllers.MenuController.GetAllFoodCategoriesAsync (FoodMenuApi)'
2023-12-21 12:40:32.886 +05:30 [INF] Route matched with {action = "GetAllFoodCategories", controller = "Menu"}. Executing controller action with signature System.Threading.Tasks.Task`1[Microsoft.AspNetCore.Mvc.IActionResult] GetAllFoodCategoriesAsync() on controller FoodMenuApi.Controllers.MenuController (FoodMenuApi).
2023-12-21 12:40:32.913 +05:30 [INF] Executing OkObjectResult, writing value of type 'System.Collections.Generic.List`1[[FoodMenuApi.Models.FoodCategory, FoodMenuApi, Version=1.0.0.0, Culture=neutral, PublicKeyToken=null]]'.
2023-12-21 12:40:32.917 +05:30 [INF] Executed action FoodMenuApi.Controllers.MenuController.GetAllFoodCategoriesAsync (FoodMenuApi) in 31.1755ms
2023-12-21 12:40:32.917 +05:30 [INF] Executed endpoint 'FoodMenuApi.Controllers.MenuController.GetAllFoodCategoriesAsync (FoodMenuApi)'
2023-12-21 12:40:32.918 +05:30 [INF] Request finished HTTP/2 GET https://localhost:7249/api/Menu/Categories - - - 200 - application/json;+charset=utf-8 32.2777ms
2023-12-21 12:41:14.516 +05:30 [INF] Request starting HTTP/2 GET https://localhost:7249/api/Menu/Categories - -
2023-12-21 12:41:14.516 +05:30 [INF] CORS policy execution successful.
2023-12-21 12:41:14.516 +05:30 [INF] Executing endpoint 'FoodMenuApi.Controllers.MenuController.GetAllFoodCategoriesAsync (FoodMenuApi)'
2023-12-21 12:41:14.516 +05:30 [INF] Route matched with {action = "GetAllFoodCategories", controller = "Menu"}. Executing controller action with signature System.Threading.Tasks.Task`1[Microsoft.AspNetCore.Mvc.IActionResult] GetAllFoodCategoriesAsync() on controller FoodMenuApi.Controllers.MenuController (FoodMenuApi).
2023-12-21 12:41:14.543 +05:30 [INF] Executing OkObjectResult, writing value of type 'System.Collections.Generic.List`1[[FoodMenuApi.Models.FoodCategory, FoodMenuApi, Version=1.0.0.0, Culture=neutral, PublicKeyToken=null]]'.
2023-12-21 12:41:14.551 +05:30 [INF] Executed action FoodMenuApi.Controllers.MenuController.GetAllFoodCategoriesAsync (FoodMenuApi) in 34.0509ms
2023-12-21 12:41:14.551 +05:30 [INF] Executed endpoint 'FoodMenuApi.Controllers.MenuController.GetAllFoodCategoriesAsync (FoodMenuApi)'
2023-12-21 12:41:14.551 +05:30 [INF] Request finished HTTP/2 GET https://localhost:7249/api/Menu/Categories - - - 200 - application/json;+charset=utf-8 35.0301ms
2023-12-21 12:41:35.530 +05:30 [INF] Request starting HTTP/2 GET https://localhost:7249/api/Menu/Categories - -
2023-12-21 12:41:35.530 +05:30 [INF] CORS policy execution successful.
2023-12-21 12:41:35.530 +05:30 [INF] Executing endpoint 'FoodMenuApi.Controllers.MenuController.GetAllFoodCategoriesAsync (FoodMenuApi)'
2023-12-21 12:41:35.531 +05:30 [INF] Route matched with {action = "GetAllFoodCategories", controller = "Menu"}. Executing controller action with signature System.Threading.Tasks.Task`1[Microsoft.AspNetCore.Mvc.IActionResult] GetAllFoodCategoriesAsync() on controller FoodMenuApi.Controllers.MenuController (FoodMenuApi).
2023-12-21 12:41:35.553 +05:30 [INF] Executing OkObjectResult, writing value of type 'System.Collections.Generic.List`1[[FoodMenuApi.Models.FoodCategory, FoodMenuApi, Version=1.0.0.0, Culture=neutral, PublicKeyToken=null]]'.
2023-12-21 12:41:35.556 +05:30 [INF] Executed action FoodMenuApi.Controllers.MenuController.GetAllFoodCategoriesAsync (FoodMenuApi) in 25.2097ms
2023-12-21 12:41:35.556 +05:30 [INF] Executed endpoint 'FoodMenuApi.Controllers.MenuController.GetAllFoodCategoriesAsync (FoodMenuApi)'
2023-12-21 12:41:35.556 +05:30 [INF] Request finished HTTP/2 GET https://localhost:7249/api/Menu/Categories - - - 200 - application/json;+charset=utf-8 26.0367ms
2023-12-21 12:42:58.365 +05:30 [INF] Request starting HTTP/2 GET https://localhost:7249/api/Menu/Categories - -
2023-12-21 12:42:58.365 +05:30 [INF] CORS policy execution successful.
2023-12-21 12:42:58.366 +05:30 [INF] Executing endpoint 'FoodMenuApi.Controllers.MenuController.GetAllFoodCategoriesAsync (FoodMenuApi)'
2023-12-21 12:42:58.366 +05:30 [INF] Route matched with {action = "GetAllFoodCategories", controller = "Menu"}. Executing controller action with signature System.Threading.Tasks.Task`1[Microsoft.AspNetCore.Mvc.IActionResult] GetAllFoodCategoriesAsync() on controller FoodMenuApi.Controllers.MenuController (FoodMenuApi).
2023-12-21 12:42:58.416 +05:30 [INF] Executing OkObjectResult, writing value of type 'System.Collections.Generic.List`1[[FoodMenuApi.Models.FoodCategory, FoodMenuApi, Version=1.0.0.0, Culture=neutral, PublicKeyToken=null]]'.
2023-12-21 12:42:58.421 +05:30 [INF] Executed action FoodMenuApi.Controllers.MenuController.GetAllFoodCategoriesAsync (FoodMenuApi) in 54.1979ms
2023-12-21 12:42:58.421 +05:30 [INF] Executed endpoint 'FoodMenuApi.Controllers.MenuController.GetAllFoodCategoriesAsync (FoodMenuApi)'
2023-12-21 12:42:58.421 +05:30 [INF] Request finished HTTP/2 GET https://localhost:7249/api/Menu/Categories - - - 200 - application/json;+charset=utf-8 56.7166ms
2023-12-21 12:44:28.552 +05:30 [INF] Request starting HTTP/2 GET https://localhost:7249/api/Menu/Gallery - -
2023-12-21 12:44:28.553 +05:30 [INF] CORS policy execution successful.
2023-12-21 12:44:28.553 +05:30 [INF] Executing endpoint 'FoodMenuApi.Controllers.MenuController.GetGalleryItemsAsync (FoodMenuApi)'
2023-12-21 12:44:28.554 +05:30 [INF] Route matched with {action = "GetGalleryItems", controller = "Menu"}. Executing controller action with signature System.Threading.Tasks.Task`1[Microsoft.AspNetCore.Mvc.IActionResult] GetGalleryItemsAsync() on controller FoodMenuApi.Controllers.MenuController (FoodMenuApi).
2023-12-21 12:44:28.585 +05:30 [INF] Executing OkObjectResult, writing value of type 'System.Collections.Generic.List`1[[FoodMenuApi.Models.FoodItem, FoodMenuApi, Version=1.0.0.0, Culture=neutral, PublicKeyToken=null]]'.
2023-12-21 12:44:28.592 +05:30 [INF] Executed action FoodMenuApi.Controllers.MenuController.GetGalleryItemsAsync (FoodMenuApi) in 37.6625ms
2023-12-21 12:44:28.592 +05:30 [INF] Executed endpoint 'FoodMenuApi.Controllers.MenuController.GetGalleryItemsAsync (FoodMenuApi)'
2023-12-21 12:44:28.593 +05:30 [INF] Request finished HTTP/2 GET https://localhost:7249/api/Menu/Gallery - - - 200 - application/json;+charset=utf-8 40.8823ms
2023-12-21 12:47:32.589 +05:30 [INF] Request starting HTTP/2 POST https://localhost:7249/api/Menu multipart/form-data;+boundary=----WebKitFormBoundaryJ1EoaZ8V723elLJM 33413
2023-12-21 12:47:32.589 +05:30 [INF] CORS policy execution successful.
2023-12-21 12:47:32.590 +05:30 [INF] Executing endpoint 'FoodMenuApi.Controllers.MenuController.AddFoodItemAsync (FoodMenuApi)'
2023-12-21 12:47:32.590 +05:30 [INF] Route matched with {action = "AddFoodItem", controller = "Menu"}. Executing controller action with signature System.Threading.Tasks.Task`1[Microsoft.AspNetCore.Mvc.IActionResult] AddFoodItemAsync(FoodMenuApi.Models.FoodItemRequest) on controller FoodMenuApi.Controllers.MenuController (FoodMenuApi).
2023-12-21 12:47:33.222 +05:30 [INF] Executing OkObjectResult, writing value of type 'FoodMenuApi.Models.FoodItem'.
2023-12-21 12:47:33.222 +05:30 [INF] Executed action FoodMenuApi.Controllers.MenuController.AddFoodItemAsync (FoodMenuApi) in 631.8884ms
2023-12-21 12:47:33.222 +05:30 [INF] Executed endpoint 'FoodMenuApi.Controllers.MenuController.AddFoodItemAsync (FoodMenuApi)'
2023-12-21 12:47:33.223 +05:30 [INF] Request finished HTTP/2 POST https://localhost:7249/api/Menu multipart/form-data;+boundary=----WebKitFormBoundaryJ1EoaZ8V723elLJM 33413 - 200 - application/json;+charset=utf-8 634.0297ms
2023-12-21 12:49:42.282 +05:30 [INF] Request starting HTTP/2 POST https://localhost:7249/api/Menu multipart/form-data;+boundary=----WebKitFormBoundary6BWGwE3ebDfrJESh 36160
2023-12-21 12:49:42.282 +05:30 [INF] CORS policy execution successful.
2023-12-21 12:49:42.282 +05:30 [INF] Executing endpoint 'FoodMenuApi.Controllers.MenuController.AddFoodItemAsync (FoodMenuApi)'
2023-12-21 12:49:42.283 +05:30 [INF] Route matched with {action = "AddFoodItem", controller = "Menu"}. Executing controller action with signature System.Threading.Tasks.Task`1[Microsoft.AspNetCore.Mvc.IActionResult] AddFoodItemAsync(FoodMenuApi.Models.FoodItemRequest) on controller FoodMenuApi.Controllers.MenuController (FoodMenuApi).
2023-12-21 12:49:42.399 +05:30 [INF] Executing OkObjectResult, writing value of type 'FoodMenuApi.Models.FoodItem'.
2023-12-21 12:49:42.400 +05:30 [INF] Executed action FoodMenuApi.Controllers.MenuController.AddFoodItemAsync (FoodMenuApi) in 117.5185ms
2023-12-21 12:49:42.400 +05:30 [INF] Executed endpoint 'FoodMenuApi.Controllers.MenuController.AddFoodItemAsync (FoodMenuApi)'
2023-12-21 12:49:42.401 +05:30 [INF] Request finished HTTP/2 POST https://localhost:7249/api/Menu multipart/form-data;+boundary=----WebKitFormBoundary6BWGwE3ebDfrJESh 36160 - 200 - application/json;+charset=utf-8 118.9089ms
2023-12-21 12:51:10.929 +05:30 [INF] Request starting HTTP/2 POST https://localhost:7249/api/Menu multipart/form-data;+boundary=----WebKitFormBoundaryW7XeK5b2OkUejuv6 37426
2023-12-21 12:51:10.929 +05:30 [INF] CORS policy execution successful.
2023-12-21 12:51:10.929 +05:30 [INF] Executing endpoint 'FoodMenuApi.Controllers.MenuController.AddFoodItemAsync (FoodMenuApi)'
2023-12-21 12:51:10.929 +05:30 [INF] Route matched with {action = "AddFoodItem", controller = "Menu"}. Executing controller action with signature System.Threading.Tasks.Task`1[Microsoft.AspNetCore.Mvc.IActionResult] AddFoodItemAsync(FoodMenuApi.Models.FoodItemRequest) on controller FoodMenuApi.Controllers.MenuController (FoodMenuApi).
2023-12-21 12:51:11.726 +05:30 [INF] Executing OkObjectResult, writing value of type 'FoodMenuApi.Models.FoodItem'.
2023-12-21 12:51:11.727 +05:30 [INF] Executed action FoodMenuApi.Controllers.MenuController.AddFoodItemAsync (FoodMenuApi) in 797.4624ms
2023-12-21 12:51:11.727 +05:30 [INF] Executed endpoint 'FoodMenuApi.Controllers.MenuController.AddFoodItemAsync (FoodMenuApi)'
2023-12-21 12:51:11.727 +05:30 [INF] Request finished HTTP/2 POST https://localhost:7249/api/Menu multipart/form-data;+boundary=----WebKitFormBoundaryW7XeK5b2OkUejuv6 37426 - 200 - application/json;+charset=utf-8 798.1776ms
2023-12-21 12:51:33.523 +05:30 [INF] Request starting HTTP/2 GET https://localhost:7249/api/Menu/Categories - -
2023-12-21 12:51:33.525 +05:30 [INF] CORS policy execution successful.
2023-12-21 12:51:33.525 +05:30 [INF] Executing endpoint 'FoodMenuApi.Controllers.MenuController.GetAllFoodCategoriesAsync (FoodMenuApi)'
2023-12-21 12:51:33.526 +05:30 [INF] Route matched with {action = "GetAllFoodCategories", controller = "Menu"}. Executing controller action with signature System.Threading.Tasks.Task`1[Microsoft.AspNetCore.Mvc.IActionResult] GetAllFoodCategoriesAsync() on controller FoodMenuApi.Controllers.MenuController (FoodMenuApi).
2023-12-21 12:51:33.694 +05:30 [INF] Executing OkObjectResult, writing value of type 'System.Collections.Generic.List`1[[FoodMenuApi.Models.FoodCategory, FoodMenuApi, Version=1.0.0.0, Culture=neutral, PublicKeyToken=null]]'.
2023-12-21 12:51:33.712 +05:30 [INF] Executed action FoodMenuApi.Controllers.MenuController.GetAllFoodCategoriesAsync (FoodMenuApi) in 186.5527ms
2023-12-21 12:51:33.713 +05:30 [INF] Executed endpoint 'FoodMenuApi.Controllers.MenuController.GetAllFoodCategoriesAsync (FoodMenuApi)'
2023-12-21 12:51:33.713 +05:30 [INF] Request finished HTTP/2 GET https://localhost:7249/api/Menu/Categories - - - 200 - application/json;+charset=utf-8 189.6255ms
2023-12-21 12:51:50.447 +05:30 [INF] Request starting HTTP/2 GET https://localhost:7249/api/Menu/Gallery - -
2023-12-21 12:51:50.447 +05:30 [INF] CORS policy execution successful.
2023-12-21 12:51:50.447 +05:30 [INF] Executing endpoint 'FoodMenuApi.Controllers.MenuController.GetGalleryItemsAsync (FoodMenuApi)'
2023-12-21 12:51:50.447 +05:30 [INF] Route matched with {action = "GetGalleryItems", controller = "Menu"}. Executing controller action with signature System.Threading.Tasks.Task`1[Microsoft.AspNetCore.Mvc.IActionResult] GetGalleryItemsAsync() on controller FoodMenuApi.Controllers.MenuController (FoodMenuApi).
2023-12-21 12:51:50.459 +05:30 [INF] Executing OkObjectResult, writing value of type 'System.Collections.Generic.List`1[[FoodMenuApi.Models.FoodItem, FoodMenuApi, Version=1.0.0.0, Culture=neutral, PublicKeyToken=null]]'.
2023-12-21 12:51:50.461 +05:30 [INF] Executed action FoodMenuApi.Controllers.MenuController.GetGalleryItemsAsync (FoodMenuApi) in 13.9573ms
2023-12-21 12:51:50.461 +05:30 [INF] Executed endpoint 'FoodMenuApi.Controllers.MenuController.GetGalleryItemsAsync (FoodMenuApi)'
2023-12-21 12:51:50.461 +05:30 [INF] Request finished HTTP/2 GET https://localhost:7249/api/Menu/Gallery - - - 200 - application/json;+charset=utf-8 14.7066ms
2023-12-21 12:53:00.419 +05:30 [INF] Request starting HTTP/2 GET https://localhost:7249/api/Menu/Categories - -
2023-12-21 12:53:00.419 +05:30 [INF] CORS policy execution successful.
2023-12-21 12:53:00.419 +05:30 [INF] Executing endpoint 'FoodMenuApi.Controllers.MenuController.GetAllFoodCategoriesAsync (FoodMenuApi)'
2023-12-21 12:53:00.419 +05:30 [INF] Route matched with {action = "GetAllFoodCategories", controller = "Menu"}. Executing controller action with signature System.Threading.Tasks.Task`1[Microsoft.AspNetCore.Mvc.IActionResult] GetAllFoodCategoriesAsync() on controller FoodMenuApi.Controllers.MenuController (FoodMenuApi).
2023-12-21 12:53:00.557 +05:30 [INF] Executing OkObjectResult, writing value of type 'System.Collections.Generic.List`1[[FoodMenuApi.Models.FoodCategory, FoodMenuApi, Version=1.0.0.0, Culture=neutral, PublicKeyToken=null]]'.
2023-12-21 12:53:00.566 +05:30 [INF] Executed action FoodMenuApi.Controllers.MenuController.GetAllFoodCategoriesAsync (FoodMenuApi) in 146.4148ms
2023-12-21 12:53:00.566 +05:30 [INF] Executed endpoint 'FoodMenuApi.Controllers.MenuController.GetAllFoodCategoriesAsync (FoodMenuApi)'
2023-12-21 12:53:00.566 +05:30 [INF] Request finished HTTP/2 GET https://localhost:7249/api/Menu/Categories - - - 200 - application/json;+charset=utf-8 147.1180ms
2023-12-21 12:53:05.697 +05:30 [INF] Request starting HTTP/2 GET https://localhost:7249/api/Menu/Gallery - -
2023-12-21 12:53:05.697 +05:30 [INF] CORS policy execution successful.
2023-12-21 12:53:05.697 +05:30 [INF] Executing endpoint 'FoodMenuApi.Controllers.MenuController.GetGalleryItemsAsync (FoodMenuApi)'
2023-12-21 12:53:05.697 +05:30 [INF] Route matched with {action = "GetGalleryItems", controller = "Menu"}. Executing controller action with signature System.Threading.Tasks.Task`1[Microsoft.AspNetCore.Mvc.IActionResult] GetGalleryItemsAsync() on controller FoodMenuApi.Controllers.MenuController (FoodMenuApi).
2023-12-21 12:53:05.712 +05:30 [INF] Executing OkObjectResult, writing value of type 'System.Collections.Generic.List`1[[FoodMenuApi.Models.FoodItem, FoodMenuApi, Version=1.0.0.0, Culture=neutral, PublicKeyToken=null]]'.
2023-12-21 12:53:05.714 +05:30 [INF] Executed action FoodMenuApi.Controllers.MenuController.GetGalleryItemsAsync (FoodMenuApi) in 16.3848ms
2023-12-21 12:53:05.714 +05:30 [INF] Executed endpoint 'FoodMenuApi.Controllers.MenuController.GetGalleryItemsAsync (FoodMenuApi)'
2023-12-21 12:53:05.714 +05:30 [INF] Request finished HTTP/2 GET https://localhost:7249/api/Menu/Gallery - - - 200 - application/json;+charset=utf-8 17.3978ms
2023-12-21 12:53:22.619 +05:30 [INF] Request starting HTTP/2 GET https://localhost:7249/api/Menu/Gallery - -
2023-12-21 12:53:22.619 +05:30 [INF] CORS policy execution successful.
2023-12-21 12:53:22.619 +05:30 [INF] Executing endpoint 'FoodMenuApi.Controllers.MenuController.GetGalleryItemsAsync (FoodMenuApi)'
2023-12-21 12:53:22.619 +05:30 [INF] Route matched with {action = "GetGalleryItems", controller = "Menu"}. Executing controller action with signature System.Threading.Tasks.Task`1[Microsoft.AspNetCore.Mvc.IActionResult] GetGalleryItemsAsync() on controller FoodMenuApi.Controllers.MenuController (FoodMenuApi).
2023-12-21 12:53:22.624 +05:30 [INF] Executing OkObjectResult, writing value of type 'System.Collections.Generic.List`1[[FoodMenuApi.Models.FoodItem, FoodMenuApi, Version=1.0.0.0, Culture=neutral, PublicKeyToken=null]]'.
2023-12-21 12:53:22.647 +05:30 [INF] Executed action FoodMenuApi.Controllers.MenuController.GetGalleryItemsAsync (FoodMenuApi) in 27.7344ms
2023-12-21 12:53:22.647 +05:30 [INF] Executed endpoint 'FoodMenuApi.Controllers.MenuController.GetGalleryItemsAsync (FoodMenuApi)'
2023-12-21 12:53:22.647 +05:30 [INF] Request finished HTTP/2 GET https://localhost:7249/api/Menu/Gallery - - - 200 - application/json;+charset=utf-8 28.6719ms
2023-12-21 12:53:42.363 +05:30 [INF] Request starting HTTP/2 GET https://localhost:7249/api/Menu/Gallery - -
2023-12-21 12:53:42.363 +05:30 [INF] CORS policy execution successful.
2023-12-21 12:53:42.364 +05:30 [INF] Executing endpoint 'FoodMenuApi.Controllers.MenuController.GetGalleryItemsAsync (FoodMenuApi)'
2023-12-21 12:53:42.364 +05:30 [INF] Route matched with {action = "GetGalleryItems", controller = "Menu"}. Executing controller action with signature System.Threading.Tasks.Task`1[Microsoft.AspNetCore.Mvc.IActionResult] GetGalleryItemsAsync() on controller FoodMenuApi.Controllers.MenuController (FoodMenuApi).
2023-12-21 12:53:42.390 +05:30 [INF] Executing OkObjectResult, writing value of type 'System.Collections.Generic.List`1[[FoodMenuApi.Models.FoodItem, FoodMenuApi, Version=1.0.0.0, Culture=neutral, PublicKeyToken=null]]'.
2023-12-21 12:53:42.391 +05:30 [INF] Executed action FoodMenuApi.Controllers.MenuController.GetGalleryItemsAsync (FoodMenuApi) in 27.4726ms
2023-12-21 12:53:42.391 +05:30 [INF] Executed endpoint 'FoodMenuApi.Controllers.MenuController.GetGalleryItemsAsync (FoodMenuApi)'
2023-12-21 12:53:42.391 +05:30 [INF] Request finished HTTP/2 GET https://localhost:7249/api/Menu/Gallery - - - 200 - application/json;+charset=utf-8 28.6770ms
2023-12-21 12:54:05.600 +05:30 [INF] Request starting HTTP/2 GET https://localhost:7249/api/Menu/Gallery - -
2023-12-21 12:54:05.600 +05:30 [INF] CORS policy execution successful.
2023-12-21 12:54:05.601 +05:30 [INF] Executing endpoint 'FoodMenuApi.Controllers.MenuController.GetGalleryItemsAsync (FoodMenuApi)'
2023-12-21 12:54:05.601 +05:30 [INF] Route matched with {action = "GetGalleryItems", controller = "Menu"}. Executing controller action with signature System.Threading.Tasks.Task`1[Microsoft.AspNetCore.Mvc.IActionResult] GetGalleryItemsAsync() on controller FoodMenuApi.Controllers.MenuController (FoodMenuApi).
2023-12-21 12:54:05.625 +05:30 [INF] Executing OkObjectResult, writing value of type 'System.Collections.Generic.List`1[[FoodMenuApi.Models.FoodItem, FoodMenuApi, Version=1.0.0.0, Culture=neutral, PublicKeyToken=null]]'.
2023-12-21 12:54:05.631 +05:30 [INF] Executed action FoodMenuApi.Controllers.MenuController.GetGalleryItemsAsync (FoodMenuApi) in 30.2551ms
2023-12-21 12:54:05.632 +05:30 [INF] Executed endpoint 'FoodMenuApi.Controllers.MenuController.GetGalleryItemsAsync (FoodMenuApi)'
2023-12-21 12:54:05.632 +05:30 [INF] Request finished HTTP/2 GET https://localhost:7249/api/Menu/Gallery - - - 200 - application/json;+charset=utf-8 31.9516ms
2023-12-21 12:54:25.000 +05:30 [INF] Request starting HTTP/2 GET https://localhost:7249/api/Menu/Gallery - -
2023-12-21 12:54:25.000 +05:30 [INF] CORS policy execution successful.
2023-12-21 12:54:25.001 +05:30 [INF] Executing endpoint 'FoodMenuApi.Controllers.MenuController.GetGalleryItemsAsync (FoodMenuApi)'
2023-12-21 12:54:25.001 +05:30 [INF] Route matched with {action = "GetGalleryItems", controller = "Menu"}. Executing controller action with signature System.Threading.Tasks.Task`1[Microsoft.AspNetCore.Mvc.IActionResult] GetGalleryItemsAsync() on controller FoodMenuApi.Controllers.MenuController (FoodMenuApi).
2023-12-21 12:54:25.034 +05:30 [INF] Executing OkObjectResult, writing value of type 'System.Collections.Generic.List`1[[FoodMenuApi.Models.FoodItem, FoodMenuApi, Version=1.0.0.0, Culture=neutral, PublicKeyToken=null]]'.
2023-12-21 12:54:25.037 +05:30 [INF] Executed action FoodMenuApi.Controllers.MenuController.GetGalleryItemsAsync (FoodMenuApi) in 35.9471ms
2023-12-21 12:54:25.037 +05:30 [INF] Executed endpoint 'FoodMenuApi.Controllers.MenuController.GetGalleryItemsAsync (FoodMenuApi)'
2023-12-21 12:54:25.037 +05:30 [INF] Request finished HTTP/2 GET https://localhost:7249/api/Menu/Gallery - - - 200 - application/json;+charset=utf-8 37.1164ms
2023-12-21 12:54:31.742 +05:30 [INF] Request starting HTTP/2 GET https://localhost:7249/api/Menu/Gallery - -
2023-12-21 12:54:31.742 +05:30 [INF] CORS policy execution successful.
2023-12-21 12:54:31.742 +05:30 [INF] Executing endpoint 'FoodMenuApi.Controllers.MenuController.GetGalleryItemsAsync (FoodMenuApi)'
2023-12-21 12:54:31.742 +05:30 [INF] Route matched with {action = "GetGalleryItems", controller = "Menu"}. Executing controller action with signature System.Threading.Tasks.Task`1[Microsoft.AspNetCore.Mvc.IActionResult] GetGalleryItemsAsync() on controller FoodMenuApi.Controllers.MenuController (FoodMenuApi).
2023-12-21 12:54:33.060 +05:30 [INF] Executing OkObjectResult, writing value of type 'System.Collections.Generic.List`1[[FoodMenuApi.Models.FoodItem, FoodMenuApi, Version=1.0.0.0, Culture=neutral, PublicKeyToken=null]]'.
2023-12-21 12:54:33.089 +05:30 [INF] Executed action FoodMenuApi.Controllers.MenuController.GetGalleryItemsAsync (FoodMenuApi) in 1346.6255ms
2023-12-21 12:54:33.089 +05:30 [INF] Executed endpoint 'FoodMenuApi.Controllers.MenuController.GetGalleryItemsAsync (FoodMenuApi)'
2023-12-21 12:54:33.091 +05:30 [INF] Request finished HTTP/2 GET https://localhost:7249/api/Menu/Gallery - - - 200 - application/json;+charset=utf-8 1348.6339ms
2023-12-21 12:54:55.556 +05:30 [INF] Request starting HTTP/2 GET https://localhost:7249/api/Menu/Categories - -
2023-12-21 12:54:55.556 +05:30 [INF] CORS policy execution successful.
2023-12-21 12:54:55.556 +05:30 [INF] Executing endpoint 'FoodMenuApi.Controllers.MenuController.GetAllFoodCategoriesAsync (FoodMenuApi)'
2023-12-21 12:54:55.556 +05:30 [INF] Route matched with {action = "GetAllFoodCategories", controller = "Menu"}. Executing controller action with signature System.Threading.Tasks.Task`1[Microsoft.AspNetCore.Mvc.IActionResult] GetAllFoodCategoriesAsync() on controller FoodMenuApi.Controllers.MenuController (FoodMenuApi).
2023-12-21 12:54:55.582 +05:30 [INF] Executing OkObjectResult, writing value of type 'System.Collections.Generic.List`1[[FoodMenuApi.Models.FoodCategory, FoodMenuApi, Version=1.0.0.0, Culture=neutral, PublicKeyToken=null]]'.
2023-12-21 12:54:55.587 +05:30 [INF] Executed action FoodMenuApi.Controllers.MenuController.GetAllFoodCategoriesAsync (FoodMenuApi) in 30.8825ms
2023-12-21 12:54:55.588 +05:30 [INF] Executed endpoint 'FoodMenuApi.Controllers.MenuController.GetAllFoodCategoriesAsync (FoodMenuApi)'
2023-12-21 12:54:55.589 +05:30 [INF] Request finished HTTP/2 GET https://localhost:7249/api/Menu/Categories - - - 200 - application/json;+charset=utf-8 32.6009ms
2023-12-21 13:00:00.254 +05:30 [INF] Request starting HTTP/2 GET https://localhost:7249/api/Menu/Gallery - -
2023-12-21 13:00:00.254 +05:30 [INF] CORS policy execution successful.
2023-12-21 13:00:00.254 +05:30 [INF] Executing endpoint 'FoodMenuApi.Controllers.MenuController.GetGalleryItemsAsync (FoodMenuApi)'
2023-12-21 13:00:00.254 +05:30 [INF] Route matched with {action = "GetGalleryItems", controller = "Menu"}. Executing controller action with signature System.Threading.Tasks.Task`1[Microsoft.AspNetCore.Mvc.IActionResult] GetGalleryItemsAsync() on controller FoodMenuApi.Controllers.MenuController (FoodMenuApi).
2023-12-21 13:00:00.417 +05:30 [INF] Executing OkObjectResult, writing value of type 'System.Collections.Generic.List`1[[FoodMenuApi.Models.FoodItem, FoodMenuApi, Version=1.0.0.0, Culture=neutral, PublicKeyToken=null]]'.
2023-12-21 13:00:00.419 +05:30 [INF] Executed action FoodMenuApi.Controllers.MenuController.GetGalleryItemsAsync (FoodMenuApi) in 163.9605ms
2023-12-21 13:00:00.419 +05:30 [INF] Executed endpoint 'FoodMenuApi.Controllers.MenuController.GetGalleryItemsAsync (FoodMenuApi)'
2023-12-21 13:00:00.419 +05:30 [INF] Request finished HTTP/2 GET https://localhost:7249/api/Menu/Gallery - - - 200 - application/json;+charset=utf-8 164.6606ms
2023-12-21 13:02:58.644 +05:30 [INF] Request starting HTTP/2 GET https://localhost:7249/api/Menu/Categories - -
2023-12-21 13:02:58.644 +05:30 [INF] CORS policy execution successful.
2023-12-21 13:02:58.644 +05:30 [INF] Executing endpoint 'FoodMenuApi.Controllers.MenuController.GetAllFoodCategoriesAsync (FoodMenuApi)'
2023-12-21 13:02:58.645 +05:30 [INF] Route matched with {action = "GetAllFoodCategories", controller = "Menu"}. Executing controller action with signature System.Threading.Tasks.Task`1[Microsoft.AspNetCore.Mvc.IActionResult] GetAllFoodCategoriesAsync() on controller FoodMenuApi.Controllers.MenuController (FoodMenuApi).
2023-12-21 13:02:58.665 +05:30 [INF] Executing OkObjectResult, writing value of type 'System.Collections.Generic.List`1[[FoodMenuApi.Models.FoodCategory, FoodMenuApi, Version=1.0.0.0, Culture=neutral, PublicKeyToken=null]]'.
2023-12-21 13:02:58.669 +05:30 [INF] Executed action FoodMenuApi.Controllers.MenuController.GetAllFoodCategoriesAsync (FoodMenuApi) in 24.1618ms
2023-12-21 13:02:58.669 +05:30 [INF] Executed endpoint 'FoodMenuApi.Controllers.MenuController.GetAllFoodCategoriesAsync (FoodMenuApi)'
2023-12-21 13:02:58.670 +05:30 [INF] Request finished HTTP/2 GET https://localhost:7249/api/Menu/Categories - - - 200 - application/json;+charset=utf-8 24.9691ms
2023-12-21 13:10:21.888 +05:30 [INF] Request starting HTTP/2 GET https://localhost:7249/api/Menu/Categories - -
2023-12-21 13:10:21.888 +05:30 [INF] CORS policy execution successful.
2023-12-21 13:10:21.888 +05:30 [INF] Executing endpoint 'FoodMenuApi.Controllers.MenuController.GetAllFoodCategoriesAsync (FoodMenuApi)'
2023-12-21 13:10:21.888 +05:30 [INF] Route matched with {action = "GetAllFoodCategories", controller = "Menu"}. Executing controller action with signature System.Threading.Tasks.Task`1[Microsoft.AspNetCore.Mvc.IActionResult] GetAllFoodCategoriesAsync() on controller FoodMenuApi.Controllers.MenuController (FoodMenuApi).
2023-12-21 13:10:21.924 +05:30 [INF] Executing OkObjectResult, writing value of type 'System.Collections.Generic.List`1[[FoodMenuApi.Models.FoodCategory, FoodMenuApi, Version=1.0.0.0, Culture=neutral, PublicKeyToken=null]]'.
2023-12-21 13:10:21.930 +05:30 [INF] Executed action FoodMenuApi.Controllers.MenuController.GetAllFoodCategoriesAsync (FoodMenuApi) in 41.4675ms
2023-12-21 13:10:21.930 +05:30 [INF] Executed endpoint 'FoodMenuApi.Controllers.MenuController.GetAllFoodCategoriesAsync (FoodMenuApi)'
2023-12-21 13:10:21.930 +05:30 [INF] Request finished HTTP/2 GET https://localhost:7249/api/Menu/Categories - - - 200 - application/json;+charset=utf-8 42.3736ms
2023-12-21 13:35:22.714 +05:30 [INF] Request starting HTTP/2 GET https://localhost:7249/api/Menu/Categories - -
2023-12-21 13:35:22.714 +05:30 [INF] CORS policy execution successful.
2023-12-21 13:35:22.714 +05:30 [INF] Executing endpoint 'FoodMenuApi.Controllers.MenuController.GetAllFoodCategoriesAsync (FoodMenuApi)'
2023-12-21 13:35:22.714 +05:30 [INF] Route matched with {action = "GetAllFoodCategories", controller = "Menu"}. Executing controller action with signature System.Threading.Tasks.Task`1[Microsoft.AspNetCore.Mvc.IActionResult] GetAllFoodCategoriesAsync() on controller FoodMenuApi.Controllers.MenuController (FoodMenuApi).
2023-12-21 13:35:24.156 +05:30 [INF] Executing OkObjectResult, writing value of type 'System.Collections.Generic.List`1[[FoodMenuApi.Models.FoodCategory, FoodMenuApi, Version=1.0.0.0, Culture=neutral, PublicKeyToken=null]]'.
2023-12-21 13:35:24.180 +05:30 [INF] Executed action FoodMenuApi.Controllers.MenuController.GetAllFoodCategoriesAsync (FoodMenuApi) in 1465.2486ms
2023-12-21 13:35:24.180 +05:30 [INF] Executed endpoint 'FoodMenuApi.Controllers.MenuController.GetAllFoodCategoriesAsync (FoodMenuApi)'
2023-12-21 13:35:24.180 +05:30 [INF] Request finished HTTP/2 GET https://localhost:7249/api/Menu/Categories - - - 200 - application/json;+charset=utf-8 1466.4248ms
2023-12-21 13:40:53.887 +05:30 [INF] Request starting HTTP/2 GET https://localhost:7249/api/Menu/Categories - -
2023-12-21 13:40:53.887 +05:30 [INF] CORS policy execution successful.
2023-12-21 13:40:53.887 +05:30 [INF] Executing endpoint 'FoodMenuApi.Controllers.MenuController.GetAllFoodCategoriesAsync (FoodMenuApi)'
2023-12-21 13:40:53.887 +05:30 [INF] Route matched with {action = "GetAllFoodCategories", controller = "Menu"}. Executing controller action with signature System.Threading.Tasks.Task`1[Microsoft.AspNetCore.Mvc.IActionResult] GetAllFoodCategoriesAsync() on controller FoodMenuApi.Controllers.MenuController (FoodMenuApi).
2023-12-21 13:40:55.864 +05:30 [INF] Executing OkObjectResult, writing value of type 'System.Collections.Generic.List`1[[FoodMenuApi.Models.FoodCategory, FoodMenuApi, Version=1.0.0.0, Culture=neutral, PublicKeyToken=null]]'.
2023-12-21 13:40:57.251 +05:30 [INF] Executed action FoodMenuApi.Controllers.MenuController.GetAllFoodCategoriesAsync (FoodMenuApi) in 3363.7465ms
2023-12-21 13:40:57.251 +05:30 [INF] Executed endpoint 'FoodMenuApi.Controllers.MenuController.GetAllFoodCategoriesAsync (FoodMenuApi)'
2023-12-21 13:40:57.251 +05:30 [INF] Request finished HTTP/2 GET https://localhost:7249/api/Menu/Categories - - - 0 - application/json;+charset=utf-8 3364.4701ms
2023-12-21 13:40:59.195 +05:30 [INF] Request starting HTTP/2 GET https://localhost:7249/api/Menu/Categories - -
2023-12-21 13:40:59.195 +05:30 [INF] CORS policy execution successful.
2023-12-21 13:40:59.196 +05:30 [INF] Executing endpoint 'FoodMenuApi.Controllers.MenuController.GetAllFoodCategoriesAsync (FoodMenuApi)'
2023-12-21 13:40:59.196 +05:30 [INF] Route matched with {action = "GetAllFoodCategories", controller = "Menu"}. Executing controller action with signature System.Threading.Tasks.Task`1[Microsoft.AspNetCore.Mvc.IActionResult] GetAllFoodCategoriesAsync() on controller FoodMenuApi.Controllers.MenuController (FoodMenuApi).
2023-12-21 13:40:59.478 +05:30 [INF] Executing OkObjectResult, writing value of type 'System.Collections.Generic.List`1[[FoodMenuApi.Models.FoodCategory, FoodMenuApi, Version=1.0.0.0, Culture=neutral, PublicKeyToken=null]]'.
2023-12-21 13:40:59.490 +05:30 [INF] Executed action FoodMenuApi.Controllers.MenuController.GetAllFoodCategoriesAsync (FoodMenuApi) in 294.0356ms
2023-12-21 13:40:59.490 +05:30 [INF] Executed endpoint 'FoodMenuApi.Controllers.MenuController.GetAllFoodCategoriesAsync (FoodMenuApi)'
2023-12-21 13:40:59.490 +05:30 [INF] Request finished HTTP/2 GET https://localhost:7249/api/Menu/Categories - - - 200 - application/json;+charset=utf-8 295.2967ms
2023-12-21 13:44:43.538 +05:30 [INF] Request starting HTTP/2 GET https://localhost:7249/api/Menu/Categories - -
2023-12-21 13:44:43.539 +05:30 [INF] CORS policy execution successful.
2023-12-21 13:44:43.539 +05:30 [INF] Executing endpoint 'FoodMenuApi.Controllers.MenuController.GetAllFoodCategoriesAsync (FoodMenuApi)'
2023-12-21 13:44:43.539 +05:30 [INF] Route matched with {action = "GetAllFoodCategories", controller = "Menu"}. Executing controller action with signature System.Threading.Tasks.Task`1[Microsoft.AspNetCore.Mvc.IActionResult] GetAllFoodCategoriesAsync() on controller FoodMenuApi.Controllers.MenuController (FoodMenuApi).
2023-12-21 13:44:44.806 +05:30 [INF] Executing OkObjectResult, writing value of type 'System.Collections.Generic.List`1[[FoodMenuApi.Models.FoodCategory, FoodMenuApi, Version=1.0.0.0, Culture=neutral, PublicKeyToken=null]]'.
2023-12-21 13:44:44.819 +05:30 [INF] Executed action FoodMenuApi.Controllers.MenuController.GetAllFoodCategoriesAsync (FoodMenuApi) in 1280.0084ms
2023-12-21 13:44:44.819 +05:30 [INF] Executed endpoint 'FoodMenuApi.Controllers.MenuController.GetAllFoodCategoriesAsync (FoodMenuApi)'
2023-12-21 13:44:44.819 +05:30 [INF] Request finished HTTP/2 GET https://localhost:7249/api/Menu/Categories - - - 200 - application/json;+charset=utf-8 1280.8537ms
2023-12-21 13:46:29.478 +05:30 [INF] Request starting HTTP/2 GET https://localhost:7249/api/Menu/Categories - -
2023-12-21 13:46:31.226 +05:30 [INF] CORS policy execution successful.
2023-12-21 13:46:31.226 +05:30 [INF] Executing endpoint 'FoodMenuApi.Controllers.MenuController.GetAllFoodCategoriesAsync (FoodMenuApi)'
2023-12-21 13:46:31.226 +05:30 [INF] Route matched with {action = "GetAllFoodCategories", controller = "Menu"}. Executing controller action with signature System.Threading.Tasks.Task`1[Microsoft.AspNetCore.Mvc.IActionResult] GetAllFoodCategoriesAsync() on controller FoodMenuApi.Controllers.MenuController (FoodMenuApi).
2023-12-21 13:46:32.375 +05:30 [INF] Executing OkObjectResult, writing value of type 'System.Collections.Generic.List`1[[FoodMenuApi.Models.FoodCategory, FoodMenuApi, Version=1.0.0.0, Culture=neutral, PublicKeyToken=null]]'.
2023-12-21 13:46:32.380 +05:30 [INF] Executed action FoodMenuApi.Controllers.MenuController.GetAllFoodCategoriesAsync (FoodMenuApi) in 1154.1753ms
2023-12-21 13:46:32.381 +05:30 [INF] Executed endpoint 'FoodMenuApi.Controllers.MenuController.GetAllFoodCategoriesAsync (FoodMenuApi)'
2023-12-21 13:46:32.381 +05:30 [INF] Request finished HTTP/2 GET https://localhost:7249/api/Menu/Categories - - - 200 - application/json;+charset=utf-8 2902.8170ms
2023-12-21 13:48:01.798 +05:30 [INF] Request starting HTTP/2 GET https://localhost:7249/api/Menu/Categories - -
2023-12-21 13:48:01.798 +05:30 [INF] CORS policy execution successful.
2023-12-21 13:48:01.798 +05:30 [INF] Executing endpoint 'FoodMenuApi.Controllers.MenuController.GetAllFoodCategoriesAsync (FoodMenuApi)'
2023-12-21 13:48:01.801 +05:30 [INF] Route matched with {action = "GetAllFoodCategories", controller = "Menu"}. Executing controller action with signature System.Threading.Tasks.Task`1[Microsoft.AspNetCore.Mvc.IActionResult] GetAllFoodCategoriesAsync() on controller FoodMenuApi.Controllers.MenuController (FoodMenuApi).
2023-12-21 13:48:03.358 +05:30 [INF] Executing OkObjectResult, writing value of type 'System.Collections.Generic.List`1[[FoodMenuApi.Models.FoodCategory, FoodMenuApi, Version=1.0.0.0, Culture=neutral, PublicKeyToken=null]]'.
2023-12-21 13:48:03.398 +05:30 [INF] Executed action FoodMenuApi.Controllers.MenuController.GetAllFoodCategoriesAsync (FoodMenuApi) in 1593.5196ms
2023-12-21 13:48:03.399 +05:30 [INF] Executed endpoint 'FoodMenuApi.Controllers.MenuController.GetAllFoodCategoriesAsync (FoodMenuApi)'
2023-12-21 13:48:03.399 +05:30 [INF] Request finished HTTP/2 GET https://localhost:7249/api/Menu/Categories - - - 200 - application/json;+charset=utf-8 1600.7831ms
2023-12-21 13:49:37.835 +05:30 [INF] Request starting HTTP/2 GET https://localhost:7249/api/Menu/Categories - -
2023-12-21 13:49:37.835 +05:30 [INF] CORS policy execution successful.
2023-12-21 13:49:37.835 +05:30 [INF] Executing endpoint 'FoodMenuApi.Controllers.MenuController.GetAllFoodCategoriesAsync (FoodMenuApi)'
2023-12-21 13:49:37.835 +05:30 [INF] Route matched with {action = "GetAllFoodCategories", controller = "Menu"}. Executing controller action with signature System.Threading.Tasks.Task`1[Microsoft.AspNetCore.Mvc.IActionResult] GetAllFoodCategoriesAsync() on controller FoodMenuApi.Controllers.MenuController (FoodMenuApi).
2023-12-21 13:49:38.697 +05:30 [INF] Executing OkObjectResult, writing value of type 'System.Collections.Generic.List`1[[FoodMenuApi.Models.FoodCategory, FoodMenuApi, Version=1.0.0.0, Culture=neutral, PublicKeyToken=null]]'.
2023-12-21 13:49:38.895 +05:30 [INF] Executed action FoodMenuApi.Controllers.MenuController.GetAllFoodCategoriesAsync (FoodMenuApi) in 1060.2976ms
2023-12-21 13:49:38.895 +05:30 [INF] Executed endpoint 'FoodMenuApi.Controllers.MenuController.GetAllFoodCategoriesAsync (FoodMenuApi)'
2023-12-21 13:49:38.895 +05:30 [INF] Request finished HTTP/2 GET https://localhost:7249/api/Menu/Categories - - - 200 - application/json;+charset=utf-8 1060.9923ms
2023-12-21 13:50:58.102 +05:30 [INF] Request starting HTTP/2 GET https://localhost:7249/api/Menu/Categories - -
2023-12-21 13:50:58.102 +05:30 [INF] CORS policy execution successful.
2023-12-21 13:50:58.102 +05:30 [INF] Executing endpoint 'FoodMenuApi.Controllers.MenuController.GetAllFoodCategoriesAsync (FoodMenuApi)'
2023-12-21 13:50:58.103 +05:30 [INF] Route matched with {action = "GetAllFoodCategories", controller = "Menu"}. Executing controller action with signature System.Threading.Tasks.Task`1[Microsoft.AspNetCore.Mvc.IActionResult] GetAllFoodCategoriesAsync() on controller FoodMenuApi.Controllers.MenuController (FoodMenuApi).
2023-12-21 13:50:58.132 +05:30 [INF] Executing OkObjectResult, writing value of type 'System.Collections.Generic.List`1[[FoodMenuApi.Models.FoodCategory, FoodMenuApi, Version=1.0.0.0, Culture=neutral, PublicKeyToken=null]]'.
2023-12-21 13:50:58.138 +05:30 [INF] Executed action FoodMenuApi.Controllers.MenuController.GetAllFoodCategoriesAsync (FoodMenuApi) in 35.268ms
2023-12-21 13:50:58.138 +05:30 [INF] Executed endpoint 'FoodMenuApi.Controllers.MenuController.GetAllFoodCategoriesAsync (FoodMenuApi)'
2023-12-21 13:50:58.138 +05:30 [INF] Request finished HTTP/2 GET https://localhost:7249/api/Menu/Categories - - - 200 - application/json;+charset=utf-8 36.2797ms
2023-12-21 13:52:48.218 +05:30 [INF] Request starting HTTP/2 GET https://localhost:7249/api/Menu/Categories - -
2023-12-21 13:52:48.219 +05:30 [INF] CORS policy execution successful.
2023-12-21 13:52:48.219 +05:30 [INF] Executing endpoint 'FoodMenuApi.Controllers.MenuController.GetAllFoodCategoriesAsync (FoodMenuApi)'
2023-12-21 13:52:48.219 +05:30 [INF] Route matched with {action = "GetAllFoodCategories", controller = "Menu"}. Executing controller action with signature System.Threading.Tasks.Task`1[Microsoft.AspNetCore.Mvc.IActionResult] GetAllFoodCategoriesAsync() on controller FoodMenuApi.Controllers.MenuController (FoodMenuApi).
2023-12-21 13:52:48.521 +05:30 [INF] Executing OkObjectResult, writing value of type 'System.Collections.Generic.List`1[[FoodMenuApi.Models.FoodCategory, FoodMenuApi, Version=1.0.0.0, Culture=neutral, PublicKeyToken=null]]'.
2023-12-21 13:52:48.762 +05:30 [INF] Executed action FoodMenuApi.Controllers.MenuController.GetAllFoodCategoriesAsync (FoodMenuApi) in 542.7701ms
2023-12-21 13:52:48.762 +05:30 [INF] Executed endpoint 'FoodMenuApi.Controllers.MenuController.GetAllFoodCategoriesAsync (FoodMenuApi)'
2023-12-21 13:52:48.763 +05:30 [INF] Request finished HTTP/2 GET https://localhost:7249/api/Menu/Categories - - - 200 - application/json;+charset=utf-8 921.9553ms
2023-12-21 13:59:47.917 +05:30 [INF] Request starting HTTP/2 GET https://localhost:7249/api/Menu/Gallery - -
2023-12-21 13:59:47.918 +05:30 [INF] CORS policy execution successful.
2023-12-21 13:59:47.918 +05:30 [INF] Executing endpoint 'FoodMenuApi.Controllers.MenuController.GetGalleryItemsAsync (FoodMenuApi)'
2023-12-21 13:59:47.918 +05:30 [INF] Route matched with {action = "GetGalleryItems", controller = "Menu"}. Executing controller action with signature System.Threading.Tasks.Task`1[Microsoft.AspNetCore.Mvc.IActionResult] GetGalleryItemsAsync() on controller FoodMenuApi.Controllers.MenuController (FoodMenuApi).
2023-12-21 13:59:48.901 +05:30 [INF] Executing OkObjectResult, writing value of type 'System.Collections.Generic.List`1[[FoodMenuApi.Models.FoodItem, FoodMenuApi, Version=1.0.0.0, Culture=neutral, PublicKeyToken=null]]'.
2023-12-21 13:59:48.903 +05:30 [INF] Executed action FoodMenuApi.Controllers.MenuController.GetGalleryItemsAsync (FoodMenuApi) in 985.4962ms
2023-12-21 13:59:48.904 +05:30 [INF] Executed endpoint 'FoodMenuApi.Controllers.MenuController.GetGalleryItemsAsync (FoodMenuApi)'
2023-12-21 13:59:48.904 +05:30 [INF] Request finished HTTP/2 GET https://localhost:7249/api/Menu/Gallery - - - 200 - application/json;+charset=utf-8 987.9754ms
2023-12-21 14:00:44.660 +05:30 [INF] Request starting HTTP/2 GET https://localhost:7249/api/Menu/19 - -
2023-12-21 14:00:45.105 +05:30 [INF] CORS policy execution successful.
2023-12-21 14:00:45.232 +05:30 [INF] Request finished HTTP/2 GET https://localhost:7249/api/Menu/19 - - - 404 0 - 571.6511ms
2023-12-21 14:00:49.346 +05:30 [INF] Request starting HTTP/2 GET https://localhost:7249/api/Menu/20 - -
2023-12-21 14:00:49.346 +05:30 [INF] CORS policy execution successful.
2023-12-21 14:00:49.347 +05:30 [INF] Request finished HTTP/2 GET https://localhost:7249/api/Menu/20 - - - 404 0 - 0.6277ms
2023-12-21 14:00:53.076 +05:30 [INF] Request starting HTTP/2 GET https://localhost:7249/api/Menu/21 - -
2023-12-21 14:00:53.076 +05:30 [INF] CORS policy execution successful.
2023-12-21 14:00:53.076 +05:30 [INF] Request finished HTTP/2 GET https://localhost:7249/api/Menu/21 - - - 404 0 - 0.4123ms
2023-12-21 14:13:25.725 +05:30 [INF] Request starting HTTP/2 GET https://localhost:7249/ - -
2023-12-21 14:13:27.391 +05:30 [INF] Request finished HTTP/2 GET https://localhost:7249/ - - - 404 0 - 1665.6121ms
2023-12-21 14:13:31.560 +05:30 [INF] Request starting HTTP/2 GET https://localhost:7249/swagger/index.html - -
2023-12-21 14:13:32.807 +05:30 [INF] Request finished HTTP/2 GET https://localhost:7249/swagger/index.html - - - 200 - text/html;charset=utf-8 1246.6858ms
2023-12-21 14:13:33.014 +05:30 [INF] Request starting HTTP/2 GET https://localhost:7249/_framework/aspnetcore-browser-refresh.js - -
2023-12-21 14:13:33.045 +05:30 [INF] Request finished HTTP/2 GET https://localhost:7249/_framework/aspnetcore-browser-refresh.js - - - 200 11966 application/javascript;+charset=utf-8 30.9266ms
2023-12-21 14:13:33.515 +05:30 [INF] Request starting HTTP/2 GET https://localhost:7249/swagger/v1/swagger.json - -
2023-12-21 14:13:34.971 +05:30 [INF] Request finished HTTP/2 GET https://localhost:7249/swagger/v1/swagger.json - - - 200 - application/json;charset=utf-8 1456.3097ms
2023-12-21 14:18:20.033 +05:30 [INF] Request starting HTTP/2 GET https://localhost:7249/_framework/aspnetcore-browser-refresh.js - -
2023-12-21 14:18:20.034 +05:30 [INF] Request finished HTTP/2 GET https://localhost:7249/_framework/aspnetcore-browser-refresh.js - - - 200 11966 application/javascript;+charset=utf-8 0.3271ms
2023-12-21 14:18:20.236 +05:30 [INF] Request starting HTTP/2 GET https://localhost:7249/swagger/v1/swagger.json - -
2023-12-21 14:18:20.239 +05:30 [INF] Request finished HTTP/2 GET https://localhost:7249/swagger/v1/swagger.json - - - 200 - application/json;charset=utf-8 3.3084ms
2023-12-21 14:22:09.876 +05:30 [INF] Request starting HTTP/2 GET https://localhost:7249/api/Menu/Categories - -
2023-12-21 14:22:09.876 +05:30 [INF] CORS policy execution successful.
2023-12-21 14:22:09.876 +05:30 [INF] Executing endpoint 'FoodMenuApi.Controllers.MenuController.GetAllFoodCategoriesAsync (FoodMenuApi)'
2023-12-21 14:22:09.876 +05:30 [INF] Route matched with {action = "GetAllFoodCategories", controller = "Menu"}. Executing controller action with signature System.Threading.Tasks.Task`1[Microsoft.AspNetCore.Mvc.IActionResult] GetAllFoodCategoriesAsync() on controller FoodMenuApi.Controllers.MenuController (FoodMenuApi).
2023-12-21 14:22:12.409 +05:30 [INF] Executing OkObjectResult, writing value of type 'System.Collections.Generic.List`1[[FoodMenuApi.Models.FoodCategory, FoodMenuApi, Version=1.0.0.0, Culture=neutral, PublicKeyToken=null]]'.
2023-12-21 14:22:12.453 +05:30 [INF] Executed action FoodMenuApi.Controllers.MenuController.GetAllFoodCategoriesAsync (FoodMenuApi) in 2577.1153ms
2023-12-21 14:22:12.453 +05:30 [INF] Executed endpoint 'FoodMenuApi.Controllers.MenuController.GetAllFoodCategoriesAsync (FoodMenuApi)'
2023-12-21 14:22:12.454 +05:30 [INF] Request finished HTTP/2 GET https://localhost:7249/api/Menu/Categories - - - 0 - application/json;+charset=utf-8 2577.9997ms
2023-12-21 14:22:24.776 +05:30 [INF] Request starting HTTP/2 GET https://localhost:7249/api/Menu/Categories - -
2023-12-21 14:22:24.776 +05:30 [INF] CORS policy execution successful.
2023-12-21 14:22:24.776 +05:30 [INF] Executing endpoint 'FoodMenuApi.Controllers.MenuController.GetAllFoodCategoriesAsync (FoodMenuApi)'
2023-12-21 14:22:24.776 +05:30 [INF] Route matched with {action = "GetAllFoodCategories", controller = "Menu"}. Executing controller action with signature System.Threading.Tasks.Task`1[Microsoft.AspNetCore.Mvc.IActionResult] GetAllFoodCategoriesAsync() on controller FoodMenuApi.Controllers.MenuController (FoodMenuApi).
2023-12-21 14:22:24.910 +05:30 [INF] Executing OkObjectResult, writing value of type 'System.Collections.Generic.List`1[[FoodMenuApi.Models.FoodCategory, FoodMenuApi, Version=1.0.0.0, Culture=neutral, PublicKeyToken=null]]'.
2023-12-21 14:22:24.915 +05:30 [INF] Executed action FoodMenuApi.Controllers.MenuController.GetAllFoodCategoriesAsync (FoodMenuApi) in 139.4219ms
2023-12-21 14:22:24.916 +05:30 [INF] Executed endpoint 'FoodMenuApi.Controllers.MenuController.GetAllFoodCategoriesAsync (FoodMenuApi)'
2023-12-21 14:22:24.916 +05:30 [INF] Request finished HTTP/2 GET https://localhost:7249/api/Menu/Categories - - - 200 - application/json;+charset=utf-8 139.9825ms
2023-12-21 15:22:06.905 +05:30 [WRN] As of ""2023-12-21T09:51:59.8346670+00:00"", the heartbeat has been running for ""00:00:01.0327585"" which is longer than ""00:00:01"". This could be caused by thread pool starvation.
2023-12-21 19:07:07.721 +05:30 [INF] Now listening on: https://localhost:7249
2023-12-21 19:07:07.932 +05:30 [INF] Now listening on: http://localhost:5189
2023-12-21 19:07:07.943 +05:30 [INF] Application started. Press Ctrl+C to shut down.
2023-12-21 19:07:07.945 +05:30 [INF] Hosting environment: Development
2023-12-21 19:07:07.945 +05:30 [INF] Content root path: C:\Users\Arularasi\Google Drive\MY FILES\Aspire Systems\Angular\Code\Application\Asp.Net Web API\Image Upload\FoodMenuApi\
2023-12-21 19:07:10.769 +05:30 [INF] Request starting HTTP/2 GET https://localhost:7249/swagger/index.html - -
2023-12-21 19:07:11.381 +05:30 [INF] Request finished HTTP/2 GET https://localhost:7249/swagger/index.html - - - 200 - text/html;charset=utf-8 617.8602ms
2023-12-21 19:07:11.392 +05:30 [INF] Request starting HTTP/2 GET https://localhost:7249/_framework/aspnetcore-browser-refresh.js - -
2023-12-21 19:07:11.399 +05:30 [INF] Request finished HTTP/2 GET https://localhost:7249/_framework/aspnetcore-browser-refresh.js - - - 200 11966 application/javascript;+charset=utf-8 6.4908ms
2023-12-21 19:07:11.899 +05:30 [INF] Request starting HTTP/2 GET https://localhost:7249/swagger/v1/swagger.json - -
2023-12-21 19:07:12.103 +05:30 [INF] Request finished HTTP/2 GET https://localhost:7249/swagger/v1/swagger.json - - - 200 - application/json;charset=utf-8 203.9791ms
